<?xml version="1.0" encoding="UTF-8"?><testsuite errors="0" failures="0" name="Atendimento cliente troca simplificada pedido finan" skipped="5" tests="5" time="0.01" timestamp="2018-08-24T14:41:26.518-03:00[America/Sao_Paulo]"><testcase name="Elaborar um pedido a vista com empenho em loja/normal"><skipped/></testcase><testcase name="Efetua o recebimento do pedido - OBS."><skipped/></testcase><testcase name="Elaborar um atendimento para o pedido realizado"><skipped/></testcase><testcase name="Fatura o pedido criado na troca simplificada"><skipped/></testcase><testcase name="Realiza o Recolhimento de Produto"><skipped/></testcase></testsuite>