<?xml version="1.0" encoding="UTF-8"?><testsuite errors="1" failures="0" name="Pedido kit remove sem estoque37" skipped="0" tests="1" time="173.99" timestamp="2018-08-24T14:34:06.387-03:00[America/Sao_Paulo]"><testcase name="Elaborar um pedido com KIT e empenho em DEPOSITO/NORMAL pagamento a vista"><error message="The following error occurred: Element &lt;a id=&quot;tab-planilha&quot; href=&quot;#aba-planilha&quot;&gt; is not clickable at point (510.5,272) because another element &lt;div class=&quot;row &quot;&gt; obscures it&#10;Build info: version: '3.12.0', revision: '7c6e0b3', time: '2018-05-08T14:04:26.12Z'&#10;System info: host: 'WS-SBDEV-851', ip: '127.0.1.1', os.name: 'Linux', os.arch: 'amd64', os.version: '4.8.0-53-generic', java.version: '1.8.0_162'&#10;Driver info: org.openqa.selenium.remote.RemoteWebDriver&#10;Capabilities {acceptInsecureCerts: true, browserName: firefox, browserVersion: 59.0.2, javascriptEnabled: true, moz:accessibilityChecks: false, moz:headless: false, moz:processID: 28868, moz:profile: /tmp/rust_mozprofile.IvWIZv..., moz:useNonSpecCompliantPointerOrigin: false, moz:webdriverClick: true, pageLoadStrategy: normal, platform: LINUX, platformName: LINUX, platformVersion: 4.8.0-53-generic, rotatable: false, timeouts: {implicit: 0, pageLoad: 300000, script: 30000}}&#10;Session ID: 6bec37ab-1f98-44e0-be43-7ffe434bab1f" type="org.openqa.selenium.ElementClickInterceptedException">The following error occurred: Element &lt;a id="tab-planilha" href="#aba-planilha"&gt; is not clickable at point (510.5,272) because another element &lt;div class="row "&gt; obscures it
Build info: version: '3.12.0', revision: '7c6e0b3', time: '2018-05-08T14:04:26.12Z'
System info: host: 'WS-SBDEV-851', ip: '127.0.1.1', os.name: 'Linux', os.arch: 'amd64', os.version: '4.8.0-53-generic', java.version: '1.8.0_162'
Driver info: org.openqa.selenium.remote.RemoteWebDriver
Capabilities {acceptInsecureCerts: true, browserName: firefox, browserVersion: 59.0.2, javascriptEnabled: true, moz:accessibilityChecks: false, moz:headless: false, moz:processID: 28868, moz:profile: /tmp/rust_mozprofile.IvWIZv..., moz:useNonSpecCompliantPointerOrigin: false, moz:webdriverClick: true, pageLoadStrategy: normal, platform: LINUX, platformName: LINUX, platformVersion: 4.8.0-53-generic, rotatable: false, timeouts: {implicit: 0, pageLoad: 300000, script: 30000}}
Session ID: 6bec37ab-1f98-44e0-be43-7ffe434bab1f</error><system-err>The following error occurred: Element &lt;a id="tab-planilha" href="#aba-planilha"&gt; is not clickable at point (510.5,272) because another element &lt;div class="row "&gt; obscures it
Build info: version: '3.12.0', revision: '7c6e0b3', time: '2018-05-08T14:04:26.12Z'
System info: host: 'WS-SBDEV-851', ip: '127.0.1.1', os.name: 'Linux', os.arch: 'amd64', os.version: '4.8.0-53-generic', java.version: '1.8.0_162'
Driver info: org.openqa.selenium.remote.RemoteWebDriver
Capabilities {acceptInsecureCerts: true, browserName: firefox, browserVersion: 59.0.2, javascriptEnabled: true, moz:accessibilityChecks: false, moz:headless: false, moz:processID: 28868, moz:profile: /tmp/rust_mozprofile.IvWIZv..., moz:useNonSpecCompliantPointerOrigin: false, moz:webdriverClick: true, pageLoadStrategy: normal, platform: LINUX, platformName: LINUX, platformVersion: 4.8.0-53-generic, rotatable: false, timeouts: {implicit: 0, pageLoad: 300000, script: 30000}}
Session ID: 6bec37ab-1f98-44e0-be43-7ffe434bab1f
br.com.mv.pages.PedidoPage.clicarNaAba(PedidoPage.java:363)
br.com.mv.steps.PedidoSteps.euClicoNaAba(PedidoSteps.java:193)
</system-err></testcase></testsuite>