<?xml version="1.0" encoding="UTF-8"?><testsuite errors="0" failures="0" name="Atendimento cliente troca simplificada deposito" skipped="12" tests="12" time="0.02" timestamp="2018-08-24T14:27:11.823-03:00[America/Sao_Paulo]"><testcase name="Elaborar um pedido a vista com empenho em deposito/normal"><skipped/></testcase><testcase name="Efetua o recebimento do pedido"><skipped/></testcase><testcase name="Cria a carga para associar ao controle de faturamento"><skipped/></testcase><testcase name="Cria a nota de transferencia do CD 47 para o CD 221"><skipped/></testcase><testcase name="Processa a nota de transferencia a nota no CD 221"><skipped/></testcase><testcase name="Fatura a nota de transferencia a nota no CD 221"><skipped/></testcase><testcase name="Elaborar um atendimento para o pedido realizado"><skipped/></testcase><testcase name="Cria a carga para associar ao controle de faturamento TIPO R"><skipped/></testcase><testcase name="Cria a nota de transferencia do CD 47 para o CD 221"><skipped/></testcase><testcase name="Processa a nota de transferencia a nota no CD 221"><skipped/></testcase><testcase name="Fatura a nota de transferencia a nota no CD 221"><skipped/></testcase><testcase name="Realiza o Recolhimento de Produto"><skipped/></testcase></testsuite>