<?xml version="1.0" encoding="UTF-8"?><testsuite errors="1" failures="0" name="Pedido promocao kit35" skipped="0" tests="1" time="69.39" timestamp="2018-08-24T14:37:02.743-03:00[America/Sao_Paulo]"><testcase name="Elaborar um pedido a vista com DEPOSITO/RETIRADA OUTRA LOJA COM RESERVA DEPOSITO"><error message="Element &lt;input class=&quot;ace radio-seleciona-promocao&quot; name=&quot;form-field-radio-promocao&quot; type=&quot;radio&quot;&gt; is not clickable at point (522,257.3333282470703) because another element &lt;div id=&quot;_mv_aguarde_&quot; class=&quot;&quot;&gt; obscures it&#10;Build info: version: '3.12.0', revision: '7c6e0b3', time: '2018-05-08T14:04:26.12Z'&#10;System info: host: 'WS-SBDEV-851', ip: '127.0.1.1', os.name: 'Linux', os.arch: 'amd64', os.version: '4.8.0-53-generic', java.version: '1.8.0_162'&#10;Driver info: org.openqa.selenium.remote.RemoteWebDriver&#10;Capabilities {acceptInsecureCerts: true, browserName: firefox, browserVersion: 59.0.2, javascriptEnabled: true, moz:accessibilityChecks: false, moz:headless: false, moz:processID: 29178, moz:profile: /tmp/rust_mozprofile.mq7FGZ..., moz:useNonSpecCompliantPointerOrigin: false, moz:webdriverClick: true, pageLoadStrategy: normal, platform: LINUX, platformName: LINUX, platformVersion: 4.8.0-53-generic, rotatable: false, timeouts: {implicit: 0, pageLoad: 300000, script: 30000}}&#10;Session ID: 87f20083-6a06-4158-9070-ec9052c49719&#10;Build info: version: '3.12.0', revision: '7c6e0b3', time: '2018-05-08T14:04:26.12Z'&#10;System info: host: 'WS-SBDEV-851', ip: '127.0.1.1', os.name: 'Linux', os.arch: 'amd64', os.version: '4.8.0-53-generic', java.version: '1.8.0_162'&#10;Driver info: driver.version: unknown" type="org.openqa.selenium.ElementClickInterceptedException">Element &lt;input class="ace radio-seleciona-promocao" name="form-field-radio-promocao" type="radio"&gt; is not clickable at point (522,257.3333282470703) because another element &lt;div id="_mv_aguarde_" class=""&gt; obscures it
Build info: version: '3.12.0', revision: '7c6e0b3', time: '2018-05-08T14:04:26.12Z'
System info: host: 'WS-SBDEV-851', ip: '127.0.1.1', os.name: 'Linux', os.arch: 'amd64', os.version: '4.8.0-53-generic', java.version: '1.8.0_162'
Driver info: org.openqa.selenium.remote.RemoteWebDriver
Capabilities {acceptInsecureCerts: true, browserName: firefox, browserVersion: 59.0.2, javascriptEnabled: true, moz:accessibilityChecks: false, moz:headless: false, moz:processID: 29178, moz:profile: /tmp/rust_mozprofile.mq7FGZ..., moz:useNonSpecCompliantPointerOrigin: false, moz:webdriverClick: true, pageLoadStrategy: normal, platform: LINUX, platformName: LINUX, platformVersion: 4.8.0-53-generic, rotatable: false, timeouts: {implicit: 0, pageLoad: 300000, script: 30000}}
Session ID: 87f20083-6a06-4158-9070-ec9052c49719
Build info: version: '3.12.0', revision: '7c6e0b3', time: '2018-05-08T14:04:26.12Z'
System info: host: 'WS-SBDEV-851', ip: '127.0.1.1', os.name: 'Linux', os.arch: 'amd64', os.version: '4.8.0-53-generic', java.version: '1.8.0_162'
Driver info: driver.version: unknown</error><system-err>Element &lt;input class="ace radio-seleciona-promocao" name="form-field-radio-promocao" type="radio"&gt; is not clickable at point (522,257.3333282470703) because another element &lt;div id="_mv_aguarde_" class=""&gt; obscures it
Build info: version: '3.12.0', revision: '7c6e0b3', time: '2018-05-08T14:04:26.12Z'
System info: host: 'WS-SBDEV-851', ip: '127.0.1.1', os.name: 'Linux', os.arch: 'amd64', os.version: '4.8.0-53-generic', java.version: '1.8.0_162'
Driver info: org.openqa.selenium.remote.RemoteWebDriver
Capabilities {acceptInsecureCerts: true, browserName: firefox, browserVersion: 59.0.2, javascriptEnabled: true, moz:accessibilityChecks: false, moz:headless: false, moz:processID: 29178, moz:profile: /tmp/rust_mozprofile.mq7FGZ..., moz:useNonSpecCompliantPointerOrigin: false, moz:webdriverClick: true, pageLoadStrategy: normal, platform: LINUX, platformName: LINUX, platformVersion: 4.8.0-53-generic, rotatable: false, timeouts: {implicit: 0, pageLoad: 300000, script: 30000}}
Session ID: 87f20083-6a06-4158-9070-ec9052c49719
Build info: version: '3.12.0', revision: '7c6e0b3', time: '2018-05-08T14:04:26.12Z'
System info: host: 'WS-SBDEV-851', ip: '127.0.1.1', os.name: 'Linux', os.arch: 'amd64', os.version: '4.8.0-53-generic', java.version: '1.8.0_162'
Driver info: driver.version: unknown
br.com.mv.pages.ConsultaPromocaoModal.selecionarPromocao(ConsultaPromocaoModal.java:56)
br.com.mv.steps.ConsultaProdutoSteps.euSelecionoAPromocao(ConsultaProdutoSteps.java:97)
</system-err></testcase></testsuite>