<?xml version="1.0" encoding="UTF-8"?><testsuite errors="0" failures="0" name="Atendimento cliente recibo troca pedido deposito faturado" skipped="14" tests="14" time="0.04" timestamp="2018-08-24T14:27:05.981-03:00[America/Sao_Paulo]"><testcase name="Elaborar um pedido a vista com empenho em loja/normal"><skipped/></testcase><testcase name="Efetua o recebimento do pedido"><skipped/></testcase><testcase name="Cria a carga para associar ao controle de faturamento"><skipped/></testcase><testcase name="Cria a nota de transferencia do CD 47 para o CD 221"><skipped/></testcase><testcase name="Processa a nota de transferencia a nota no CD 221"><skipped/></testcase><testcase name="Fatura a nota de transferencia a nota no CD 221"><skipped/></testcase><testcase name="Elaborar um atendimento para o pedido realizado"><skipped/></testcase><testcase name="Cria a carga para associar ao controle de faturamento"><skipped/></testcase><testcase name="Cria a nota de transferencia do CD 47 para o CD 221"><skipped/></testcase><testcase name="Processa a nota de transferencia a nota no CD 221"><skipped/></testcase><testcase name="Fatura a nota de transferencia a nota no CD 221"><skipped/></testcase><testcase name="Realiza o Recolhimento de Produto"><skipped/></testcase><testcase name="Elaborar um pedido utilizando o recibo de troca"><skipped/></testcase><testcase name="Efetua o recebimento do pedido feito com recibo de troca"><skipped/></testcase></testsuite>