<?xml version="1.0" encoding="UTF-8"?><testsuite errors="0" failures="0" name="Cadastro motivo atendimento" skipped="4" tests="4" time="0.01" timestamp="2018-08-24T14:25:47.329-03:00[America/Sao_Paulo]"><testcase name="Cadastrar motivos de atendimento - UC014"><skipped/></testcase><testcase name="Cadastrar motivos de atendimento jah existente"><skipped/></testcase><testcase name="Pesquisar/Editar motivo de atendimento"><skipped/></testcase><testcase name="Pesquisar/Excluir motivo de atendimento"><skipped/></testcase></testsuite>