-------------------------------------------------------------------------------
Test set: br.com.mv.test.PedidoKitComPromocao40
-------------------------------------------------------------------------------
Tests run: 1, Failures: 0, Errors: 1, Skipped: 0, Time elapsed: 75.039 sec <<< FAILURE! - in br.com.mv.test.PedidoKitComPromocao40
br.com.mv.test.PedidoKitComPromocao40  Time elapsed: 75.039 sec  <<< ERROR!
java.lang.RuntimeException: org.jbehave.core.embedder.Embedder$RunningStoriesFailed: Failures in running stories: 
org.jbehave.core.embedder.PerformableTree$SomethingHappened@17df67e7: org.openqa.selenium.ElementClickInterceptedException: Element <input class="ace radio-seleciona-promocao" name="form-field-radio-promocao" type="radio"> is not clickable at point (522,238.71665954589844) because another element <div class="blockUI blockOverlay"> obscures it
Build info: version: '3.12.0', revision: '7c6e0b3', time: '2018-05-08T14:04:26.12Z'
System info: host: 'WS-SBDEV-851', ip: '127.0.1.1', os.name: 'Linux', os.arch: 'amd64', os.version: '4.8.0-53-generic', java.version: '1.8.0_162'
Driver info: org.openqa.selenium.remote.RemoteWebDriver
Capabilities {acceptInsecureCerts: true, browserName: firefox, browserVersion: 59.0.2, javascriptEnabled: true, moz:accessibilityChecks: false, moz:headless: false, moz:processID: 27889, moz:profile: /tmp/rust_mozprofile.Ax733f..., moz:useNonSpecCompliantPointerOrigin: false, moz:webdriverClick: true, pageLoadStrategy: normal, platform: LINUX, platformName: LINUX, platformVersion: 4.8.0-53-generic, rotatable: false, timeouts: {implicit: 0, pageLoad: 300000, script: 30000}}
Session ID: a33f7dd8-cd1b-446a-914a-d9211af297e1
	at org.jbehave.core.embedder.Embedder$ThrowingRunningStoriesFailed.handleFailures(Embedder.java:553)
	at org.jbehave.core.embedder.Embedder.handleFailures(Embedder.java:238)
	at org.jbehave.core.embedder.Embedder.runStoriesAsPaths(Embedder.java:216)
	at net.serenitybdd.jbehave.embedders.ExtendedEmbedder.runStoriesAsPaths(ExtendedEmbedder.java:60)
	at net.serenitybdd.jbehave.runners.SerenityReportingRunner.run(SerenityReportingRunner.java:168)
	at org.apache.maven.surefire.junit4.JUnit4Provider.execute(JUnit4Provider.java:283)
	at org.apache.maven.surefire.junit4.JUnit4Provider.executeWithRerun(JUnit4Provider.java:173)
	at org.apache.maven.surefire.junit4.JUnit4Provider.executeTestSet(JUnit4Provider.java:153)
	at org.apache.maven.surefire.junit4.JUnit4Provider.invoke(JUnit4Provider.java:128)

