<?xml version="1.0" encoding="UTF-8"?>
<testsuite name="br.com.mv.test.PedidoKitRemoveSemEstoque36" time="195.071" tests="1" errors="1" skipped="0" failures="0">
  <properties>
[...]
</properties>
  <testcase name="br.com.mv.test.PedidoKitRemoveSemEstoque36" classname="org.apache.maven.surefire.junit4.JUnit4Provider" time="195.071">
    <error message="org.jbehave.core.embedder.Embedder$RunningStoriesFailed: Failures in running stories: &#10;org.jbehave.core.embedder.PerformableTree$SomethingHappened@10840de4: net.serenitybdd.core.exceptions.SerenityManagedException: O status do pedido está incorreto." type="java.lang.RuntimeException">java.lang.RuntimeException: org.jbehave.core.embedder.Embedder$RunningStoriesFailed: Failures in running stories: 
org.jbehave.core.embedder.PerformableTree$SomethingHappened@10840de4: net.serenitybdd.core.exceptions.SerenityManagedException: O status do pedido está incorreto.
	at org.jbehave.core.embedder.Embedder$ThrowingRunningStoriesFailed.handleFailures(Embedder.java:553)
	at org.jbehave.core.embedder.Embedder.handleFailures(Embedder.java:238)
	at org.jbehave.core.embedder.Embedder.runStoriesAsPaths(Embedder.java:216)
	at net.serenitybdd.jbehave.embedders.ExtendedEmbedder.runStoriesAsPaths(ExtendedEmbedder.java:60)
	at net.serenitybdd.jbehave.runners.SerenityReportingRunner.run(SerenityReportingRunner.java:168)
	at org.apache.maven.surefire.junit4.JUnit4Provider.execute(JUnit4Provider.java:283)
	at org.apache.maven.surefire.junit4.JUnit4Provider.executeWithRerun(JUnit4Provider.java:173)
	at org.apache.maven.surefire.junit4.JUnit4Provider.executeTestSet(JUnit4Provider.java:153)
	at org.apache.maven.surefire.junit4.JUnit4Provider.invoke(JUnit4Provider.java:128)
</error>
    <system-out><![CDATA[Processing system properties {}
Using controls EmbedderControls[batch=false,skip=false,generateViewAfterStories=true,ignoreFailureInStories=false,ignoreFailureInView=true,verboseFailures=false,verboseFiltering=false,storyTimeouts=10000,threads=1,failOnStoryTimeout=false]
Meta[properties={narrative=Narrative[inOrderTo=,asA=,iWantTo=,soThat=], description=, path=stories/pedido/calculo_reverso6.story}] excluded by filter 'groovy: (issue == 'rgs-35' || issue == 'rgs-36' || issue == 'rgs-37' || issue == 'rgs-38' || issue == 'rgs-39' || issue == 'rgs-40')'
Meta[properties={examplesTable=, base=RELOH, context=PEDIDOS, grupoInstancias=Pedidos, narrative=Narrative[inOrderTo=,asA=,iWantTo=,soThat=], rgs-64=, title=Elaborar um pedido carne com empenho em loja/normal, issue=rgs-64, description=, givenStories=, tag=component:Processos - RELOH, path=stories/pedido/calculo_reverso6.story}] excluded by filter 'groovy: (issue == 'rgs-35' || issue == 'rgs-36' || issue == 'rgs-37' || issue == 'rgs-38' || issue == 'rgs-39' || issue == 'rgs-40')'

(BeforeStories)

Meta[properties={narrative=Narrative[inOrderTo=,asA=,iWantTo=,soThat=], description=, path=stories/pedido/calculo_reverso6.story}] excluded by filter 'groovy: (issue == 'rgs-35' || issue == 'rgs-36' || issue == 'rgs-37' || issue == 'rgs-38' || issue == 'rgs-39' || issue == 'rgs-40')'
Meta[properties={examplesTable=, base=RELOH, context=PEDIDOS, grupoInstancias=Pedidos, narrative=Narrative[inOrderTo=,asA=,iWantTo=,soThat=], rgs-64=, title=Elaborar um pedido carne com empenho em loja/normal, issue=rgs-64, description=, givenStories=, tag=component:Processos - RELOH, path=stories/pedido/calculo_reverso6.story}] excluded by filter 'groovy: (issue == 'rgs-35' || issue == 'rgs-36' || issue == 'rgs-37' || issue == 'rgs-38' || issue == 'rgs-39' || issue == 'rgs-40')'
1 stories excluded by filter: groovy: (issue == 'rgs-35' || issue == 'rgs-36' || issue == 'rgs-37' || issue == 'rgs-38' || issue == 'rgs-39' || issue == 'rgs-40')


(AfterStories)

Generating reports view to '/home/pedro/Documentos/Automação/testes-automatizados/mv-lojas-bdd/target/jbehave' using formats '[stats, console, html, xml, serenityreporter]' and view properties '{decorateNonHtml=true}'
Reports view generated with 2 stories (of which 0 pending) containing 1 scenarios (of which 0 pending)
Failures in reports view: 1 scenarios failed
Processing system properties {}
Using controls EmbedderControls[batch=false,skip=false,generateViewAfterStories=true,ignoreFailureInStories=false,ignoreFailureInView=true,verboseFailures=false,verboseFiltering=false,storyTimeouts=10000,threads=1,failOnStoryTimeout=false]
Meta[properties={narrative=Narrative[inOrderTo=,asA=,iWantTo=,soThat=], description=, path=stories/processos/atendimento_cliente_recibo_troca_pedido_deposito_ag_faturamento.story}] excluded by filter 'groovy: (issue == 'rgs-35' || issue == 'rgs-36' || issue == 'rgs-37' || issue == 'rgs-38' || issue == 'rgs-39' || issue == 'rgs-40')'
Meta[properties={examplesTable=, base=RELOH, context=PROCESSOS, grupoInstancias=Pedidos, narrative=Narrative[inOrderTo=,asA=,iWantTo=,soThat=], prcs-07=, title=Elaborar um pedido a vista com empenho em loja/normal, issue=prcs-07, description=, skip=, givenStories=, tag=component:Processos - RELOH, path=stories/processos/atendimento_cliente_recibo_troca_pedido_deposito_ag_faturamento.story}] excluded by filter 'groovy: (issue == 'rgs-35' || issue == 'rgs-36' || issue == 'rgs-37' || issue == 'rgs-38' || issue == 'rgs-39' || issue == 'rgs-40')'
Meta[properties={examplesTable=, base=RELOH, context=PROCESSOS, grupoInstancias=Caixa, narrative=Narrative[inOrderTo=,asA=,iWantTo=,soThat=], prcs-07=, title=Efetua o recebimento do pedido, issue=prcs-07, description=, skip=, givenStories=, tag=component:Regressão - RELOH, path=stories/processos/atendimento_cliente_recibo_troca_pedido_deposito_ag_faturamento.story}] excluded by filter 'groovy: (issue == 'rgs-35' || issue == 'rgs-36' || issue == 'rgs-37' || issue == 'rgs-38' || issue == 'rgs-39' || issue == 'rgs-40')'
Meta[properties={examplesTable=, base=RELOH, context=PROCESSOS, grupoInstancias=AdmCD, narrative=Narrative[inOrderTo=,asA=,iWantTo=,soThat=], prcs-07=, title=Elaborar um atendimento para o pedido realizado, issue=prcs-07, description=, skip=, givenStories=, tag=component:Processos - RELOH, path=stories/processos/atendimento_cliente_recibo_troca_pedido_deposito_ag_faturamento.story}] excluded by filter 'groovy: (issue == 'rgs-35' || issue == 'rgs-36' || issue == 'rgs-37' || issue == 'rgs-38' || issue == 'rgs-39' || issue == 'rgs-40')'
Meta[properties={examplesTable=, base=RELOH, context=PROCESSOS, grupoInstancias=Pedidos, narrative=Narrative[inOrderTo=,asA=,iWantTo=,soThat=], prcs-07=, title=Elaborar um pedido utilizando o recibo de troca, issue=prcs-07, description=, skip=, givenStories=, tag=component:Processos - RELOH, path=stories/processos/atendimento_cliente_recibo_troca_pedido_deposito_ag_faturamento.story}] excluded by filter 'groovy: (issue == 'rgs-35' || issue == 'rgs-36' || issue == 'rgs-37' || issue == 'rgs-38' || issue == 'rgs-39' || issue == 'rgs-40')'
Meta[properties={examplesTable=, base=RELOH, context=PROCESSOS, grupoInstancias=Caixa, narrative=Narrative[inOrderTo=,asA=,iWantTo=,soThat=], prcs-07=, title=Efetua o recebimento do pedido feito com recibo de troca, issue=prcs-07, description=, skip=, givenStories=, tag=component:Regressão - RELOH, path=stories/processos/atendimento_cliente_recibo_troca_pedido_deposito_ag_faturamento.story}] excluded by filter 'groovy: (issue == 'rgs-35' || issue == 'rgs-36' || issue == 'rgs-37' || issue == 'rgs-38' || issue == 'rgs-39' || issue == 'rgs-40')'

(BeforeStories)

Meta[properties={narrative=Narrative[inOrderTo=,asA=,iWantTo=,soThat=], description=, path=stories/processos/atendimento_cliente_recibo_troca_pedido_deposito_ag_faturamento.story}] excluded by filter 'groovy: (issue == 'rgs-35' || issue == 'rgs-36' || issue == 'rgs-37' || issue == 'rgs-38' || issue == 'rgs-39' || issue == 'rgs-40')'
Meta[properties={examplesTable=, base=RELOH, context=PROCESSOS, grupoInstancias=Pedidos, narrative=Narrative[inOrderTo=,asA=,iWantTo=,soThat=], prcs-07=, title=Elaborar um pedido a vista com empenho em loja/normal, issue=prcs-07, description=, skip=, givenStories=, tag=component:Processos - RELOH, path=stories/processos/atendimento_cliente_recibo_troca_pedido_deposito_ag_faturamento.story}] excluded by filter 'groovy: (issue == 'rgs-35' || issue == 'rgs-36' || issue == 'rgs-37' || issue == 'rgs-38' || issue == 'rgs-39' || issue == 'rgs-40')'
Meta[properties={examplesTable=, base=RELOH, context=PROCESSOS, grupoInstancias=Caixa, narrative=Narrative[inOrderTo=,asA=,iWantTo=,soThat=], prcs-07=, title=Efetua o recebimento do pedido, issue=prcs-07, description=, skip=, givenStories=, tag=component:Regressão - RELOH, path=stories/processos/atendimento_cliente_recibo_troca_pedido_deposito_ag_faturamento.story}] excluded by filter 'groovy: (issue == 'rgs-35' || issue == 'rgs-36' || issue == 'rgs-37' || issue == 'rgs-38' || issue == 'rgs-39' || issue == 'rgs-40')'
Meta[properties={examplesTable=, base=RELOH, context=PROCESSOS, grupoInstancias=AdmCD, narrative=Narrative[inOrderTo=,asA=,iWantTo=,soThat=], prcs-07=, title=Elaborar um atendimento para o pedido realizado, issue=prcs-07, description=, skip=, givenStories=, tag=component:Processos - RELOH, path=stories/processos/atendimento_cliente_recibo_troca_pedido_deposito_ag_faturamento.story}] excluded by filter 'groovy: (issue == 'rgs-35' || issue == 'rgs-36' || issue == 'rgs-37' || issue == 'rgs-38' || issue == 'rgs-39' || issue == 'rgs-40')'
Meta[properties={examplesTable=, base=RELOH, context=PROCESSOS, grupoInstancias=Pedidos, narrative=Narrative[inOrderTo=,asA=,iWantTo=,soThat=], prcs-07=, title=Elaborar um pedido utilizando o recibo de troca, issue=prcs-07, description=, skip=, givenStories=, tag=component:Processos - RELOH, path=stories/processos/atendimento_cliente_recibo_troca_pedido_deposito_ag_faturamento.story}] excluded by filter 'groovy: (issue == 'rgs-35' || issue == 'rgs-36' || issue == 'rgs-37' || issue == 'rgs-38' || issue == 'rgs-39' || issue == 'rgs-40')'
Meta[properties={examplesTable=, base=RELOH, context=PROCESSOS, grupoInstancias=Caixa, narrative=Narrative[inOrderTo=,asA=,iWantTo=,soThat=], prcs-07=, title=Efetua o recebimento do pedido feito com recibo de troca, issue=prcs-07, description=, skip=, givenStories=, tag=component:Regressão - RELOH, path=stories/processos/atendimento_cliente_recibo_troca_pedido_deposito_ag_faturamento.story}] excluded by filter 'groovy: (issue == 'rgs-35' || issue == 'rgs-36' || issue == 'rgs-37' || issue == 'rgs-38' || issue == 'rgs-39' || issue == 'rgs-40')'
1 stories excluded by filter: groovy: (issue == 'rgs-35' || issue == 'rgs-36' || issue == 'rgs-37' || issue == 'rgs-38' || issue == 'rgs-39' || issue == 'rgs-40')

Story name for stories/processos/atendimento_cliente_recibo_troca_pedido_deposito_ag_faturamento.story => TestTag{name='Processos/Atendimento cliente recibo troca pedido deposito ag faturamento', type='story'}
Story name for stories/processos/atendimento_cliente_recibo_troca_pedido_deposito_ag_faturamento.story => TestTag{name='Processos/Atendimento cliente recibo troca pedido deposito ag faturamento', type='story'}
Story name for stories/processos/atendimento_cliente_recibo_troca_pedido_deposito_ag_faturamento.story => TestTag{name='Processos/Atendimento cliente recibo troca pedido deposito ag faturamento', type='story'}
Story name for stories/processos/atendimento_cliente_recibo_troca_pedido_deposito_ag_faturamento.story => TestTag{name='Processos/Atendimento cliente recibo troca pedido deposito ag faturamento', type='story'}
Story name for stories/processos/atendimento_cliente_recibo_troca_pedido_deposito_ag_faturamento.story => TestTag{name='Processos/Atendimento cliente recibo troca pedido deposito ag faturamento', type='story'}
Story name for stories/processos/atendimento_cliente_recibo_troca_pedido_deposito_ag_faturamento.story => TestTag{name='Processos/Atendimento cliente recibo troca pedido deposito ag faturamento', type='story'}
Story name for stories/processos/atendimento_cliente_recibo_troca_pedido_deposito_ag_faturamento.story => TestTag{name='Processos/Atendimento cliente recibo troca pedido deposito ag faturamento', type='story'}
Story name for stories/processos/atendimento_cliente_recibo_troca_pedido_deposito_ag_faturamento.story => TestTag{name='Processos/Atendimento cliente recibo troca pedido deposito ag faturamento', type='story'}
Story name for stories/processos/atendimento_cliente_recibo_troca_pedido_deposito_ag_faturamento.story => TestTag{name='Processos/Atendimento cliente recibo troca pedido deposito ag faturamento', type='story'}
Story name for stories/processos/atendimento_cliente_recibo_troca_pedido_deposito_ag_faturamento.story => TestTag{name='Processos/Atendimento cliente recibo troca pedido deposito ag faturamento', type='story'}

(AfterStories)

Generating reports view to '/home/pedro/Documentos/Automação/testes-automatizados/mv-lojas-bdd/target/jbehave' using formats '[stats, console, html, xml, serenityreporter]' and view properties '{decorateNonHtml=true}'
Reports view generated with 2 stories (of which 0 pending) containing 1 scenarios (of which 0 pending)
Failures in reports view: 1 scenarios failed
Processing system properties {}
Using controls EmbedderControls[batch=false,skip=false,generateViewAfterStories=true,ignoreFailureInStories=false,ignoreFailureInView=true,verboseFailures=false,verboseFiltering=false,storyTimeouts=10000,threads=1,failOnStoryTimeout=false]
Meta[properties={narrative=Narrative[inOrderTo=,asA=,iWantTo=,soThat=], description=, path=stories/processos/atendimento_cliente_troca_simplificada_loja.story}] excluded by filter 'groovy: (issue == 'rgs-35' || issue == 'rgs-36' || issue == 'rgs-37' || issue == 'rgs-38' || issue == 'rgs-39' || issue == 'rgs-40')'
Meta[properties={examplesTable=, base=RELOH, context=PROCESSOS, grupoInstancias=Pedidos, narrative=Narrative[inOrderTo=,asA=,iWantTo=,soThat=], title=Elaborar um pedido a vista com empenho em loja/normal, issue=prcs-03, description=, skip=, prcs-03=, givenStories=, tag=component:Processos - RELOH, path=stories/processos/atendimento_cliente_troca_simplificada_loja.story}] excluded by filter 'groovy: (issue == 'rgs-35' || issue == 'rgs-36' || issue == 'rgs-37' || issue == 'rgs-38' || issue == 'rgs-39' || issue == 'rgs-40')'
Meta[properties={examplesTable=, base=RELOH, context=PROCESSOS, grupoInstancias=Caixa, narrative=Narrative[inOrderTo=,asA=,iWantTo=,soThat=], title=Efetua o recebimento do pedido, issue=prcs-03, description=, skip=, prcs-03=, givenStories=, tag=component:Regressão - RELOH, path=stories/processos/atendimento_cliente_troca_simplificada_loja.story}] excluded by filter 'groovy: (issue == 'rgs-35' || issue == 'rgs-36' || issue == 'rgs-37' || issue == 'rgs-38' || issue == 'rgs-39' || issue == 'rgs-40')'
Meta[properties={examplesTable=, base=RELOH, context=PROCESSOS, grupoInstancias=AdmCD, narrative=Narrative[inOrderTo=,asA=,iWantTo=,soThat=], title=Fatura o pedido recebido, issue=prcs-03, description=, skip=, prcs-03=, givenStories=, tag=component:Processos - RELOH, path=stories/processos/atendimento_cliente_troca_simplificada_loja.story}] excluded by filter 'groovy: (issue == 'rgs-35' || issue == 'rgs-36' || issue == 'rgs-37' || issue == 'rgs-38' || issue == 'rgs-39' || issue == 'rgs-40')'
Meta[properties={examplesTable=, base=RELOH, context=PROCESSOS, grupoInstancias=AdmCD, narrative=Narrative[inOrderTo=,asA=,iWantTo=,soThat=], title=Elaborar um atendimento para o pedido realizado, issue=prcs-03, description=, skip=, prcs-03=, givenStories=, tag=component:Processos - RELOH, path=stories/processos/atendimento_cliente_troca_simplificada_loja.story}] excluded by filter 'groovy: (issue == 'rgs-35' || issue == 'rgs-36' || issue == 'rgs-37' || issue == 'rgs-38' || issue == 'rgs-39' || issue == 'rgs-40')'
Meta[properties={examplesTable=, base=RELOH, context=PROCESSOS, grupoInstancias=AdmCD, narrative=Narrative[inOrderTo=,asA=,iWantTo=,soThat=], title=Fatura o pedido criado na troca simplificada, issue=prcs-03, description=, skip=, prcs-03=, givenStories=, tag=component:Processos - RELOH, path=stories/processos/atendimento_cliente_troca_simplificada_loja.story}] excluded by filter 'groovy: (issue == 'rgs-35' || issue == 'rgs-36' || issue == 'rgs-37' || issue == 'rgs-38' || issue == 'rgs-39' || issue == 'rgs-40')'
Meta[properties={examplesTable=, base=RELOH, context=PROCESSOS, grupoInstancias=AdmCD, narrative=Narrative[inOrderTo=,asA=,iWantTo=,soThat=], title=Realiza o Recolhimento de Produto, issue=prcs-03, description=, skip=, prcs-03=, givenStories=, tag=component:Processos - RELOH, path=stories/processos/atendimento_cliente_troca_simplificada_loja.story}] excluded by filter 'groovy: (issue == 'rgs-35' || issue == 'rgs-36' || issue == 'rgs-37' || issue == 'rgs-38' || issue == 'rgs-39' || issue == 'rgs-40')'

(BeforeStories)

Meta[properties={narrative=Narrative[inOrderTo=,asA=,iWantTo=,soThat=], description=, path=stories/processos/atendimento_cliente_troca_simplificada_loja.story}] excluded by filter 'groovy: (issue == 'rgs-35' || issue == 'rgs-36' || issue == 'rgs-37' || issue == 'rgs-38' || issue == 'rgs-39' || issue == 'rgs-40')'
Meta[properties={examplesTable=, base=RELOH, context=PROCESSOS, grupoInstancias=Pedidos, narrative=Narrative[inOrderTo=,asA=,iWantTo=,soThat=], title=Elaborar um pedido a vista com empenho em loja/normal, issue=prcs-03, description=, skip=, prcs-03=, givenStories=, tag=component:Processos - RELOH, path=stories/processos/atendimento_cliente_troca_simplificada_loja.story}] excluded by filter 'groovy: (issue == 'rgs-35' || issue == 'rgs-36' || issue == 'rgs-37' || issue == 'rgs-38' || issue == 'rgs-39' || issue == 'rgs-40')'
Meta[properties={examplesTable=, base=RELOH, context=PROCESSOS, grupoInstancias=Caixa, narrative=Narrative[inOrderTo=,asA=,iWantTo=,soThat=], title=Efetua o recebimento do pedido, issue=prcs-03, description=, skip=, prcs-03=, givenStories=, tag=component:Regressão - RELOH, path=stories/processos/atendimento_cliente_troca_simplificada_loja.story}] excluded by filter 'groovy: (issue == 'rgs-35' || issue == 'rgs-36' || issue == 'rgs-37' || issue == 'rgs-38' || issue == 'rgs-39' || issue == 'rgs-40')'
Meta[properties={examplesTable=, base=RELOH, context=PROCESSOS, grupoInstancias=AdmCD, narrative=Narrative[inOrderTo=,asA=,iWantTo=,soThat=], title=Fatura o pedido recebido, issue=prcs-03, description=, skip=, prcs-03=, givenStories=, tag=component:Processos - RELOH, path=stories/processos/atendimento_cliente_troca_simplificada_loja.story}] excluded by filter 'groovy: (issue == 'rgs-35' || issue == 'rgs-36' || issue == 'rgs-37' || issue == 'rgs-38' || issue == 'rgs-39' || issue == 'rgs-40')'
Meta[properties={examplesTable=, base=RELOH, context=PROCESSOS, grupoInstancias=AdmCD, narrative=Narrative[inOrderTo=,asA=,iWantTo=,soThat=], title=Elaborar um atendimento para o pedido realizado, issue=prcs-03, description=, skip=, prcs-03=, givenStories=, tag=component:Processos - RELOH, path=stories/processos/atendimento_cliente_troca_simplificada_loja.story}] excluded by filter 'groovy: (issue == 'rgs-35' || issue == 'rgs-36' || issue == 'rgs-37' || issue == 'rgs-38' || issue == 'rgs-39' || issue == 'rgs-40')'
Meta[properties={examplesTable=, base=RELOH, context=PROCESSOS, grupoInstancias=AdmCD, narrative=Narrative[inOrderTo=,asA=,iWantTo=,soThat=], title=Fatura o pedido criado na troca simplificada, issue=prcs-03, description=, skip=, prcs-03=, givenStories=, tag=component:Processos - RELOH, path=stories/processos/atendimento_cliente_troca_simplificada_loja.story}] excluded by filter 'groovy: (issue == 'rgs-35' || issue == 'rgs-36' || issue == 'rgs-37' || issue == 'rgs-38' || issue == 'rgs-39' || issue == 'rgs-40')'
Meta[properties={examplesTable=, base=RELOH, context=PROCESSOS, grupoInstancias=AdmCD, narrative=Narrative[inOrderTo=,asA=,iWantTo=,soThat=], title=Realiza o Recolhimento de Produto, issue=prcs-03, description=, skip=, prcs-03=, givenStories=, tag=component:Processos - RELOH, path=stories/processos/atendimento_cliente_troca_simplificada_loja.story}] excluded by filter 'groovy: (issue == 'rgs-35' || issue == 'rgs-36' || issue == 'rgs-37' || issue == 'rgs-38' || issue == 'rgs-39' || issue == 'rgs-40')'
1 stories excluded by filter: groovy: (issue == 'rgs-35' || issue == 'rgs-36' || issue == 'rgs-37' || issue == 'rgs-38' || issue == 'rgs-39' || issue == 'rgs-40')

Story name for stories/processos/atendimento_cliente_troca_simplificada_loja.story => TestTag{name='Processos/Atendimento cliente troca simplificada loja', type='story'}
Story name for stories/processos/atendimento_cliente_troca_simplificada_loja.story => TestTag{name='Processos/Atendimento cliente troca simplificada loja', type='story'}
Story name for stories/processos/atendimento_cliente_troca_simplificada_loja.story => TestTag{name='Processos/Atendimento cliente troca simplificada loja', type='story'}
Story name for stories/processos/atendimento_cliente_troca_simplificada_loja.story => TestTag{name='Processos/Atendimento cliente troca simplificada loja', type='story'}
Story name for stories/processos/atendimento_cliente_troca_simplificada_loja.story => TestTag{name='Processos/Atendimento cliente troca simplificada loja', type='story'}
Story name for stories/processos/atendimento_cliente_troca_simplificada_loja.story => TestTag{name='Processos/Atendimento cliente troca simplificada loja', type='story'}
Story name for stories/processos/atendimento_cliente_troca_simplificada_loja.story => TestTag{name='Processos/Atendimento cliente troca simplificada loja', type='story'}
Story name for stories/processos/atendimento_cliente_troca_simplificada_loja.story => TestTag{name='Processos/Atendimento cliente troca simplificada loja', type='story'}
Story name for stories/processos/atendimento_cliente_troca_simplificada_loja.story => TestTag{name='Processos/Atendimento cliente troca simplificada loja', type='story'}
Story name for stories/processos/atendimento_cliente_troca_simplificada_loja.story => TestTag{name='Processos/Atendimento cliente troca simplificada loja', type='story'}
Story name for stories/processos/atendimento_cliente_troca_simplificada_loja.story => TestTag{name='Processos/Atendimento cliente troca simplificada loja', type='story'}
Story name for stories/processos/atendimento_cliente_troca_simplificada_loja.story => TestTag{name='Processos/Atendimento cliente troca simplificada loja', type='story'}

(AfterStories)

Generating reports view to '/home/pedro/Documentos/Automação/testes-automatizados/mv-lojas-bdd/target/jbehave' using formats '[stats, console, html, xml, serenityreporter]' and view properties '{decorateNonHtml=true}'
Reports view generated with 2 stories (of which 0 pending) containing 1 scenarios (of which 0 pending)
Failures in reports view: 1 scenarios failed
Processing system properties {}
Using controls EmbedderControls[batch=false,skip=false,generateViewAfterStories=true,ignoreFailureInStories=false,ignoreFailureInView=true,verboseFailures=false,verboseFiltering=false,storyTimeouts=10000,threads=1,failOnStoryTimeout=false]
Meta[properties={narrative=Narrative[inOrderTo=,asA=,iWantTo=,soThat=], description=, path=stories/pedido/pedido_tipo_venda_pessoa_juridica11.story}] excluded by filter 'groovy: (issue == 'rgs-35' || issue == 'rgs-36' || issue == 'rgs-37' || issue == 'rgs-38' || issue == 'rgs-39' || issue == 'rgs-40')'
Meta[properties={examplesTable=, base=RELOH, context=PEDIDOS, grupoInstancias=Pedidos, rgs-11=, narrative=Narrative[inOrderTo=,asA=,iWantTo=,soThat=], title=Elaborar um pedido a vista com DEPOSITO/RETIRADA OUTRA LOJA COM RESERVA DEPOSITO, issue=rgs-11, description=, givenStories=, tag=component:Regressão - RELOH, path=stories/pedido/pedido_tipo_venda_pessoa_juridica11.story}] excluded by filter 'groovy: (issue == 'rgs-35' || issue == 'rgs-36' || issue == 'rgs-37' || issue == 'rgs-38' || issue == 'rgs-39' || issue == 'rgs-40')'
Meta[properties={examplesTable=, base=RELOH, context=PEDIDOS, grupoInstancias=Pedidos, rgs-11=, narrative=Narrative[inOrderTo=,asA=,iWantTo=,soThat=], title=Efetua a reabertura do pedido feito, issue=rgs-11, description=, givenStories=, tag=component:Regressão - RELOH, path=stories/pedido/pedido_tipo_venda_pessoa_juridica11.story}] excluded by filter 'groovy: (issue == 'rgs-35' || issue == 'rgs-36' || issue == 'rgs-37' || issue == 'rgs-38' || issue == 'rgs-39' || issue == 'rgs-40')'

(BeforeStories)

Meta[properties={narrative=Narrative[inOrderTo=,asA=,iWantTo=,soThat=], description=, path=stories/pedido/pedido_tipo_venda_pessoa_juridica11.story}] excluded by filter 'groovy: (issue == 'rgs-35' || issue == 'rgs-36' || issue == 'rgs-37' || issue == 'rgs-38' || issue == 'rgs-39' || issue == 'rgs-40')'
Meta[properties={examplesTable=, base=RELOH, context=PEDIDOS, grupoInstancias=Pedidos, rgs-11=, narrative=Narrative[inOrderTo=,asA=,iWantTo=,soThat=], title=Elaborar um pedido a vista com DEPOSITO/RETIRADA OUTRA LOJA COM RESERVA DEPOSITO, issue=rgs-11, description=, givenStories=, tag=component:Regressão - RELOH, path=stories/pedido/pedido_tipo_venda_pessoa_juridica11.story}] excluded by filter 'groovy: (issue == 'rgs-35' || issue == 'rgs-36' || issue == 'rgs-37' || issue == 'rgs-38' || issue == 'rgs-39' || issue == 'rgs-40')'
Meta[properties={examplesTable=, base=RELOH, context=PEDIDOS, grupoInstancias=Pedidos, rgs-11=, narrative=Narrative[inOrderTo=,asA=,iWantTo=,soThat=], title=Efetua a reabertura do pedido feito, issue=rgs-11, description=, givenStories=, tag=component:Regressão - RELOH, path=stories/pedido/pedido_tipo_venda_pessoa_juridica11.story}] excluded by filter 'groovy: (issue == 'rgs-35' || issue == 'rgs-36' || issue == 'rgs-37' || issue == 'rgs-38' || issue == 'rgs-39' || issue == 'rgs-40')'
1 stories excluded by filter: groovy: (issue == 'rgs-35' || issue == 'rgs-36' || issue == 'rgs-37' || issue == 'rgs-38' || issue == 'rgs-39' || issue == 'rgs-40')


(AfterStories)

Generating reports view to '/home/pedro/Documentos/Automação/testes-automatizados/mv-lojas-bdd/target/jbehave' using formats '[stats, console, html, xml, serenityreporter]' and view properties '{decorateNonHtml=true}'
Reports view generated with 2 stories (of which 0 pending) containing 1 scenarios (of which 0 pending)
Failures in reports view: 1 scenarios failed
Processing system properties {}
Using controls EmbedderControls[batch=false,skip=false,generateViewAfterStories=true,ignoreFailureInStories=false,ignoreFailureInView=true,verboseFailures=false,verboseFiltering=false,storyTimeouts=10000,threads=1,failOnStoryTimeout=false]
Meta[properties={narrative=Narrative[inOrderTo=,asA=,iWantTo=,soThat=], description=, path=stories/processos/troca_com_reversao.story}] excluded by filter 'groovy: (issue == 'rgs-35' || issue == 'rgs-36' || issue == 'rgs-37' || issue == 'rgs-38' || issue == 'rgs-39' || issue == 'rgs-40')'
Meta[properties={examplesTable=, base=RELOH, context=PROCESSOS, grupoInstancias=Pedidos, trkdev-12=, narrative=Narrative[inOrderTo=,asA=,iWantTo=,soThat=], title=Elaborar um pedido a vista, issue=trkdev-12, description=, givenStories=, path=stories/processos/troca_com_reversao.story, tag=component:Regressão - RELOH}] excluded by filter 'groovy: (issue == 'rgs-35' || issue == 'rgs-36' || issue == 'rgs-37' || issue == 'rgs-38' || issue == 'rgs-39' || issue == 'rgs-40')'
Meta[properties={examplesTable=, base=RELOH, context=PROCESSOS, grupoInstancias=Caixa, trkdev-12=, narrative=Narrative[inOrderTo=,asA=,iWantTo=,soThat=], title=Efetua o recebimento do pedido, issue=trkdev-12, description=, givenStories=, path=stories/processos/troca_com_reversao.story, tag=component:Regressão - RELOH}] excluded by filter 'groovy: (issue == 'rgs-35' || issue == 'rgs-36' || issue == 'rgs-37' || issue == 'rgs-38' || issue == 'rgs-39' || issue == 'rgs-40')'
Meta[properties={examplesTable=, base=RELOH, context=PROCESSOS, grupoInstancias=AdmCD, trkdev-12=, narrative=Narrative[inOrderTo=,asA=,iWantTo=,soThat=], title=Elaboração de Pré-recibo, issue=trkdev-12, description=, givenStories=, path=stories/processos/troca_com_reversao.story, tag=component:Regressão - RELOH}] excluded by filter 'groovy: (issue == 'rgs-35' || issue == 'rgs-36' || issue == 'rgs-37' || issue == 'rgs-38' || issue == 'rgs-39' || issue == 'rgs-40')'
Meta[properties={examplesTable=, base=RELOH, context=PROCESSOS, grupoInstancias=AdmCD, trkdev-12=, narrative=Narrative[inOrderTo=,asA=,iWantTo=,soThat=], title=Emissao Nota Fiscal Avulsa, issue=trkdev-12, description=, givenStories=, path=stories/processos/troca_com_reversao.story, tag=component:Regressão - RELOH}] excluded by filter 'groovy: (issue == 'rgs-35' || issue == 'rgs-36' || issue == 'rgs-37' || issue == 'rgs-38' || issue == 'rgs-39' || issue == 'rgs-40')'
Meta[properties={examplesTable=, base=RELOH, context=PROCESSOS, grupoInstancias=AdmCD, trkdev-12=, narrative=Narrative[inOrderTo=,asA=,iWantTo=,soThat=], title=Controle de Devolução de Produtos, issue=trkdev-12, description=, givenStories=, path=stories/processos/troca_com_reversao.story, tag=component:Regressão - RELOH}] excluded by filter 'groovy: (issue == 'rgs-35' || issue == 'rgs-36' || issue == 'rgs-37' || issue == 'rgs-38' || issue == 'rgs-39' || issue == 'rgs-40')'

(BeforeStories)

Meta[properties={narrative=Narrative[inOrderTo=,asA=,iWantTo=,soThat=], description=, path=stories/processos/troca_com_reversao.story}] excluded by filter 'groovy: (issue == 'rgs-35' || issue == 'rgs-36' || issue == 'rgs-37' || issue == 'rgs-38' || issue == 'rgs-39' || issue == 'rgs-40')'
Meta[properties={examplesTable=, base=RELOH, context=PROCESSOS, grupoInstancias=Pedidos, trkdev-12=, narrative=Narrative[inOrderTo=,asA=,iWantTo=,soThat=], title=Elaborar um pedido a vista, issue=trkdev-12, description=, givenStories=, path=stories/processos/troca_com_reversao.story, tag=component:Regressão - RELOH}] excluded by filter 'groovy: (issue == 'rgs-35' || issue == 'rgs-36' || issue == 'rgs-37' || issue == 'rgs-38' || issue == 'rgs-39' || issue == 'rgs-40')'
Meta[properties={examplesTable=, base=RELOH, context=PROCESSOS, grupoInstancias=Caixa, trkdev-12=, narrative=Narrative[inOrderTo=,asA=,iWantTo=,soThat=], title=Efetua o recebimento do pedido, issue=trkdev-12, description=, givenStories=, path=stories/processos/troca_com_reversao.story, tag=component:Regressão - RELOH}] excluded by filter 'groovy: (issue == 'rgs-35' || issue == 'rgs-36' || issue == 'rgs-37' || issue == 'rgs-38' || issue == 'rgs-39' || issue == 'rgs-40')'
Meta[properties={examplesTable=, base=RELOH, context=PROCESSOS, grupoInstancias=AdmCD, trkdev-12=, narrative=Narrative[inOrderTo=,asA=,iWantTo=,soThat=], title=Elaboração de Pré-recibo, issue=trkdev-12, description=, givenStories=, path=stories/processos/troca_com_reversao.story, tag=component:Regressão - RELOH}] excluded by filter 'groovy: (issue == 'rgs-35' || issue == 'rgs-36' || issue == 'rgs-37' || issue == 'rgs-38' || issue == 'rgs-39' || issue == 'rgs-40')'
Meta[properties={examplesTable=, base=RELOH, context=PROCESSOS, grupoInstancias=AdmCD, trkdev-12=, narrative=Narrative[inOrderTo=,asA=,iWantTo=,soThat=], title=Emissao Nota Fiscal Avulsa, issue=trkdev-12, description=, givenStories=, path=stories/processos/troca_com_reversao.story, tag=component:Regressão - RELOH}] excluded by filter 'groovy: (issue == 'rgs-35' || issue == 'rgs-36' || issue == 'rgs-37' || issue == 'rgs-38' || issue == 'rgs-39' || issue == 'rgs-40')'
Meta[properties={examplesTable=, base=RELOH, context=PROCESSOS, grupoInstancias=AdmCD, trkdev-12=, narrative=Narrative[inOrderTo=,asA=,iWantTo=,soThat=], title=Controle de Devolução de Produtos, issue=trkdev-12, description=, givenStories=, path=stories/processos/troca_com_reversao.story, tag=component:Regressão - RELOH}] excluded by filter 'groovy: (issue == 'rgs-35' || issue == 'rgs-36' || issue == 'rgs-37' || issue == 'rgs-38' || issue == 'rgs-39' || issue == 'rgs-40')'
1 stories excluded by filter: groovy: (issue == 'rgs-35' || issue == 'rgs-36' || issue == 'rgs-37' || issue == 'rgs-38' || issue == 'rgs-39' || issue == 'rgs-40')


(AfterStories)

Generating reports view to '/home/pedro/Documentos/Automação/testes-automatizados/mv-lojas-bdd/target/jbehave' using formats '[stats, console, html, xml, serenityreporter]' and view properties '{decorateNonHtml=true}'
Reports view generated with 2 stories (of which 0 pending) containing 1 scenarios (of which 0 pending)
Failures in reports view: 1 scenarios failed
Processing system properties {}
Using controls EmbedderControls[batch=false,skip=false,generateViewAfterStories=true,ignoreFailureInStories=false,ignoreFailureInView=true,verboseFailures=false,verboseFiltering=false,storyTimeouts=10000,threads=1,failOnStoryTimeout=false]
Meta[properties={narrative=Narrative[inOrderTo=,asA=,iWantTo=,soThat=], description=, path=stories/pedido/calculo_reverso4.story}] excluded by filter 'groovy: (issue == 'rgs-35' || issue == 'rgs-36' || issue == 'rgs-37' || issue == 'rgs-38' || issue == 'rgs-39' || issue == 'rgs-40')'
Meta[properties={examplesTable=, base=RELOH, context=PEDIDOS, grupoInstancias=Pedidos, narrative=Narrative[inOrderTo=,asA=,iWantTo=,soThat=], title=Elaborar um pedido carne com empenho em loja/normal, issue=rgs-62, rgs-62=, description=, givenStories=, tag=component:Processos - RELOH, path=stories/pedido/calculo_reverso4.story}] excluded by filter 'groovy: (issue == 'rgs-35' || issue == 'rgs-36' || issue == 'rgs-37' || issue == 'rgs-38' || issue == 'rgs-39' || issue == 'rgs-40')'

(BeforeStories)

Meta[properties={narrative=Narrative[inOrderTo=,asA=,iWantTo=,soThat=], description=, path=stories/pedido/calculo_reverso4.story}] excluded by filter 'groovy: (issue == 'rgs-35' || issue == 'rgs-36' || issue == 'rgs-37' || issue == 'rgs-38' || issue == 'rgs-39' || issue == 'rgs-40')'
Meta[properties={examplesTable=, base=RELOH, context=PEDIDOS, grupoInstancias=Pedidos, narrative=Narrative[inOrderTo=,asA=,iWantTo=,soThat=], title=Elaborar um pedido carne com empenho em loja/normal, issue=rgs-62, rgs-62=, description=, givenStories=, tag=component:Processos - RELOH, path=stories/pedido/calculo_reverso4.story}] excluded by filter 'groovy: (issue == 'rgs-35' || issue == 'rgs-36' || issue == 'rgs-37' || issue == 'rgs-38' || issue == 'rgs-39' || issue == 'rgs-40')'
1 stories excluded by filter: groovy: (issue == 'rgs-35' || issue == 'rgs-36' || issue == 'rgs-37' || issue == 'rgs-38' || issue == 'rgs-39' || issue == 'rgs-40')


(AfterStories)

Generating reports view to '/home/pedro/Documentos/Automação/testes-automatizados/mv-lojas-bdd/target/jbehave' using formats '[stats, console, html, xml, serenityreporter]' and view properties '{decorateNonHtml=true}'
Reports view generated with 2 stories (of which 0 pending) containing 1 scenarios (of which 0 pending)
Failures in reports view: 1 scenarios failed
Processing system properties {}
Using controls EmbedderControls[batch=false,skip=false,generateViewAfterStories=true,ignoreFailureInStories=false,ignoreFailureInView=true,verboseFailures=false,verboseFiltering=false,storyTimeouts=10000,threads=1,failOnStoryTimeout=false]
Meta[properties={narrative=Narrative[inOrderTo=,asA=,iWantTo=,soThat=], description=, path=stories/notas_fiscais/nota_remessa_descarte.story}] excluded by filter 'groovy: (issue == 'rgs-35' || issue == 'rgs-36' || issue == 'rgs-37' || issue == 'rgs-38' || issue == 'rgs-39' || issue == 'rgs-40')'
Meta[properties={examplesTable=, base=RELOH, context=NOTAS_FISCAIS, grupoInstancias=AdmCD, narrative=Narrative[inOrderTo=,asA=,iWantTo=,soThat=], title=Emite Nota Fiscal Avulsa Tipo 875 REMESSA PARA DESCARTE  UF 2131, issue=nf-56, nf-56=, description=, givenStories=, tag=component:Processos - RELOH, path=stories/notas_fiscais/nota_remessa_descarte.story}] excluded by filter 'groovy: (issue == 'rgs-35' || issue == 'rgs-36' || issue == 'rgs-37' || issue == 'rgs-38' || issue == 'rgs-39' || issue == 'rgs-40')'

(BeforeStories)

Meta[properties={narrative=Narrative[inOrderTo=,asA=,iWantTo=,soThat=], description=, path=stories/notas_fiscais/nota_remessa_descarte.story}] excluded by filter 'groovy: (issue == 'rgs-35' || issue == 'rgs-36' || issue == 'rgs-37' || issue == 'rgs-38' || issue == 'rgs-39' || issue == 'rgs-40')'
Meta[properties={examplesTable=, base=RELOH, context=NOTAS_FISCAIS, grupoInstancias=AdmCD, narrative=Narrative[inOrderTo=,asA=,iWantTo=,soThat=], title=Emite Nota Fiscal Avulsa Tipo 875 REMESSA PARA DESCARTE  UF 2131, issue=nf-56, nf-56=, description=, givenStories=, tag=component:Processos - RELOH, path=stories/notas_fiscais/nota_remessa_descarte.story}] excluded by filter 'groovy: (issue == 'rgs-35' || issue == 'rgs-36' || issue == 'rgs-37' || issue == 'rgs-38' || issue == 'rgs-39' || issue == 'rgs-40')'
1 stories excluded by filter: groovy: (issue == 'rgs-35' || issue == 'rgs-36' || issue == 'rgs-37' || issue == 'rgs-38' || issue == 'rgs-39' || issue == 'rgs-40')


(AfterStories)

Generating reports view to '/home/pedro/Documentos/Automação/testes-automatizados/mv-lojas-bdd/target/jbehave' using formats '[stats, console, html, xml, serenityreporter]' and view properties '{decorateNonHtml=true}'
Reports view generated with 2 stories (of which 0 pending) containing 1 scenarios (of which 0 pending)
Failures in reports view: 1 scenarios failed
Processing system properties {}
Using controls EmbedderControls[batch=false,skip=false,generateViewAfterStories=true,ignoreFailureInStories=false,ignoreFailureInView=true,verboseFailures=false,verboseFiltering=false,storyTimeouts=10000,threads=1,failOnStoryTimeout=false]
Meta[properties={narrative=Narrative[inOrderTo=,asA=,iWantTo=,soThat=], description=, path=stories/relatorios/relatorio_devolucao_troca.story}] excluded by filter 'groovy: (issue == 'rgs-35' || issue == 'rgs-36' || issue == 'rgs-37' || issue == 'rgs-38' || issue == 'rgs-39' || issue == 'rgs-40')'
Meta[properties={examplesTable=, base=RELOH, context=RELATORIOS, grupoInstancias=AdmCD, narrative=Narrative[inOrderTo=,asA=,iWantTo=,soThat=], title=Gerar relatorio devolucao/troca, issue=rel-04, rel-04=, description=, givenStories=, tag=component:Regressao - RELOH, path=stories/relatorios/relatorio_devolucao_troca.story}] excluded by filter 'groovy: (issue == 'rgs-35' || issue == 'rgs-36' || issue == 'rgs-37' || issue == 'rgs-38' || issue == 'rgs-39' || issue == 'rgs-40')'

(BeforeStories)

Meta[properties={narrative=Narrative[inOrderTo=,asA=,iWantTo=,soThat=], description=, path=stories/relatorios/relatorio_devolucao_troca.story}] excluded by filter 'groovy: (issue == 'rgs-35' || issue == 'rgs-36' || issue == 'rgs-37' || issue == 'rgs-38' || issue == 'rgs-39' || issue == 'rgs-40')'
Meta[properties={examplesTable=, base=RELOH, context=RELATORIOS, grupoInstancias=AdmCD, narrative=Narrative[inOrderTo=,asA=,iWantTo=,soThat=], title=Gerar relatorio devolucao/troca, issue=rel-04, rel-04=, description=, givenStories=, tag=component:Regressao - RELOH, path=stories/relatorios/relatorio_devolucao_troca.story}] excluded by filter 'groovy: (issue == 'rgs-35' || issue == 'rgs-36' || issue == 'rgs-37' || issue == 'rgs-38' || issue == 'rgs-39' || issue == 'rgs-40')'
1 stories excluded by filter: groovy: (issue == 'rgs-35' || issue == 'rgs-36' || issue == 'rgs-37' || issue == 'rgs-38' || issue == 'rgs-39' || issue == 'rgs-40')


(AfterStories)

Generating reports view to '/home/pedro/Documentos/Automação/testes-automatizados/mv-lojas-bdd/target/jbehave' using formats '[stats, console, html, xml, serenityreporter]' and view properties '{decorateNonHtml=true}'
Reports view generated with 2 stories (of which 0 pending) containing 1 scenarios (of which 0 pending)
Failures in reports view: 1 scenarios failed
Processing system properties {}
Using controls EmbedderControls[batch=false,skip=false,generateViewAfterStories=true,ignoreFailureInStories=false,ignoreFailureInView=true,verboseFailures=false,verboseFiltering=false,storyTimeouts=10000,threads=1,failOnStoryTimeout=false]
Meta[properties={narrative=Narrative[inOrderTo=,asA=,iWantTo=,soThat=], description=, path=stories/pedido/pedido_tipo_venda_avista3.story}] excluded by filter 'groovy: (issue == 'rgs-35' || issue == 'rgs-36' || issue == 'rgs-37' || issue == 'rgs-38' || issue == 'rgs-39' || issue == 'rgs-40')'
Meta[properties={examplesTable=, base=RELOH, context=PEDIDOS, grupoInstancias=Pedidos, narrative=Narrative[inOrderTo=,asA=,iWantTo=,soThat=], title=Elaborar um pedido a vista com dois produtos DEPOSITO/RETIRADA OUTRA LOJA COM RESERVA DEPOSITO, issue=rgs-03, description=, rgs-03=, givenStories=, tag=component:Regressão - RELOH, path=stories/pedido/pedido_tipo_venda_avista3.story}] excluded by filter 'groovy: (issue == 'rgs-35' || issue == 'rgs-36' || issue == 'rgs-37' || issue == 'rgs-38' || issue == 'rgs-39' || issue == 'rgs-40')'
Meta[properties={examplesTable=, base=RELOH, context=PEDIDOS, grupoInstancias=Pedidos, narrative=Narrative[inOrderTo=,asA=,iWantTo=,soThat=], title=Efetua o reempenho do pedido feito, issue=rgs-03, description=, rgs-03=, givenStories=, tag=component:Regressão - RELOH, path=stories/pedido/pedido_tipo_venda_avista3.story}] excluded by filter 'groovy: (issue == 'rgs-35' || issue == 'rgs-36' || issue == 'rgs-37' || issue == 'rgs-38' || issue == 'rgs-39' || issue == 'rgs-40')'

(BeforeStories)

Meta[properties={narrative=Narrative[inOrderTo=,asA=,iWantTo=,soThat=], description=, path=stories/pedido/pedido_tipo_venda_avista3.story}] excluded by filter 'groovy: (issue == 'rgs-35' || issue == 'rgs-36' || issue == 'rgs-37' || issue == 'rgs-38' || issue == 'rgs-39' || issue == 'rgs-40')'
Meta[properties={examplesTable=, base=RELOH, context=PEDIDOS, grupoInstancias=Pedidos, narrative=Narrative[inOrderTo=,asA=,iWantTo=,soThat=], title=Elaborar um pedido a vista com dois produtos DEPOSITO/RETIRADA OUTRA LOJA COM RESERVA DEPOSITO, issue=rgs-03, description=, rgs-03=, givenStories=, tag=component:Regressão - RELOH, path=stories/pedido/pedido_tipo_venda_avista3.story}] excluded by filter 'groovy: (issue == 'rgs-35' || issue == 'rgs-36' || issue == 'rgs-37' || issue == 'rgs-38' || issue == 'rgs-39' || issue == 'rgs-40')'
Meta[properties={examplesTable=, base=RELOH, context=PEDIDOS, grupoInstancias=Pedidos, narrative=Narrative[inOrderTo=,asA=,iWantTo=,soThat=], title=Efetua o reempenho do pedido feito, issue=rgs-03, description=, rgs-03=, givenStories=, tag=component:Regressão - RELOH, path=stories/pedido/pedido_tipo_venda_avista3.story}] excluded by filter 'groovy: (issue == 'rgs-35' || issue == 'rgs-36' || issue == 'rgs-37' || issue == 'rgs-38' || issue == 'rgs-39' || issue == 'rgs-40')'
1 stories excluded by filter: groovy: (issue == 'rgs-35' || issue == 'rgs-36' || issue == 'rgs-37' || issue == 'rgs-38' || issue == 'rgs-39' || issue == 'rgs-40')


(AfterStories)

Generating reports view to '/home/pedro/Documentos/Automação/testes-automatizados/mv-lojas-bdd/target/jbehave' using formats '[stats, console, html, xml, serenityreporter]' and view properties '{decorateNonHtml=true}'
Reports view generated with 2 stories (of which 0 pending) containing 1 scenarios (of which 0 pending)
Failures in reports view: 1 scenarios failed
Processing system properties {}
Using controls EmbedderControls[batch=false,skip=false,generateViewAfterStories=true,ignoreFailureInStories=false,ignoreFailureInView=true,verboseFailures=false,verboseFiltering=false,storyTimeouts=10000,threads=1,failOnStoryTimeout=false]
Meta[properties={narrative=Narrative[inOrderTo=,asA=,iWantTo=,soThat=], description=, path=stories/processos/atendimento_cliente_recibo_troca_pedido_deposito_faturado.story}] excluded by filter 'groovy: (issue == 'rgs-35' || issue == 'rgs-36' || issue == 'rgs-37' || issue == 'rgs-38' || issue == 'rgs-39' || issue == 'rgs-40')'
Meta[properties={examplesTable=, base=RELOH, context=PROCESSOS, grupoInstancias=Pedidos, narrative=Narrative[inOrderTo=,asA=,iWantTo=,soThat=], prcs-08=, title=Elaborar um pedido a vista com empenho em loja/normal, issue=prcs-08, description=, skip=, givenStories=, tag=component:Processos - RELOH, path=stories/processos/atendimento_cliente_recibo_troca_pedido_deposito_faturado.story}] excluded by filter 'groovy: (issue == 'rgs-35' || issue == 'rgs-36' || issue == 'rgs-37' || issue == 'rgs-38' || issue == 'rgs-39' || issue == 'rgs-40')'
Meta[properties={examplesTable=, base=RELOH, context=PROCESSOS, grupoInstancias=Caixa, narrative=Narrative[inOrderTo=,asA=,iWantTo=,soThat=], prcs-08=, title=Efetua o recebimento do pedido, issue=prcs-08, description=, skip=, givenStories=, tag=component:Regressão - RELOH, path=stories/processos/atendimento_cliente_recibo_troca_pedido_deposito_faturado.story}] excluded by filter 'groovy: (issue == 'rgs-35' || issue == 'rgs-36' || issue == 'rgs-37' || issue == 'rgs-38' || issue == 'rgs-39' || issue == 'rgs-40')'
Meta[properties={examplesTable=, base=RELOH, context=PROCESSOS, grupoInstancias=AdmCD, narrative=Narrative[inOrderTo=,asA=,iWantTo=,soThat=], prcs-08=, title=Cria a carga para associar ao controle de faturamento, issue=prcs-08, description=, skip=, givenStories=, tag=component:Processos - RELOH, path=stories/processos/atendimento_cliente_recibo_troca_pedido_deposito_faturado.story}] excluded by filter 'groovy: (issue == 'rgs-35' || issue == 'rgs-36' || issue == 'rgs-37' || issue == 'rgs-38' || issue == 'rgs-39' || issue == 'rgs-40')'
Meta[properties={examplesTable=, base=RELOH, context=PROCESSOS, grupoInstancias=AdmCD, narrative=Narrative[inOrderTo=,asA=,iWantTo=,soThat=], prcs-08=, title=Cria a nota de transferencia do CD 47 para o CD 221, issue=prcs-08, description=, skip=, givenStories=, tag=component:Processos - RELOH, path=stories/processos/atendimento_cliente_recibo_troca_pedido_deposito_faturado.story}] excluded by filter 'groovy: (issue == 'rgs-35' || issue == 'rgs-36' || issue == 'rgs-37' || issue == 'rgs-38' || issue == 'rgs-39' || issue == 'rgs-40')'
Meta[properties={examplesTable=, base=RELOH, context=PROCESSOS, grupoInstancias=AdmCD, narrative=Narrative[inOrderTo=,asA=,iWantTo=,soThat=], prcs-08=, title=Processa a nota de transferencia a nota no CD 221, issue=prcs-08, description=, skip=, givenStories=, tag=component:Processos - RELOH, path=stories/processos/atendimento_cliente_recibo_troca_pedido_deposito_faturado.story}] excluded by filter 'groovy: (issue == 'rgs-35' || issue == 'rgs-36' || issue == 'rgs-37' || issue == 'rgs-38' || issue == 'rgs-39' || issue == 'rgs-40')'
Meta[properties={examplesTable=, base=RELOH, context=PROCESSOS, grupoInstancias=AdmCD, narrative=Narrative[inOrderTo=,asA=,iWantTo=,soThat=], prcs-08=, title=Fatura a nota de transferencia a nota no CD 221, issue=prcs-08, description=, skip=, givenStories=, tag=component:Processos - RELOH, path=stories/processos/atendimento_cliente_recibo_troca_pedido_deposito_faturado.story}] excluded by filter 'groovy: (issue == 'rgs-35' || issue == 'rgs-36' || issue == 'rgs-37' || issue == 'rgs-38' || issue == 'rgs-39' || issue == 'rgs-40')'
Meta[properties={examplesTable=, base=RELOH, context=PROCESSOS, grupoInstancias=AdmCD, narrative=Narrative[inOrderTo=,asA=,iWantTo=,soThat=], prcs-08=, title=Elaborar um atendimento para o pedido realizado, issue=prcs-08, description=, skip=, givenStories=, tag=component:Processos - RELOH, path=stories/processos/atendimento_cliente_recibo_troca_pedido_deposito_faturado.story}] excluded by filter 'groovy: (issue == 'rgs-35' || issue == 'rgs-36' || issue == 'rgs-37' || issue == 'rgs-38' || issue == 'rgs-39' || issue == 'rgs-40')'
Meta[properties={examplesTable=, base=RELOH, context=PROCESSOS, grupoInstancias=AdmCD, narrative=Narrative[inOrderTo=,asA=,iWantTo=,soThat=], title=Cria a carga para associar ao controle de faturamento, issue=prcs-05, prcs-05=, description=, skip=, givenStories=, tag=component:Processos - RELOH, path=stories/processos/atendimento_cliente_recibo_troca_pedido_deposito_faturado.story}] excluded by filter 'groovy: (issue == 'rgs-35' || issue == 'rgs-36' || issue == 'rgs-37' || issue == 'rgs-38' || issue == 'rgs-39' || issue == 'rgs-40')'
Meta[properties={examplesTable=, base=RELOH, context=PROCESSOS, grupoInstancias=AdmCD, narrative=Narrative[inOrderTo=,asA=,iWantTo=,soThat=], title=Cria a nota de transferencia do CD 47 para o CD 221, issue=prcs-05, prcs-05=, description=, skip=, givenStories=, tag=component:Processos - RELOH, path=stories/processos/atendimento_cliente_recibo_troca_pedido_deposito_faturado.story}] excluded by filter 'groovy: (issue == 'rgs-35' || issue == 'rgs-36' || issue == 'rgs-37' || issue == 'rgs-38' || issue == 'rgs-39' || issue == 'rgs-40')'
Meta[properties={examplesTable=, base=RELOH, context=PROCESSOS, grupoInstancias=AdmCD, narrative=Narrative[inOrderTo=,asA=,iWantTo=,soThat=], title=Processa a nota de transferencia a nota no CD 221, issue=prcs-05, prcs-05=, description=, skip=, givenStories=, tag=component:Processos - RELOH, path=stories/processos/atendimento_cliente_recibo_troca_pedido_deposito_faturado.story}] excluded by filter 'groovy: (issue == 'rgs-35' || issue == 'rgs-36' || issue == 'rgs-37' || issue == 'rgs-38' || issue == 'rgs-39' || issue == 'rgs-40')'
Meta[properties={examplesTable=, base=RELOH, context=PROCESSOS, grupoInstancias=AdmCD, narrative=Narrative[inOrderTo=,asA=,iWantTo=,soThat=], title=Fatura a nota de transferencia a nota no CD 221, issue=prcs-05, prcs-05=, description=, skip=, givenStories=, tag=component:Processos - RELOH, path=stories/processos/atendimento_cliente_recibo_troca_pedido_deposito_faturado.story}] excluded by filter 'groovy: (issue == 'rgs-35' || issue == 'rgs-36' || issue == 'rgs-37' || issue == 'rgs-38' || issue == 'rgs-39' || issue == 'rgs-40')'
Meta[properties={examplesTable=, base=RELOH, context=PROCESSOS, grupoInstancias=AdmCD, narrative=Narrative[inOrderTo=,asA=,iWantTo=,soThat=], title=Realiza o Recolhimento de Produto, issue=prcs-05, prcs-05=, description=, skip=, givenStories=, tag=component:Processos - RELOH, path=stories/processos/atendimento_cliente_recibo_troca_pedido_deposito_faturado.story}] excluded by filter 'groovy: (issue == 'rgs-35' || issue == 'rgs-36' || issue == 'rgs-37' || issue == 'rgs-38' || issue == 'rgs-39' || issue == 'rgs-40')'
Meta[properties={examplesTable=, base=RELOH, context=PROCESSOS, grupoInstancias=Pedidos, narrative=Narrative[inOrderTo=,asA=,iWantTo=,soThat=], title=Elaborar um pedido utilizando o recibo de troca, issue=prcs-04, prcs-04=, description=, skip=, givenStories=, tag=component:Processos - RELOH, path=stories/processos/atendimento_cliente_recibo_troca_pedido_deposito_faturado.story}] excluded by filter 'groovy: (issue == 'rgs-35' || issue == 'rgs-36' || issue == 'rgs-37' || issue == 'rgs-38' || issue == 'rgs-39' || issue == 'rgs-40')'
Meta[properties={examplesTable=, base=RELOH, context=PROCESSOS, grupoInstancias=Caixa, narrative=Narrative[inOrderTo=,asA=,iWantTo=,soThat=], title=Efetua o recebimento do pedido feito com recibo de troca, issue=prcs-04, prcs-04=, description=, skip=, givenStories=, tag=component:Regressão - RELOH, path=stories/processos/atendimento_cliente_recibo_troca_pedido_deposito_faturado.story}] excluded by filter 'groovy: (issue == 'rgs-35' || issue == 'rgs-36' || issue == 'rgs-37' || issue == 'rgs-38' || issue == 'rgs-39' || issue == 'rgs-40')'

(BeforeStories)

Meta[properties={narrative=Narrative[inOrderTo=,asA=,iWantTo=,soThat=], description=, path=stories/processos/atendimento_cliente_recibo_troca_pedido_deposito_faturado.story}] excluded by filter 'groovy: (issue == 'rgs-35' || issue == 'rgs-36' || issue == 'rgs-37' || issue == 'rgs-38' || issue == 'rgs-39' || issue == 'rgs-40')'
Meta[properties={examplesTable=, base=RELOH, context=PROCESSOS, grupoInstancias=Pedidos, narrative=Narrative[inOrderTo=,asA=,iWantTo=,soThat=], prcs-08=, title=Elaborar um pedido a vista com empenho em loja/normal, issue=prcs-08, description=, skip=, givenStories=, tag=component:Processos - RELOH, path=stories/processos/atendimento_cliente_recibo_troca_pedido_deposito_faturado.story}] excluded by filter 'groovy: (issue == 'rgs-35' || issue == 'rgs-36' || issue == 'rgs-37' || issue == 'rgs-38' || issue == 'rgs-39' || issue == 'rgs-40')'
Meta[properties={examplesTable=, base=RELOH, context=PROCESSOS, grupoInstancias=Caixa, narrative=Narrative[inOrderTo=,asA=,iWantTo=,soThat=], prcs-08=, title=Efetua o recebimento do pedido, issue=prcs-08, description=, skip=, givenStories=, tag=component:Regressão - RELOH, path=stories/processos/atendimento_cliente_recibo_troca_pedido_deposito_faturado.story}] excluded by filter 'groovy: (issue == 'rgs-35' || issue == 'rgs-36' || issue == 'rgs-37' || issue == 'rgs-38' || issue == 'rgs-39' || issue == 'rgs-40')'
Meta[properties={examplesTable=, base=RELOH, context=PROCESSOS, grupoInstancias=AdmCD, narrative=Narrative[inOrderTo=,asA=,iWantTo=,soThat=], prcs-08=, title=Cria a carga para associar ao controle de faturamento, issue=prcs-08, description=, skip=, givenStories=, tag=component:Processos - RELOH, path=stories/processos/atendimento_cliente_recibo_troca_pedido_deposito_faturado.story}] excluded by filter 'groovy: (issue == 'rgs-35' || issue == 'rgs-36' || issue == 'rgs-37' || issue == 'rgs-38' || issue == 'rgs-39' || issue == 'rgs-40')'
Meta[properties={examplesTable=, base=RELOH, context=PROCESSOS, grupoInstancias=AdmCD, narrative=Narrative[inOrderTo=,asA=,iWantTo=,soThat=], prcs-08=, title=Cria a nota de transferencia do CD 47 para o CD 221, issue=prcs-08, description=, skip=, givenStories=, tag=component:Processos - RELOH, path=stories/processos/atendimento_cliente_recibo_troca_pedido_deposito_faturado.story}] excluded by filter 'groovy: (issue == 'rgs-35' || issue == 'rgs-36' || issue == 'rgs-37' || issue == 'rgs-38' || issue == 'rgs-39' || issue == 'rgs-40')'
Meta[properties={examplesTable=, base=RELOH, context=PROCESSOS, grupoInstancias=AdmCD, narrative=Narrative[inOrderTo=,asA=,iWantTo=,soThat=], prcs-08=, title=Processa a nota de transferencia a nota no CD 221, issue=prcs-08, description=, skip=, givenStories=, tag=component:Processos - RELOH, path=stories/processos/atendimento_cliente_recibo_troca_pedido_deposito_faturado.story}] excluded by filter 'groovy: (issue == 'rgs-35' || issue == 'rgs-36' || issue == 'rgs-37' || issue == 'rgs-38' || issue == 'rgs-39' || issue == 'rgs-40')'
Meta[properties={examplesTable=, base=RELOH, context=PROCESSOS, grupoInstancias=AdmCD, narrative=Narrative[inOrderTo=,asA=,iWantTo=,soThat=], prcs-08=, title=Fatura a nota de transferencia a nota no CD 221, issue=prcs-08, description=, skip=, givenStories=, tag=component:Processos - RELOH, path=stories/processos/atendimento_cliente_recibo_troca_pedido_deposito_faturado.story}] excluded by filter 'groovy: (issue == 'rgs-35' || issue == 'rgs-36' || issue == 'rgs-37' || issue == 'rgs-38' || issue == 'rgs-39' || issue == 'rgs-40')'
Meta[properties={examplesTable=, base=RELOH, context=PROCESSOS, grupoInstancias=AdmCD, narrative=Narrative[inOrderTo=,asA=,iWantTo=,soThat=], prcs-08=, title=Elaborar um atendimento para o pedido realizado, issue=prcs-08, description=, skip=, givenStories=, tag=component:Processos - RELOH, path=stories/processos/atendimento_cliente_recibo_troca_pedido_deposito_faturado.story}] excluded by filter 'groovy: (issue == 'rgs-35' || issue == 'rgs-36' || issue == 'rgs-37' || issue == 'rgs-38' || issue == 'rgs-39' || issue == 'rgs-40')'
Meta[properties={examplesTable=, base=RELOH, context=PROCESSOS, grupoInstancias=AdmCD, narrative=Narrative[inOrderTo=,asA=,iWantTo=,soThat=], title=Cria a carga para associar ao controle de faturamento, issue=prcs-05, prcs-05=, description=, skip=, givenStories=, tag=component:Processos - RELOH, path=stories/processos/atendimento_cliente_recibo_troca_pedido_deposito_faturado.story}] excluded by filter 'groovy: (issue == 'rgs-35' || issue == 'rgs-36' || issue == 'rgs-37' || issue == 'rgs-38' || issue == 'rgs-39' || issue == 'rgs-40')'
Meta[properties={examplesTable=, base=RELOH, context=PROCESSOS, grupoInstancias=AdmCD, narrative=Narrative[inOrderTo=,asA=,iWantTo=,soThat=], title=Cria a nota de transferencia do CD 47 para o CD 221, issue=prcs-05, prcs-05=, description=, skip=, givenStories=, tag=component:Processos - RELOH, path=stories/processos/atendimento_cliente_recibo_troca_pedido_deposito_faturado.story}] excluded by filter 'groovy: (issue == 'rgs-35' || issue == 'rgs-36' || issue == 'rgs-37' || issue == 'rgs-38' || issue == 'rgs-39' || issue == 'rgs-40')'
Meta[properties={examplesTable=, base=RELOH, context=PROCESSOS, grupoInstancias=AdmCD, narrative=Narrative[inOrderTo=,asA=,iWantTo=,soThat=], title=Processa a nota de transferencia a nota no CD 221, issue=prcs-05, prcs-05=, description=, skip=, givenStories=, tag=component:Processos - RELOH, path=stories/processos/atendimento_cliente_recibo_troca_pedido_deposito_faturado.story}] excluded by filter 'groovy: (issue == 'rgs-35' || issue == 'rgs-36' || issue == 'rgs-37' || issue == 'rgs-38' || issue == 'rgs-39' || issue == 'rgs-40')'
Meta[properties={examplesTable=, base=RELOH, context=PROCESSOS, grupoInstancias=AdmCD, narrative=Narrative[inOrderTo=,asA=,iWantTo=,soThat=], title=Fatura a nota de transferencia a nota no CD 221, issue=prcs-05, prcs-05=, description=, skip=, givenStories=, tag=component:Processos - RELOH, path=stories/processos/atendimento_cliente_recibo_troca_pedido_deposito_faturado.story}] excluded by filter 'groovy: (issue == 'rgs-35' || issue == 'rgs-36' || issue == 'rgs-37' || issue == 'rgs-38' || issue == 'rgs-39' || issue == 'rgs-40')'
Meta[properties={examplesTable=, base=RELOH, context=PROCESSOS, grupoInstancias=AdmCD, narrative=Narrative[inOrderTo=,asA=,iWantTo=,soThat=], title=Realiza o Recolhimento de Produto, issue=prcs-05, prcs-05=, description=, skip=, givenStories=, tag=component:Processos - RELOH, path=stories/processos/atendimento_cliente_recibo_troca_pedido_deposito_faturado.story}] excluded by filter 'groovy: (issue == 'rgs-35' || issue == 'rgs-36' || issue == 'rgs-37' || issue == 'rgs-38' || issue == 'rgs-39' || issue == 'rgs-40')'
Meta[properties={examplesTable=, base=RELOH, context=PROCESSOS, grupoInstancias=Pedidos, narrative=Narrative[inOrderTo=,asA=,iWantTo=,soThat=], title=Elaborar um pedido utilizando o recibo de troca, issue=prcs-04, prcs-04=, description=, skip=, givenStories=, tag=component:Processos - RELOH, path=stories/processos/atendimento_cliente_recibo_troca_pedido_deposito_faturado.story}] excluded by filter 'groovy: (issue == 'rgs-35' || issue == 'rgs-36' || issue == 'rgs-37' || issue == 'rgs-38' || issue == 'rgs-39' || issue == 'rgs-40')'
Meta[properties={examplesTable=, base=RELOH, context=PROCESSOS, grupoInstancias=Caixa, narrative=Narrative[inOrderTo=,asA=,iWantTo=,soThat=], title=Efetua o recebimento do pedido feito com recibo de troca, issue=prcs-04, prcs-04=, description=, skip=, givenStories=, tag=component:Regressão - RELOH, path=stories/processos/atendimento_cliente_recibo_troca_pedido_deposito_faturado.story}] excluded by filter 'groovy: (issue == 'rgs-35' || issue == 'rgs-36' || issue == 'rgs-37' || issue == 'rgs-38' || issue == 'rgs-39' || issue == 'rgs-40')'
1 stories excluded by filter: groovy: (issue == 'rgs-35' || issue == 'rgs-36' || issue == 'rgs-37' || issue == 'rgs-38' || issue == 'rgs-39' || issue == 'rgs-40')

Story name for stories/processos/atendimento_cliente_recibo_troca_pedido_deposito_faturado.story => TestTag{name='Processos/Atendimento cliente recibo troca pedido deposito faturado', type='story'}
Story name for stories/processos/atendimento_cliente_recibo_troca_pedido_deposito_faturado.story => TestTag{name='Processos/Atendimento cliente recibo troca pedido deposito faturado', type='story'}
Story name for stories/processos/atendimento_cliente_recibo_troca_pedido_deposito_faturado.story => TestTag{name='Processos/Atendimento cliente recibo troca pedido deposito faturado', type='story'}
Story name for stories/processos/atendimento_cliente_recibo_troca_pedido_deposito_faturado.story => TestTag{name='Processos/Atendimento cliente recibo troca pedido deposito faturado', type='story'}
Story name for stories/processos/atendimento_cliente_recibo_troca_pedido_deposito_faturado.story => TestTag{name='Processos/Atendimento cliente recibo troca pedido deposito faturado', type='story'}
Story name for stories/processos/atendimento_cliente_recibo_troca_pedido_deposito_faturado.story => TestTag{name='Processos/Atendimento cliente recibo troca pedido deposito faturado', type='story'}
Story name for stories/processos/atendimento_cliente_recibo_troca_pedido_deposito_faturado.story => TestTag{name='Processos/Atendimento cliente recibo troca pedido deposito faturado', type='story'}
Story name for stories/processos/atendimento_cliente_recibo_troca_pedido_deposito_faturado.story => TestTag{name='Processos/Atendimento cliente recibo troca pedido deposito faturado', type='story'}
Story name for stories/processos/atendimento_cliente_recibo_troca_pedido_deposito_faturado.story => TestTag{name='Processos/Atendimento cliente recibo troca pedido deposito faturado', type='story'}
Story name for stories/processos/atendimento_cliente_recibo_troca_pedido_deposito_faturado.story => TestTag{name='Processos/Atendimento cliente recibo troca pedido deposito faturado', type='story'}
Story name for stories/processos/atendimento_cliente_recibo_troca_pedido_deposito_faturado.story => TestTag{name='Processos/Atendimento cliente recibo troca pedido deposito faturado', type='story'}
Story name for stories/processos/atendimento_cliente_recibo_troca_pedido_deposito_faturado.story => TestTag{name='Processos/Atendimento cliente recibo troca pedido deposito faturado', type='story'}
Story name for stories/processos/atendimento_cliente_recibo_troca_pedido_deposito_faturado.story => TestTag{name='Processos/Atendimento cliente recibo troca pedido deposito faturado', type='story'}
Story name for stories/processos/atendimento_cliente_recibo_troca_pedido_deposito_faturado.story => TestTag{name='Processos/Atendimento cliente recibo troca pedido deposito faturado', type='story'}
Story name for stories/processos/atendimento_cliente_recibo_troca_pedido_deposito_faturado.story => TestTag{name='Processos/Atendimento cliente recibo troca pedido deposito faturado', type='story'}
Story name for stories/processos/atendimento_cliente_recibo_troca_pedido_deposito_faturado.story => TestTag{name='Processos/Atendimento cliente recibo troca pedido deposito faturado', type='story'}
Story name for stories/processos/atendimento_cliente_recibo_troca_pedido_deposito_faturado.story => TestTag{name='Processos/Atendimento cliente recibo troca pedido deposito faturado', type='story'}
Story name for stories/processos/atendimento_cliente_recibo_troca_pedido_deposito_faturado.story => TestTag{name='Processos/Atendimento cliente recibo troca pedido deposito faturado', type='story'}
Story name for stories/processos/atendimento_cliente_recibo_troca_pedido_deposito_faturado.story => TestTag{name='Processos/Atendimento cliente recibo troca pedido deposito faturado', type='story'}
Story name for stories/processos/atendimento_cliente_recibo_troca_pedido_deposito_faturado.story => TestTag{name='Processos/Atendimento cliente recibo troca pedido deposito faturado', type='story'}
Story name for stories/processos/atendimento_cliente_recibo_troca_pedido_deposito_faturado.story => TestTag{name='Processos/Atendimento cliente recibo troca pedido deposito faturado', type='story'}
Story name for stories/processos/atendimento_cliente_recibo_troca_pedido_deposito_faturado.story => TestTag{name='Processos/Atendimento cliente recibo troca pedido deposito faturado', type='story'}
Story name for stories/processos/atendimento_cliente_recibo_troca_pedido_deposito_faturado.story => TestTag{name='Processos/Atendimento cliente recibo troca pedido deposito faturado', type='story'}
Story name for stories/processos/atendimento_cliente_recibo_troca_pedido_deposito_faturado.story => TestTag{name='Processos/Atendimento cliente recibo troca pedido deposito faturado', type='story'}
Story name for stories/processos/atendimento_cliente_recibo_troca_pedido_deposito_faturado.story => TestTag{name='Processos/Atendimento cliente recibo troca pedido deposito faturado', type='story'}
Story name for stories/processos/atendimento_cliente_recibo_troca_pedido_deposito_faturado.story => TestTag{name='Processos/Atendimento cliente recibo troca pedido deposito faturado', type='story'}
Story name for stories/processos/atendimento_cliente_recibo_troca_pedido_deposito_faturado.story => TestTag{name='Processos/Atendimento cliente recibo troca pedido deposito faturado', type='story'}
Story name for stories/processos/atendimento_cliente_recibo_troca_pedido_deposito_faturado.story => TestTag{name='Processos/Atendimento cliente recibo troca pedido deposito faturado', type='story'}

(AfterStories)

Generating reports view to '/home/pedro/Documentos/Automação/testes-automatizados/mv-lojas-bdd/target/jbehave' using formats '[stats, console, html, xml, serenityreporter]' and view properties '{decorateNonHtml=true}'
Reports view generated with 2 stories (of which 0 pending) containing 1 scenarios (of which 0 pending)
Failures in reports view: 1 scenarios failed
Processing system properties {}
Using controls EmbedderControls[batch=false,skip=false,generateViewAfterStories=true,ignoreFailureInStories=false,ignoreFailureInView=true,verboseFailures=false,verboseFiltering=false,storyTimeouts=10000,threads=1,failOnStoryTimeout=false]
Meta[properties={narrative=Narrative[inOrderTo=,asA=,iWantTo=,soThat=], description=, path=stories/notas_fiscais/nota_devolucao_compras_comercializacao.story}] excluded by filter 'groovy: (issue == 'rgs-35' || issue == 'rgs-36' || issue == 'rgs-37' || issue == 'rgs-38' || issue == 'rgs-39' || issue == 'rgs-40')'
Meta[properties={examplesTable=, base=RELOH, context=NOTAS_FISCAIS, grupoInstancias=AdmCD, nf-14=, narrative=Narrative[inOrderTo=,asA=,iWantTo=,soThat=], title=Emite Nota Fiscal Avulsa Tipo 244 - DEVOL.DE COMPRAS P/COMERCIALIZACAO (FORNEC.C/ARMAZ.GERAL) - UF2140, issue=nf-14, description=, givenStories=, tag=component:Processos - RELOH, path=stories/notas_fiscais/nota_devolucao_compras_comercializacao.story}] excluded by filter 'groovy: (issue == 'rgs-35' || issue == 'rgs-36' || issue == 'rgs-37' || issue == 'rgs-38' || issue == 'rgs-39' || issue == 'rgs-40')'

(BeforeStories)

Meta[properties={narrative=Narrative[inOrderTo=,asA=,iWantTo=,soThat=], description=, path=stories/notas_fiscais/nota_devolucao_compras_comercializacao.story}] excluded by filter 'groovy: (issue == 'rgs-35' || issue == 'rgs-36' || issue == 'rgs-37' || issue == 'rgs-38' || issue == 'rgs-39' || issue == 'rgs-40')'
Meta[properties={examplesTable=, base=RELOH, context=NOTAS_FISCAIS, grupoInstancias=AdmCD, nf-14=, narrative=Narrative[inOrderTo=,asA=,iWantTo=,soThat=], title=Emite Nota Fiscal Avulsa Tipo 244 - DEVOL.DE COMPRAS P/COMERCIALIZACAO (FORNEC.C/ARMAZ.GERAL) - UF2140, issue=nf-14, description=, givenStories=, tag=component:Processos - RELOH, path=stories/notas_fiscais/nota_devolucao_compras_comercializacao.story}] excluded by filter 'groovy: (issue == 'rgs-35' || issue == 'rgs-36' || issue == 'rgs-37' || issue == 'rgs-38' || issue == 'rgs-39' || issue == 'rgs-40')'
1 stories excluded by filter: groovy: (issue == 'rgs-35' || issue == 'rgs-36' || issue == 'rgs-37' || issue == 'rgs-38' || issue == 'rgs-39' || issue == 'rgs-40')


(AfterStories)

Generating reports view to '/home/pedro/Documentos/Automação/testes-automatizados/mv-lojas-bdd/target/jbehave' using formats '[stats, console, html, xml, serenityreporter]' and view properties '{decorateNonHtml=true}'
Reports view generated with 2 stories (of which 0 pending) containing 1 scenarios (of which 0 pending)
Failures in reports view: 1 scenarios failed
Processing system properties {}
Using controls EmbedderControls[batch=false,skip=false,generateViewAfterStories=true,ignoreFailureInStories=false,ignoreFailureInView=true,verboseFailures=false,verboseFiltering=false,storyTimeouts=10000,threads=1,failOnStoryTimeout=false]
Meta[properties={narrative=Narrative[inOrderTo=,asA=,iWantTo=,soThat=], description=, path=stories/pedido/pedido_tipo_venda_carne_losango19.story}] excluded by filter 'groovy: (issue == 'rgs-35' || issue == 'rgs-36' || issue == 'rgs-37' || issue == 'rgs-38' || issue == 'rgs-39' || issue == 'rgs-40')'
Meta[properties={examplesTable=, base=RELOH, context=PEDIDOS, grupoInstancias=Pedidos, rgs-19=, narrative=Narrative[inOrderTo=,asA=,iWantTo=,soThat=], title=Elaborar um pedido a vista com DEPOSITO/RETIRADA OUTRA LOJA COM RESERVA DEPOSITO, issue=rgs-19, description=, givenStories=, path=stories/pedido/pedido_tipo_venda_carne_losango19.story, tag=component:Regressão - RELOH}] excluded by filter 'groovy: (issue == 'rgs-35' || issue == 'rgs-36' || issue == 'rgs-37' || issue == 'rgs-38' || issue == 'rgs-39' || issue == 'rgs-40')'
Meta[properties={examplesTable=, base=RELOH, context=PEDIDOS, grupoInstancias=Pedidos, rgs-19=, narrative=Narrative[inOrderTo=,asA=,iWantTo=,soThat=], title=Efetua a reabertura do pedido feito, issue=rgs-19, description=, givenStories=, path=stories/pedido/pedido_tipo_venda_carne_losango19.story, tag=component:Regressão - RELOH}] excluded by filter 'groovy: (issue == 'rgs-35' || issue == 'rgs-36' || issue == 'rgs-37' || issue == 'rgs-38' || issue == 'rgs-39' || issue == 'rgs-40')'

(BeforeStories)

Meta[properties={narrative=Narrative[inOrderTo=,asA=,iWantTo=,soThat=], description=, path=stories/pedido/pedido_tipo_venda_carne_losango19.story}] excluded by filter 'groovy: (issue == 'rgs-35' || issue == 'rgs-36' || issue == 'rgs-37' || issue == 'rgs-38' || issue == 'rgs-39' || issue == 'rgs-40')'
Meta[properties={examplesTable=, base=RELOH, context=PEDIDOS, grupoInstancias=Pedidos, rgs-19=, narrative=Narrative[inOrderTo=,asA=,iWantTo=,soThat=], title=Elaborar um pedido a vista com DEPOSITO/RETIRADA OUTRA LOJA COM RESERVA DEPOSITO, issue=rgs-19, description=, givenStories=, path=stories/pedido/pedido_tipo_venda_carne_losango19.story, tag=component:Regressão - RELOH}] excluded by filter 'groovy: (issue == 'rgs-35' || issue == 'rgs-36' || issue == 'rgs-37' || issue == 'rgs-38' || issue == 'rgs-39' || issue == 'rgs-40')'
Meta[properties={examplesTable=, base=RELOH, context=PEDIDOS, grupoInstancias=Pedidos, rgs-19=, narrative=Narrative[inOrderTo=,asA=,iWantTo=,soThat=], title=Efetua a reabertura do pedido feito, issue=rgs-19, description=, givenStories=, path=stories/pedido/pedido_tipo_venda_carne_losango19.story, tag=component:Regressão - RELOH}] excluded by filter 'groovy: (issue == 'rgs-35' || issue == 'rgs-36' || issue == 'rgs-37' || issue == 'rgs-38' || issue == 'rgs-39' || issue == 'rgs-40')'
1 stories excluded by filter: groovy: (issue == 'rgs-35' || issue == 'rgs-36' || issue == 'rgs-37' || issue == 'rgs-38' || issue == 'rgs-39' || issue == 'rgs-40')


(AfterStories)

Generating reports view to '/home/pedro/Documentos/Automação/testes-automatizados/mv-lojas-bdd/target/jbehave' using formats '[stats, console, html, xml, serenityreporter]' and view properties '{decorateNonHtml=true}'
Reports view generated with 2 stories (of which 0 pending) containing 1 scenarios (of which 0 pending)
Failures in reports view: 1 scenarios failed
Processing system properties {}
Using controls EmbedderControls[batch=false,skip=false,generateViewAfterStories=true,ignoreFailureInStories=false,ignoreFailureInView=true,verboseFailures=false,verboseFiltering=false,storyTimeouts=10000,threads=1,failOnStoryTimeout=false]
Meta[properties={narrative=Narrative[inOrderTo=,asA=,iWantTo=,soThat=], description=, path=stories/notas_fiscais/nota_outras_saidas_regularizacao_estoque.story}] excluded by filter 'groovy: (issue == 'rgs-35' || issue == 'rgs-36' || issue == 'rgs-37' || issue == 'rgs-38' || issue == 'rgs-39' || issue == 'rgs-40')'
Meta[properties={examplesTable=, base=RELOH, context=NOTAS_FISCAIS, grupoInstancias=AdmCD, nf-11=, narrative=Narrative[inOrderTo=,asA=,iWantTo=,soThat=], title=Emite Nota Fiscal Avulsa Tipo 60 - OUTRAS SAIDAS REGULARIZACAO ESTOQUE - UF2320, issue=nf-11, description=, givenStories=, tag=component:Processos - RELOH, path=stories/notas_fiscais/nota_outras_saidas_regularizacao_estoque.story}] excluded by filter 'groovy: (issue == 'rgs-35' || issue == 'rgs-36' || issue == 'rgs-37' || issue == 'rgs-38' || issue == 'rgs-39' || issue == 'rgs-40')'

(BeforeStories)

Meta[properties={narrative=Narrative[inOrderTo=,asA=,iWantTo=,soThat=], description=, path=stories/notas_fiscais/nota_outras_saidas_regularizacao_estoque.story}] excluded by filter 'groovy: (issue == 'rgs-35' || issue == 'rgs-36' || issue == 'rgs-37' || issue == 'rgs-38' || issue == 'rgs-39' || issue == 'rgs-40')'
Meta[properties={examplesTable=, base=RELOH, context=NOTAS_FISCAIS, grupoInstancias=AdmCD, nf-11=, narrative=Narrative[inOrderTo=,asA=,iWantTo=,soThat=], title=Emite Nota Fiscal Avulsa Tipo 60 - OUTRAS SAIDAS REGULARIZACAO ESTOQUE - UF2320, issue=nf-11, description=, givenStories=, tag=component:Processos - RELOH, path=stories/notas_fiscais/nota_outras_saidas_regularizacao_estoque.story}] excluded by filter 'groovy: (issue == 'rgs-35' || issue == 'rgs-36' || issue == 'rgs-37' || issue == 'rgs-38' || issue == 'rgs-39' || issue == 'rgs-40')'
1 stories excluded by filter: groovy: (issue == 'rgs-35' || issue == 'rgs-36' || issue == 'rgs-37' || issue == 'rgs-38' || issue == 'rgs-39' || issue == 'rgs-40')


(AfterStories)

Generating reports view to '/home/pedro/Documentos/Automação/testes-automatizados/mv-lojas-bdd/target/jbehave' using formats '[stats, console, html, xml, serenityreporter]' and view properties '{decorateNonHtml=true}'
Reports view generated with 2 stories (of which 0 pending) containing 1 scenarios (of which 0 pending)
Failures in reports view: 1 scenarios failed
Processing system properties {}
Using controls EmbedderControls[batch=false,skip=false,generateViewAfterStories=true,ignoreFailureInStories=false,ignoreFailureInView=true,verboseFailures=false,verboseFiltering=false,storyTimeouts=10000,threads=1,failOnStoryTimeout=false]
Meta[properties={narrative=Narrative[inOrderTo=,asA=,iWantTo=,soThat=], description=, path=stories/notas_fiscais/nota_fiscal_ent_compra_direta_consumidor.story}] excluded by filter 'groovy: (issue == 'rgs-35' || issue == 'rgs-36' || issue == 'rgs-37' || issue == 'rgs-38' || issue == 'rgs-39' || issue == 'rgs-40')'
Meta[properties={examplesTable=, base=RELOH, context=NOTAS_FISCAIS, grupoInstancias=AdmCD, nf-16=, narrative=Narrative[inOrderTo=,asA=,iWantTo=,soThat=], title=Emite Nota Fiscal Avulsa Tipo 121 O.ENT. (COMPRA DIRETA CONSUMIDOR) - UF1120, issue=nf-16, description=, givenStories=, tag=component:Processos - RELOH, path=stories/notas_fiscais/nota_fiscal_ent_compra_direta_consumidor.story}] excluded by filter 'groovy: (issue == 'rgs-35' || issue == 'rgs-36' || issue == 'rgs-37' || issue == 'rgs-38' || issue == 'rgs-39' || issue == 'rgs-40')'

(BeforeStories)

Meta[properties={narrative=Narrative[inOrderTo=,asA=,iWantTo=,soThat=], description=, path=stories/notas_fiscais/nota_fiscal_ent_compra_direta_consumidor.story}] excluded by filter 'groovy: (issue == 'rgs-35' || issue == 'rgs-36' || issue == 'rgs-37' || issue == 'rgs-38' || issue == 'rgs-39' || issue == 'rgs-40')'
Meta[properties={examplesTable=, base=RELOH, context=NOTAS_FISCAIS, grupoInstancias=AdmCD, nf-16=, narrative=Narrative[inOrderTo=,asA=,iWantTo=,soThat=], title=Emite Nota Fiscal Avulsa Tipo 121 O.ENT. (COMPRA DIRETA CONSUMIDOR) - UF1120, issue=nf-16, description=, givenStories=, tag=component:Processos - RELOH, path=stories/notas_fiscais/nota_fiscal_ent_compra_direta_consumidor.story}] excluded by filter 'groovy: (issue == 'rgs-35' || issue == 'rgs-36' || issue == 'rgs-37' || issue == 'rgs-38' || issue == 'rgs-39' || issue == 'rgs-40')'
1 stories excluded by filter: groovy: (issue == 'rgs-35' || issue == 'rgs-36' || issue == 'rgs-37' || issue == 'rgs-38' || issue == 'rgs-39' || issue == 'rgs-40')


(AfterStories)

Generating reports view to '/home/pedro/Documentos/Automação/testes-automatizados/mv-lojas-bdd/target/jbehave' using formats '[stats, console, html, xml, serenityreporter]' and view properties '{decorateNonHtml=true}'
Reports view generated with 2 stories (of which 0 pending) containing 1 scenarios (of which 0 pending)
Failures in reports view: 1 scenarios failed
Processing system properties {}
Using controls EmbedderControls[batch=false,skip=false,generateViewAfterStories=true,ignoreFailureInStories=false,ignoreFailureInView=true,verboseFailures=false,verboseFiltering=false,storyTimeouts=10000,threads=1,failOnStoryTimeout=false]
Meta[properties={narrative=Narrative[inOrderTo=,asA=,iWantTo=,soThat=], description=, path=stories/cadastros/cadastro_grupo_acesso_tratativa.story}] excluded by filter 'groovy: (issue == 'rgs-35' || issue == 'rgs-36' || issue == 'rgs-37' || issue == 'rgs-38' || issue == 'rgs-39' || issue == 'rgs-40')'
Meta[properties={examplesTable=, base=RELOH, context=CADASTROS, grupoInstancias=AdmCD, cad-12=, narrative=Narrative[inOrderTo=,asA=,iWantTo=,soThat=], title=Cadastrar Associação tratativa x Grupo de Acesso x Regras - UC012, issue=cad-12, description=, skip=, givenStories=, tag=component:Regressao - RELOH, path=stories/cadastros/cadastro_grupo_acesso_tratativa.story}] excluded by filter 'groovy: (issue == 'rgs-35' || issue == 'rgs-36' || issue == 'rgs-37' || issue == 'rgs-38' || issue == 'rgs-39' || issue == 'rgs-40')'
Meta[properties={examplesTable=, base=RELOH, context=CADASTROS, grupoInstancias=AdmCD, cad-12=, narrative=Narrative[inOrderTo=,asA=,iWantTo=,soThat=], title=Editar Associação tratativa x Grupo de Acesso x Regras, issue=cad-12, description=, skip=, givenStories=, tag=component:Regressao - RELOH, path=stories/cadastros/cadastro_grupo_acesso_tratativa.story}] excluded by filter 'groovy: (issue == 'rgs-35' || issue == 'rgs-36' || issue == 'rgs-37' || issue == 'rgs-38' || issue == 'rgs-39' || issue == 'rgs-40')'
Meta[properties={examplesTable=, base=RELOH, context=CADASTROS, grupoInstancias=AdmCD, cad-12=, narrative=Narrative[inOrderTo=,asA=,iWantTo=,soThat=], title=Excluir Associação tratativa x Grupo de Acesso x Regras, issue=cad-12, description=, skip=, givenStories=, tag=component:Regressao - RELOH, path=stories/cadastros/cadastro_grupo_acesso_tratativa.story}] excluded by filter 'groovy: (issue == 'rgs-35' || issue == 'rgs-36' || issue == 'rgs-37' || issue == 'rgs-38' || issue == 'rgs-39' || issue == 'rgs-40')'

(BeforeStories)

Meta[properties={narrative=Narrative[inOrderTo=,asA=,iWantTo=,soThat=], description=, path=stories/cadastros/cadastro_grupo_acesso_tratativa.story}] excluded by filter 'groovy: (issue == 'rgs-35' || issue == 'rgs-36' || issue == 'rgs-37' || issue == 'rgs-38' || issue == 'rgs-39' || issue == 'rgs-40')'
Meta[properties={examplesTable=, base=RELOH, context=CADASTROS, grupoInstancias=AdmCD, cad-12=, narrative=Narrative[inOrderTo=,asA=,iWantTo=,soThat=], title=Cadastrar Associação tratativa x Grupo de Acesso x Regras - UC012, issue=cad-12, description=, skip=, givenStories=, tag=component:Regressao - RELOH, path=stories/cadastros/cadastro_grupo_acesso_tratativa.story}] excluded by filter 'groovy: (issue == 'rgs-35' || issue == 'rgs-36' || issue == 'rgs-37' || issue == 'rgs-38' || issue == 'rgs-39' || issue == 'rgs-40')'
Meta[properties={examplesTable=, base=RELOH, context=CADASTROS, grupoInstancias=AdmCD, cad-12=, narrative=Narrative[inOrderTo=,asA=,iWantTo=,soThat=], title=Editar Associação tratativa x Grupo de Acesso x Regras, issue=cad-12, description=, skip=, givenStories=, tag=component:Regressao - RELOH, path=stories/cadastros/cadastro_grupo_acesso_tratativa.story}] excluded by filter 'groovy: (issue == 'rgs-35' || issue == 'rgs-36' || issue == 'rgs-37' || issue == 'rgs-38' || issue == 'rgs-39' || issue == 'rgs-40')'
[...]
1535131639646	addons.xpi	DEBUG	Updating XPIState for {"id":"{972ce4c6-7e08-4474-a285-3208198ce6fd}","syncGUID":"{23e0caf2-b328-48c2-953a-5b09830bd0ec}","location":"app-global","version":"59.0.2","type":"theme","internalName":"classic/1.0","updateURL":null,"updateKey":null,"optionsURL":null,"optionsType":null,"optionsBrowserStyle":null,"aboutURL":null,"defaultLocale":{"name":"Default","description":"The default theme.","creator":"Mozilla","homepageURL":null,"contributors":["Mozilla Contributors"]},"visible":true,"active":true,"userDisabled":false,"appDisabled":false,"installDate":1522183948000,"updateDate":1522183948000,"applyBackgroundUpdates":1,"path":"/usr/lib/firefox/browser/extensions/{972ce4c6-7e08-4474-a285-3208198ce6fd}.xpi","skinnable":true,"size":1907,"sourceURI":null,"releaseNotesURI":null,"softDisabled":false,"foreignInstall":false,"hasBinaryComponents":false,"strictCompatibility":true,"locales":[],"targetApplications":[{"id":"{ec8030f7-c20a-464f-9b0e-13a3a9e97384}","minVersion":"59.0.2","maxVersion":"59.0.2"}],"targetPlatforms":[],"seen":true,"dependencies":[],"hasEmbeddedWebExtension":false,"userPermissions":null,"icons":{},"iconURL":"chrome://browser/content/default-theme-icon.svg","icon64URL":null,"blocklistState":0,"blocklistURL":null,"startupData":null}
1535131639646	addons.xpi	DEBUG	Updating database with changes to installed add-ons
1535131639648	addons.xpi-utils	DEBUG	Updating add-on states
1535131639654	addons.xpi	DEBUG	Registering manifest for /usr/lib/firefox/browser/features/activity-stream@mozilla.org.xpi
1535131639656	addons.xpi	DEBUG	Calling bootstrap method startup on activity-stream@mozilla.org version 2018.02.17.0026-173e2795
1535131639656	addons.xpi	DEBUG	Registering manifest for /usr/lib/firefox/browser/features/aushelper@mozilla.org.xpi
1535131639658	addons.xpi	DEBUG	Calling bootstrap method startup on aushelper@mozilla.org version 2.0
1535131639658	addons.xpi	DEBUG	Registering manifest for /usr/lib/firefox/browser/features/firefox@getpocket.com.xpi
1535131639660	addons.xpi	DEBUG	Calling bootstrap method startup on firefox@getpocket.com version 1.0.5
1535131639750	addons.xpi	DEBUG	Registering manifest for /usr/lib/firefox/browser/features/followonsearch@mozilla.com.xpi
1535131639750	addons.xpi	DEBUG	Calling bootstrap method startup on followonsearch@mozilla.com version 0.9.6
1535131639750	addons.xpi	DEBUG	Registering manifest for /usr/lib/firefox/browser/features/formautofill@mozilla.org.xpi
1535131639750	addons.xpi	DEBUG	Calling bootstrap method startup on formautofill@mozilla.org version 1.0
1535131639752	addons.xpi	DEBUG	Calling bootstrap method startup on langpack-en-GB@firefox.mozilla.org version 59.0.2
1535131639754	addons.xpi	DEBUG	Calling bootstrap method startup on langpack-en-ZA@firefox.mozilla.org version 59.0.2
1535131639754	addons.xpi	DEBUG	Registering manifest for /usr/lib/firefox/browser/features/onboarding@mozilla.org.xpi
1535131639754	addons.xpi	DEBUG	Calling bootstrap method startup on onboarding@mozilla.org version 1.0
1535131639754	addons.xpi	DEBUG	Registering manifest for /usr/lib/firefox/browser/features/screenshots@mozilla.org.xpi
1535131639754	addons.xpi	DEBUG	Calling bootstrap method startup on screenshots@mozilla.org version 25.0.0
1535131639756	addons.xpi	DEBUG	Registering manifest for /usr/lib/firefox/browser/features/shield-recipe-client@mozilla.org.xpi
1535131639756	addons.xpi	DEBUG	Calling bootstrap method startup on shield-recipe-client@mozilla.org version 80
1535131639816	addons.xpi	DEBUG	Registering manifest for /usr/lib/firefox/browser/features/webcompat@mozilla.org.xpi
1535131639816	addons.xpi	DEBUG	Calling bootstrap method startup on webcompat@mozilla.org version 1.1
1535131639820	addons.manager	DEBUG	Registering shutdown blocker for XPIProvider
1535131639820	addons.manager	DEBUG	Provider finished startup: XPIProvider
1535131639820	addons.manager	DEBUG	Starting provider: LightweightThemeManager
1535131639820	addons.manager	DEBUG	Registering shutdown blocker for LightweightThemeManager
1535131639820	addons.manager	DEBUG	Provider finished startup: LightweightThemeManager
1535131639820	addons.manager	DEBUG	Starting provider: GMPProvider
1535131639822	addons.manager	DEBUG	Registering shutdown blocker for GMPProvider
1535131639822	addons.manager	DEBUG	Provider finished startup: GMPProvider
1535131639822	addons.manager	DEBUG	Starting provider: PluginProvider
1535131639822	addons.manager	DEBUG	Registering shutdown blocker for PluginProvider
1535131639822	addons.manager	DEBUG	Provider finished startup: PluginProvider
1535131639822	addons.manager	DEBUG	Completed startup sequence
1535131640218	Marionette	INFO	Enabled via --marionette
1535131641242	addons.manager	DEBUG	Starting provider: PreviousExperimentProvider
1535131641242	addons.manager	DEBUG	Registering shutdown blocker for PreviousExperimentProvider
1535131641242	addons.manager	DEBUG	Provider finished startup: PreviousExperimentProvider
1535131642628	addons.xpi-utils	DEBUG	XPI Database saved, setting schema version preference to 24
1535131643658	addons.xpi	INFO	Mapping activity-stream@mozilla.org to /usr/lib/firefox/browser/features/activity-stream@mozilla.org.xpi
1535131643658	addons.xpi	INFO	Mapping aushelper@mozilla.org to /usr/lib/firefox/browser/features/aushelper@mozilla.org.xpi
1535131643658	addons.xpi	INFO	Mapping firefox@getpocket.com to /usr/lib/firefox/browser/features/firefox@getpocket.com.xpi
1535131643658	addons.xpi	INFO	Mapping followonsearch@mozilla.com to /usr/lib/firefox/browser/features/followonsearch@mozilla.com.xpi
1535131643658	addons.xpi	INFO	Mapping formautofill@mozilla.org to /usr/lib/firefox/browser/features/formautofill@mozilla.org.xpi
1535131643658	addons.xpi	INFO	Mapping onboarding@mozilla.org to /usr/lib/firefox/browser/features/onboarding@mozilla.org.xpi
1535131643658	addons.xpi	INFO	Mapping screenshots@mozilla.org to /usr/lib/firefox/browser/features/screenshots@mozilla.org.xpi
1535131643658	addons.xpi	INFO	Mapping shield-recipe-client@mozilla.org to /usr/lib/firefox/browser/features/shield-recipe-client@mozilla.org.xpi
1535131643658	addons.xpi	INFO	Mapping webcompat@mozilla.org to /usr/lib/firefox/browser/features/webcompat@mozilla.org.xpi
1535131643660	addons.xpi	DEBUG	Existing add-on activity-stream@mozilla.org in app-system-defaults
1535131643660	addons.xpi	DEBUG	Existing add-on aushelper@mozilla.org in app-system-defaults
1535131643660	addons.xpi	DEBUG	Existing add-on firefox@getpocket.com in app-system-defaults
1535131643660	addons.xpi	DEBUG	Existing add-on followonsearch@mozilla.com in app-system-defaults
1535131643660	addons.xpi	DEBUG	Existing add-on formautofill@mozilla.org in app-system-defaults
1535131643660	addons.xpi	DEBUG	Existing add-on onboarding@mozilla.org in app-system-defaults
1535131643660	addons.xpi	DEBUG	Existing add-on screenshots@mozilla.org in app-system-defaults
1535131643660	addons.xpi	DEBUG	Existing add-on shield-recipe-client@mozilla.org in app-system-defaults
1535131643662	addons.xpi	DEBUG	Existing add-on webcompat@mozilla.org in app-system-defaults
1535131643662	addons.xpi	INFO	Mapping langpack-en-ZA@firefox.mozilla.org to /usr/lib/firefox/browser/extensions/langpack-en-ZA@firefox.mozilla.org.xpi
1535131643662	addons.xpi	INFO	Mapping langpack-en-GB@firefox.mozilla.org to /usr/lib/firefox/browser/extensions/langpack-en-GB@firefox.mozilla.org.xpi
1535131643662	addons.xpi	INFO	Mapping {972ce4c6-7e08-4474-a285-3208198ce6fd} to /usr/lib/firefox/browser/extensions/{972ce4c6-7e08-4474-a285-3208198ce6fd}.xpi
1535131643662	addons.xpi	DEBUG	Existing add-on langpack-en-ZA@firefox.mozilla.org in app-global
1535131643662	addons.xpi	DEBUG	Existing add-on langpack-en-GB@firefox.mozilla.org in app-global
1535131643662	addons.xpi	DEBUG	Existing add-on {972ce4c6-7e08-4474-a285-3208198ce6fd} in app-global
1535131643662	addons.xpi	DEBUG	getInstallState changed: false, state: {}
1535131643922	Marionette	INFO	Listening on port 43115
1535131644048	Marionette	WARN	TLS certificate errors will be ignored for this session
ago 24, 2018 2:27:24 PM org.openqa.selenium.remote.ProtocolHandshake createSession
INFORMAÇÕES: Detected dialect: W3C

(firefox:28356): GLib-GObject-WARNING **: /build/glib2.0-prJhLS/glib2.0-2.48.2/./gobject/gsignal.c:3486: signal name 'selection_changed' is invalid for instance '0x7febbb0306a0' of type 'MaiAtkType139'

(firefox:28356): GLib-GObject-WARNING **: /build/glib2.0-prJhLS/glib2.0-2.48.2/./gobject/gsignal.c:3486: signal name 'selection_changed' is invalid for instance '0x7febbb0307e0' of type 'MaiAtkType139'

(firefox:28356): GLib-GObject-WARNING **: /build/glib2.0-prJhLS/glib2.0-2.48.2/./gobject/gsignal.c:3486: signal name 'selection_changed' is invalid for instance '0x7febbb030920' of type 'MaiAtkType139'

(/usr/lib/firefox/firefox:28405): dconf-WARNING **: Unable to open /var/lib/snapd/desktop/dconf/profile/user: Permission denied

(firefox:28356): GLib-GObject-WARNING **: /build/glib2.0-prJhLS/glib2.0-2.48.2/./gobject/gsignal.c:3486: signal name 'selection_changed' is invalid for instance '0x7febabf33ab0' of type 'MaiAtkType139'

(firefox:28356): GLib-GObject-WARNING **: /build/glib2.0-prJhLS/glib2.0-2.48.2/./gobject/gsignal.c:3486: signal name 'selection_changed' is invalid for instance '0x7febad949830' of type 'MaiAtkType139'

(firefox:28356): GLib-GObject-WARNING **: /build/glib2.0-prJhLS/glib2.0-2.48.2/./gobject/gsignal.c:3486: signal name 'selection_changed' is invalid for instance '0x7febad949830' of type 'MaiAtkType139'
1535131665388	addons.productaddons	INFO	sending request to: https://aus5.mozilla.org/update/3/GMP/59.0.2/20180327185825/Linux_x86_64-gcc3/null/release-cck- âmintâ/Linux%204.8.0-53-generic%20(GTK%203.18.9%2Clibpulse%208.0.0)/mint/1.0/update.xml
1535131666136	addons.productaddons	INFO	Completed downloading document
1535131666898	addons.productaddons	INFO	downloadXHR File download. status=200
1535131666902	addons.productaddons	INFO	Downloaded file will be saved to /tmp/tmpaddon-298ea2

(firefox:28356): GLib-GObject-WARNING **: /build/glib2.0-prJhLS/glib2.0-2.48.2/./gobject/gsignal.c:3486: signal name 'load_complete' is invalid for instance '0x7febb89ec650' of type 'MaiAtkType13b'

(firefox:28356): GLib-GObject-WARNING **: /build/glib2.0-prJhLS/glib2.0-2.48.2/./gobject/gsignal.c:3486: signal name 'selection_changed' is invalid for instance '0x7febb89ec650' of type 'MaiAtkType13b'

(firefox:28356): GLib-GObject-WARNING **: /build/glib2.0-prJhLS/glib2.0-2.48.2/./gobject/gsignal.c:3486: signal name 'selection_changed' is invalid for instance '0x7febbe31e880' of type 'MaiAtkType139'

(firefox:28356): GLib-GObject-WARNING **: /build/glib2.0-prJhLS/glib2.0-2.48.2/./gobject/gsignal.c:3486: signal name 'selection_changed' is invalid for instance '0x7febbe31e880' of type 'MaiAtkType139'

(firefox:28356): GLib-GObject-WARNING **: /build/glib2.0-prJhLS/glib2.0-2.48.2/./gobject/gsignal.c:3486: signal name 'load_complete' is invalid for instance '0x7febb8b03e20' of type 'MaiAtkType13b'

(firefox:28356): GLib-GObject-WARNING **: /build/glib2.0-prJhLS/glib2.0-2.48.2/./gobject/gsignal.c:3486: signal name 'selection_changed' is invalid for instance '0x7febb8b03e20' of type 'MaiAtkType13b'

(firefox:28356): GLib-GObject-WARNING **: /build/glib2.0-prJhLS/glib2.0-2.48.2/./gobject/gsignal.c:3486: signal name 'selection_changed' is invalid for instance '0x7febbe9a6ab0' of type 'MaiAtkType139'

(firefox:28356): GLib-GObject-WARNING **: /build/glib2.0-prJhLS/glib2.0-2.48.2/./gobject/gsignal.c:3486: signal name 'load_complete' is invalid for instance '0x7febbfb51420' of type 'MaiAtkType13b'

(firefox:28356): GLib-GObject-WARNING **: /build/glib2.0-prJhLS/glib2.0-2.48.2/./gobject/gsignal.c:3486: signal name 'selection_changed' is invalid for instance '0x7febc0fe7470' of type 'MaiAtkType139'

(firefox:28356): GLib-GObject-WARNING **: /build/glib2.0-prJhLS/glib2.0-2.48.2/./gobject/gsignal.c:3486: signal name 'load_complete' is invalid for instance '0x7febbfb51650' of type 'MaiAtkType13b'

(firefox:28356): GLib-GObject-WARNING **: /build/glib2.0-prJhLS/glib2.0-2.48.2/./gobject/gsignal.c:3486: signal name 'selection_changed' is invalid for instance '0x7febc1650790' of type 'MaiAtkType139'

(firefox:28356): GLib-GObject-WARNING **: /build/glib2.0-prJhLS/glib2.0-2.48.2/./gobject/gsignal.c:3486: signal name 'selection_changed' is invalid for instance '0x7febb8c51790' of type 'MaiAtkType139'

(firefox:28356): GLib-GObject-WARNING **: /build/glib2.0-prJhLS/glib2.0-2.48.2/./gobject/gsignal.c:3486: signal name 'load_complete' is invalid for instance '0x7febbe9ffbf0' of type 'MaiAtkType13b'

(firefox:28356): GLib-GObject-WARNING **: /build/glib2.0-prJhLS/glib2.0-2.48.2/./gobject/gsignal.c:3486: signal name 'selection_changed' is invalid for instance '0x7febbecf5830' of type 'MaiAtkType139'

(firefox:28356): GLib-GObject-WARNING **: /build/glib2.0-prJhLS/glib2.0-2.48.2/./gobject/gsignal.c:3486: signal name 'load_complete' is invalid for instance '0x7febb8958d80' of type 'MaiAtkType13b'

(firefox:28356): GLib-GObject-WARNING **: /build/glib2.0-prJhLS/glib2.0-2.48.2/./gobject/gsignal.c:3486: signal name 'selection_changed' is invalid for instance '0x7febbe518b50' of type 'MaiAtkType139'

(firefox:28356): GLib-GObject-WARNING **: /build/glib2.0-prJhLS/glib2.0-2.48.2/./gobject/gsignal.c:3486: signal name 'load_complete' is invalid for instance '0x7febb0732a60' of type 'MaiAtkType13b'

(firefox:28356): GLib-GObject-WARNING **: /build/glib2.0-prJhLS/glib2.0-2.48.2/./gobject/gsignal.c:3486: signal name 'selection_changed' is invalid for instance '0x7febb07e4e20' of type 'MaiAtkType139'

(firefox:28356): GLib-GObject-WARNING **: /build/glib2.0-prJhLS/glib2.0-2.48.2/./gobject/gsignal.c:3486: signal name 'load_complete' is invalid for instance '0x7febad949dd0' of type 'MaiAtkType13b'

(firefox:28356): GLib-GObject-WARNING **: /build/glib2.0-prJhLS/glib2.0-2.48.2/./gobject/gsignal.c:3486: signal name 'load_complete' is invalid for instance '0x7febb89d2650' of type 'MaiAtkType13b'

(firefox:28356): GLib-GObject-WARNING **: /build/glib2.0-prJhLS/glib2.0-2.48.2/./gobject/gsignal.c:3486: signal name 'load_complete' is invalid for instance '0x7febab47bfb0' of type 'MaiAtkType13b'

(firefox:28356): GLib-GObject-WARNING **: /build/glib2.0-prJhLS/glib2.0-2.48.2/./gobject/gsignal.c:3486: signal name 'load_complete' is invalid for instance '0x7febaed8bb00' of type 'MaiAtkType13b'

(firefox:28356): GLib-GObject-WARNING **: /build/glib2.0-prJhLS/glib2.0-2.48.2/./gobject/gsignal.c:3486: signal name 'load_complete' is invalid for instance '0x7febbe6afbf0' of type 'MaiAtkType13b'
1535131817528	addons.xpi	DEBUG	Calling bootstrap method shutdown on webcompat@mozilla.org version 1.1
1535131817528	addons.xpi	DEBUG	Calling bootstrap method shutdown on shield-recipe-client@mozilla.org version 80
1535131817558	addons.xpi	DEBUG	Calling bootstrap method shutdown on screenshots@mozilla.org version 25.0.0
1535131817826	addons.xpi	DEBUG	Calling bootstrap method shutdown on onboarding@mozilla.org version 1.0
1535131817860	addons.xpi	DEBUG	Calling bootstrap method shutdown on langpack-en-ZA@firefox.mozilla.org version 59.0.2
1535131818264	addons.xpi	DEBUG	Calling bootstrap method shutdown on langpack-en-GB@firefox.mozilla.org version 59.0.2
1535131818266	addons.xpi	DEBUG	Calling bootstrap method shutdown on formautofill@mozilla.org version 1.0
1535131818268	addons.xpi	DEBUG	Calling bootstrap method shutdown on followonsearch@mozilla.com version 0.9.6
1535131818268	addons.xpi	DEBUG	Calling bootstrap method shutdown on firefox@getpocket.com version 1.0.5
1535131818268	addons.xpi	DEBUG	Calling bootstrap method shutdown on aushelper@mozilla.org version 2.0
1535131818268	addons.xpi	DEBUG	Calling bootstrap method shutdown on activity-stream@mozilla.org version 2018.02.17.0026-173e2795

(firefox:28356): GLib-GObject-WARNING **: /build/glib2.0-prJhLS/glib2.0-2.48.2/./gobject/gsignal.c:3486: signal name 'selection_changed' is invalid for instance '0x7febbe6afbf0' of type 'MaiAtkType13b'
1535131824112	addons.manager	DEBUG	shutdown
1535131824114	addons.manager	DEBUG	Calling shutdown blocker for XPIProvider
1535131824114	addons.xpi	DEBUG	shutdown
1535131824114	addons.xpi-utils	DEBUG	shutdown
1535131824114	addons.manager	DEBUG	Calling shutdown blocker for LightweightThemeManager
1535131824114	addons.manager	DEBUG	Calling shutdown blocker for GMPProvider
1535131824114	addons.manager	DEBUG	Calling shutdown blocker for PluginProvider
1535131824114	addons.manager	DEBUG	Calling shutdown blocker for PreviousExperimentProvider
1535131824120	addons.manager	DEBUG	Async provider shutdown done
[pool-362-thread-1] ERROR net.serenitybdd.core.Serenity - &amp#27;[91m
           __  _____ _____ ____ _____   _____ _    ___ _     _____ ____  
  _       / / |_   _| ____/ ___|_   _| |  ___/ \  |_ _| |   | ____|  _ \ 
 (_)_____| |    | | |  _| \___ \ | |   | |_ / _ \  | || |   |  _| | | | |
  _|_____| |    | | | |___ ___) || |   |  _/ ___ \ | || |___| |___| |_| |
 (_)     | |    |_| |_____|____/ |_|   |_|/_/   \_\___|_____|_____|____/ 
          \_\                                                            

TEST FAILED: Elaborar um pedido com KIT e empenho em DEPOSITO/NORMAL pagamento com cartão de crédito
--------------------------------------------------------------------------&amp#27;[0m
[pool-362-thread-1] ERROR net.serenitybdd.core.Serenity - O status do pedido está incorreto.
[pool-363-thread-1] INFO net.thucydides.core.reports.json.JSONTestOutcomeReporter - Generating JSON report for Elaborar um pedido com KIT e empenho em DEPOSITO/NORMAL pagamento com cartão de crédito to file /home/pedro/Documentos/Automação/testes-automatizados/mv-lojas-bdd/target/site/serenity/6d1e526c31e1275ffc1d7da6f418fc874f2ac9c44a9a35a9b33fb3db7978402d.json (using temp file /home/pedro/Documentos/Automação/testes-automatizados/mv-lojas-bdd/target/site/serenity/6d1e526c31e1275ffc1d7da6f418fc874f2ac9c44a9a35a9b33fb3db7978402d.json54fd5de0-05ce-4181-afd0-aff3b093a2bf)
]]></system-err>
  </testcase>
</testsuite>