<?xml version="1.0" encoding="UTF-8"?>
<testsuite name="br.com.mv.test.PedidoKitRemoveSemEstoque37" time="175.544" tests="1" errors="1" skipped="0" failures="0">
  <properties>
[...]
</properties>
  <testcase name="br.com.mv.test.PedidoKitRemoveSemEstoque37" classname="org.apache.maven.surefire.junit4.JUnit4Provider" time="175.544">
    <error message="org.jbehave.core.embedder.Embedder$RunningStoriesFailed: Failures in running stories: &#10;org.jbehave.core.embedder.PerformableTree$SomethingHappened@30367ded: net.serenitybdd.core.exceptions.SerenityManagedException: The following error occurred: Element &lt;a id=&quot;tab-planilha&quot; href=&quot;#aba-planilha&quot;&gt; is not clickable at point (510.5,272) because another element &lt;div class=&quot;row &quot;&gt; obscures it&#10;Build info: version: &apos;3.12.0&apos;, revision: &apos;7c6e0b3&apos;, time: &apos;2018-05-08T14:04:26.12Z&apos;&#10;System info: host: &apos;WS-SBDEV-851&apos;, ip: &apos;127.0.1.1&apos;, os.name: &apos;Linux&apos;, os.arch: &apos;amd64&apos;, os.version: &apos;4.8.0-53-generic&apos;, java.version: &apos;1.8.0_162&apos;&#10;Driver info: org.openqa.selenium.remote.RemoteWebDriver&#10;Capabilities {acceptInsecureCerts: true, browserName: firefox, browserVersion: 59.0.2, javascriptEnabled: true, moz:accessibilityChecks: false, moz:headless: false, moz:processID: 28868, moz:profile: /tmp/rust_mozprofile.IvWIZv..., moz:useNonSpecCompliantPointerOrigin: false, moz:webdriverClick: true, pageLoadStrategy: normal, platform: LINUX, platformName: LINUX, platformVersion: 4.8.0-53-generic, rotatable: false, timeouts: {implicit: 0, pageLoad: 300000, script: 30000}}&#10;Session ID: 6bec37ab-1f98-44e0-be43-7ffe434bab1f" type="java.lang.RuntimeException"><![CDATA[java.lang.RuntimeException: org.jbehave.core.embedder.Embedder$RunningStoriesFailed: Failures in running stories: 
org.jbehave.core.embedder.PerformableTree$SomethingHappened@30367ded: net.serenitybdd.core.exceptions.SerenityManagedException: The following error occurred: Element <a id="tab-planilha" href="#aba-planilha"> is not clickable at point (510.5,272) because another element <div class="row "> obscures it
Build info: version: '3.12.0', revision: '7c6e0b3', time: '2018-05-08T14:04:26.12Z'
System info: host: 'WS-SBDEV-851', ip: '127.0.1.1', os.name: 'Linux', os.arch: 'amd64', os.version: '4.8.0-53-generic', java.version: '1.8.0_162'
Driver info: org.openqa.selenium.remote.RemoteWebDriver
Capabilities {acceptInsecureCerts: true, browserName: firefox, browserVersion: 59.0.2, javascriptEnabled: true, moz:accessibilityChecks: false, moz:headless: false, moz:processID: 28868, moz:profile: /tmp/rust_mozprofile.IvWIZv..., moz:useNonSpecCompliantPointerOrigin: false, moz:webdriverClick: true, pageLoadStrategy: normal, platform: LINUX, platformName: LINUX, platformVersion: 4.8.0-53-generic, rotatable: false, timeouts: {implicit: 0, pageLoad: 300000, script: 30000}}
Session ID: 6bec37ab-1f98-44e0-be43-7ffe434bab1f
	at org.jbehave.core.embedder.Embedder$ThrowingRunningStoriesFailed.handleFailures(Embedder.java:553)
	at org.jbehave.core.embedder.Embedder.handleFailures(Embedder.java:238)
	at org.jbehave.core.embedder.Embedder.runStoriesAsPaths(Embedder.java:216)
	at net.serenitybdd.jbehave.embedders.ExtendedEmbedder.runStoriesAsPaths(ExtendedEmbedder.java:60)
	at net.serenitybdd.jbehave.runners.SerenityReportingRunner.run(SerenityReportingRunner.java:168)
	at org.apache.maven.surefire.junit4.JUnit4Provider.execute(JUnit4Provider.java:283)
	at org.apache.maven.surefire.junit4.JUnit4Provider.executeWithRerun(JUnit4Provider.java:173)
	at org.apache.maven.surefire.junit4.JUnit4Provider.executeTestSet(JUnit4Provider.java:153)
	at org.apache.maven.surefire.junit4.JUnit4Provider.invoke(JUnit4Provider.java:128)
]]></error>
    <system-out><![CDATA[Processing system properties {}
Using controls EmbedderControls[batch=false,skip=false,generateViewAfterStories=true,ignoreFailureInStories=false,ignoreFailureInView=true,verboseFailures=false,verboseFiltering=false,storyTimeouts=10000,threads=1,failOnStoryTimeout=false]
Meta[properties={narrative=Narrative[inOrderTo=,asA=,iWantTo=,soThat=], description=, path=stories/notas_fiscais/nota_outras_saidas_nao_especificadas_com_icms.story}] excluded by filter 'groovy: (issue == 'rgs-35' || issue == 'rgs-36' || issue == 'rgs-37' || issue == 'rgs-38' || issue == 'rgs-39' || issue == 'rgs-40')'
Meta[properties={examplesTable=, base=RELOH, context=NOTAS_FISCAIS, grupoInstancias=AdmCD, nf-37=, narrative=Narrative[inOrderTo=,asA=,iWantTo=,soThat=], title=Emite Nota Fiscal Avulsa Tipo 219 OUTRAS SAÍDAS NAO ESPECIFICADAS (COM ICMS), issue=nf-37, description=, givenStories=, tag=component:Processos - RELOH, path=stories/notas_fiscais/nota_outras_saidas_nao_especificadas_com_icms.story}] excluded by filter 'groovy: (issue == 'rgs-35' || issue == 'rgs-36' || issue == 'rgs-37' || issue == 'rgs-38' || issue == 'rgs-39' || issue == 'rgs-40')'

(BeforeStories)

Meta[properties={narrative=Narrative[inOrderTo=,asA=,iWantTo=,soThat=], description=, path=stories/notas_fiscais/nota_outras_saidas_nao_especificadas_com_icms.story}] excluded by filter 'groovy: (issue == 'rgs-35' || issue == 'rgs-36' || issue == 'rgs-37' || issue == 'rgs-38' || issue == 'rgs-39' || issue == 'rgs-40')'
Meta[properties={examplesTable=, base=RELOH, context=NOTAS_FISCAIS, grupoInstancias=AdmCD, nf-37=, narrative=Narrative[inOrderTo=,asA=,iWantTo=,soThat=], title=Emite Nota Fiscal Avulsa Tipo 219 OUTRAS SAÍDAS NAO ESPECIFICADAS (COM ICMS), issue=nf-37, description=, givenStories=, tag=component:Processos - RELOH, path=stories/notas_fiscais/nota_outras_saidas_nao_especificadas_com_icms.story}] excluded by filter 'groovy: (issue == 'rgs-35' || issue == 'rgs-36' || issue == 'rgs-37' || issue == 'rgs-38' || issue == 'rgs-39' || issue == 'rgs-40')'
1 stories excluded by filter: groovy: (issue == 'rgs-35' || issue == 'rgs-36' || issue == 'rgs-37' || issue == 'rgs-38' || issue == 'rgs-39' || issue == 'rgs-40')


(AfterStories)

Generating reports view to '/home/pedro/Documentos/Automação/testes-automatizados/mv-lojas-bdd/target/jbehave' using formats '[stats, console, html, xml, serenityreporter]' and view properties '{decorateNonHtml=true}'
Reports view generated with 4 stories (of which 0 pending) containing 3 scenarios (of which 0 pending)
Failures in reports view: 3 scenarios failed
Processing system properties {}
Using controls EmbedderControls[batch=false,skip=false,generateViewAfterStories=true,ignoreFailureInStories=false,ignoreFailureInView=true,verboseFailures=false,verboseFiltering=false,storyTimeouts=10000,threads=1,failOnStoryTimeout=false]
Meta[properties={narrative=Narrative[inOrderTo=,asA=,iWantTo=,soThat=], description=, path=stories/processos/atendimento_cliente_recibo_troca_pedido_ag_faturamento.story}] excluded by filter 'groovy: (issue == 'rgs-35' || issue == 'rgs-36' || issue == 'rgs-37' || issue == 'rgs-38' || issue == 'rgs-39' || issue == 'rgs-40')'
Meta[properties={examplesTable=, base=RELOH, context=PROCESSOS, grupoInstancias=Pedidos, narrative=Narrative[inOrderTo=,asA=,iWantTo=,soThat=], title=Elaborar um pedido a vista com empenho em loja/normal, issue=prcs-02, description=, skip=, prcs-02=, givenStories=, tag=component:Processos - RELOH, path=stories/processos/atendimento_cliente_recibo_troca_pedido_ag_faturamento.story}] excluded by filter 'groovy: (issue == 'rgs-35' || issue == 'rgs-36' || issue == 'rgs-37' || issue == 'rgs-38' || issue == 'rgs-39' || issue == 'rgs-40')'
Meta[properties={examplesTable=, base=RELOH, context=PROCESSOS, grupoInstancias=Caixa, narrative=Narrative[inOrderTo=,asA=,iWantTo=,soThat=], title=Efetua o recebimento do pedido, issue=prcs-02, description=, skip=, prcs-02=, givenStories=, tag=component:Regressão - RELOH, path=stories/processos/atendimento_cliente_recibo_troca_pedido_ag_faturamento.story}] excluded by filter 'groovy: (issue == 'rgs-35' || issue == 'rgs-36' || issue == 'rgs-37' || issue == 'rgs-38' || issue == 'rgs-39' || issue == 'rgs-40')'
Meta[properties={examplesTable=, base=RELOH, context=PROCESSOS, grupoInstancias=AdmCD, narrative=Narrative[inOrderTo=,asA=,iWantTo=,soThat=], title=Elaborar um atendimento para o pedido realizado, issue=prcs-02, description=, skip=, prcs-02=, givenStories=, tag=component:Processos - RELOH, path=stories/processos/atendimento_cliente_recibo_troca_pedido_ag_faturamento.story}] excluded by filter 'groovy: (issue == 'rgs-35' || issue == 'rgs-36' || issue == 'rgs-37' || issue == 'rgs-38' || issue == 'rgs-39' || issue == 'rgs-40')'
Meta[properties={examplesTable=, base=RELOH, context=PROCESSOS, grupoInstancias=Pedidos, narrative=Narrative[inOrderTo=,asA=,iWantTo=,soThat=], title=Elaborar um pedido utilizando o recibo de troca, issue=prcs-02, description=, skip=, prcs-02=, givenStories=, tag=component:Processos - RELOH, path=stories/processos/atendimento_cliente_recibo_troca_pedido_ag_faturamento.story}] excluded by filter 'groovy: (issue == 'rgs-35' || issue == 'rgs-36' || issue == 'rgs-37' || issue == 'rgs-38' || issue == 'rgs-39' || issue == 'rgs-40')'
Meta[properties={examplesTable=, base=RELOH, context=PROCESSOS, grupoInstancias=Caixa, narrative=Narrative[inOrderTo=,asA=,iWantTo=,soThat=], title=Efetua o recebimento do pedido feito com recibo de troca, issue=prcs-02, description=, skip=, prcs-02=, givenStories=, tag=component:Regressão - RELOH, path=stories/processos/atendimento_cliente_recibo_troca_pedido_ag_faturamento.story}] excluded by filter 'groovy: (issue == 'rgs-35' || issue == 'rgs-36' || issue == 'rgs-37' || issue == 'rgs-38' || issue == 'rgs-39' || issue == 'rgs-40')'

(BeforeStories)

Meta[properties={narrative=Narrative[inOrderTo=,asA=,iWantTo=,soThat=], description=, path=stories/processos/atendimento_cliente_recibo_troca_pedido_ag_faturamento.story}] excluded by filter 'groovy: (issue == 'rgs-35' || issue == 'rgs-36' || issue == 'rgs-37' || issue == 'rgs-38' || issue == 'rgs-39' || issue == 'rgs-40')'
Meta[properties={examplesTable=, base=RELOH, context=PROCESSOS, grupoInstancias=Pedidos, narrative=Narrative[inOrderTo=,asA=,iWantTo=,soThat=], title=Elaborar um pedido a vista com empenho em loja/normal, issue=prcs-02, description=, skip=, prcs-02=, givenStories=, tag=component:Processos - RELOH, path=stories/processos/atendimento_cliente_recibo_troca_pedido_ag_faturamento.story}] excluded by filter 'groovy: (issue == 'rgs-35' || issue == 'rgs-36' || issue == 'rgs-37' || issue == 'rgs-38' || issue == 'rgs-39' || issue == 'rgs-40')'
Meta[properties={examplesTable=, base=RELOH, context=PROCESSOS, grupoInstancias=Caixa, narrative=Narrative[inOrderTo=,asA=,iWantTo=,soThat=], title=Efetua o recebimento do pedido, issue=prcs-02, description=, skip=, prcs-02=, givenStories=, tag=component:Regressão - RELOH, path=stories/processos/atendimento_cliente_recibo_troca_pedido_ag_faturamento.story}] excluded by filter 'groovy: (issue == 'rgs-35' || issue == 'rgs-36' || issue == 'rgs-37' || issue == 'rgs-38' || issue == 'rgs-39' || issue == 'rgs-40')'
Meta[properties={examplesTable=, base=RELOH, context=PROCESSOS, grupoInstancias=AdmCD, narrative=Narrative[inOrderTo=,asA=,iWantTo=,soThat=], title=Elaborar um atendimento para o pedido realizado, issue=prcs-02, description=, skip=, prcs-02=, givenStories=, tag=component:Processos - RELOH, path=stories/processos/atendimento_cliente_recibo_troca_pedido_ag_faturamento.story}] excluded by filter 'groovy: (issue == 'rgs-35' || issue == 'rgs-36' || issue == 'rgs-37' || issue == 'rgs-38' || issue == 'rgs-39' || issue == 'rgs-40')'
Meta[properties={examplesTable=, base=RELOH, context=PROCESSOS, grupoInstancias=Pedidos, narrative=Narrative[inOrderTo=,asA=,iWantTo=,soThat=], title=Elaborar um pedido utilizando o recibo de troca, issue=prcs-02, description=, skip=, prcs-02=, givenStories=, tag=component:Processos - RELOH, path=stories/processos/atendimento_cliente_recibo_troca_pedido_ag_faturamento.story}] excluded by filter 'groovy: (issue == 'rgs-35' || issue == 'rgs-36' || issue == 'rgs-37' || issue == 'rgs-38' || issue == 'rgs-39' || issue == 'rgs-40')'
Meta[properties={examplesTable=, base=RELOH, context=PROCESSOS, grupoInstancias=Caixa, narrative=Narrative[inOrderTo=,asA=,iWantTo=,soThat=], title=Efetua o recebimento do pedido feito com recibo de troca, issue=prcs-02, description=, skip=, prcs-02=, givenStories=, tag=component:Regressão - RELOH, path=stories/processos/atendimento_cliente_recibo_troca_pedido_ag_faturamento.story}] excluded by filter 'groovy: (issue == 'rgs-35' || issue == 'rgs-36' || issue == 'rgs-37' || issue == 'rgs-38' || issue == 'rgs-39' || issue == 'rgs-40')'
1 stories excluded by filter: groovy: (issue == 'rgs-35' || issue == 'rgs-36' || issue == 'rgs-37' || issue == 'rgs-38' || issue == 'rgs-39' || issue == 'rgs-40')

Story name for stories/processos/atendimento_cliente_recibo_troca_pedido_ag_faturamento.story => TestTag{name='Processos/Atendimento cliente recibo troca pedido ag faturamento', type='story'}
Story name for stories/processos/atendimento_cliente_recibo_troca_pedido_ag_faturamento.story => TestTag{name='Processos/Atendimento cliente recibo troca pedido ag faturamento', type='story'}
Story name for stories/processos/atendimento_cliente_recibo_troca_pedido_ag_faturamento.story => TestTag{name='Processos/Atendimento cliente recibo troca pedido ag faturamento', type='story'}
Story name for stories/processos/atendimento_cliente_recibo_troca_pedido_ag_faturamento.story => TestTag{name='Processos/Atendimento cliente recibo troca pedido ag faturamento', type='story'}
Story name for stories/processos/atendimento_cliente_recibo_troca_pedido_ag_faturamento.story => TestTag{name='Processos/Atendimento cliente recibo troca pedido ag faturamento', type='story'}
Story name for stories/processos/atendimento_cliente_recibo_troca_pedido_ag_faturamento.story => TestTag{name='Processos/Atendimento cliente recibo troca pedido ag faturamento', type='story'}
Story name for stories/processos/atendimento_cliente_recibo_troca_pedido_ag_faturamento.story => TestTag{name='Processos/Atendimento cliente recibo troca pedido ag faturamento', type='story'}
Story name for stories/processos/atendimento_cliente_recibo_troca_pedido_ag_faturamento.story => TestTag{name='Processos/Atendimento cliente recibo troca pedido ag faturamento', type='story'}
Story name for stories/processos/atendimento_cliente_recibo_troca_pedido_ag_faturamento.story => TestTag{name='Processos/Atendimento cliente recibo troca pedido ag faturamento', type='story'}
Story name for stories/processos/atendimento_cliente_recibo_troca_pedido_ag_faturamento.story => TestTag{name='Processos/Atendimento cliente recibo troca pedido ag faturamento', type='story'}

(AfterStories)

Generating reports view to '/home/pedro/Documentos/Automação/testes-automatizados/mv-lojas-bdd/target/jbehave' using formats '[stats, console, html, xml, serenityreporter]' and view properties '{decorateNonHtml=true}'
Reports view generated with 4 stories (of which 0 pending) containing 3 scenarios (of which 0 pending)
Failures in reports view: 3 scenarios failed
Processing system properties {}
Using controls EmbedderControls[batch=false,skip=false,generateViewAfterStories=true,ignoreFailureInStories=false,ignoreFailureInView=true,verboseFailures=false,verboseFiltering=false,storyTimeouts=10000,threads=1,failOnStoryTimeout=false]
Meta[properties={narrative=Narrative[inOrderTo=,asA=,iWantTo=,soThat=], description=, path=stories/notas_fiscais/nota_fiscal_venda.story}] excluded by filter 'groovy: (issue == 'rgs-35' || issue == 'rgs-36' || issue == 'rgs-37' || issue == 'rgs-38' || issue == 'rgs-39' || issue == 'rgs-40')'
Meta[properties={examplesTable=, base=RELOH, context=NOTAS_FISCAIS, grupoInstancias=Pedidos, narrative=Narrative[inOrderTo=,asA=,iWantTo=,soThat=], title=Nota fiscal de venda ao final do processo 10	VENDA NOTA FISCAL - UF2010, issue=nf-01, nf-01=, description=, givenStories=, tag=component:Smoke testing - RELOH, path=stories/notas_fiscais/nota_fiscal_venda.story}] excluded by filter 'groovy: (issue == 'rgs-35' || issue == 'rgs-36' || issue == 'rgs-37' || issue == 'rgs-38' || issue == 'rgs-39' || issue == 'rgs-40')'
Meta[properties={examplesTable=, base=RELOH, context=NOTAS_FISCAIS, grupoInstancias=Caixa, narrative=Narrative[inOrderTo=,asA=,iWantTo=,soThat=], title=Efetua o recebimento do pedido, issue=nf-01, nf-01=, description=, givenStories=, tag=component:Regressão - RELOH, path=stories/notas_fiscais/nota_fiscal_venda.story}] excluded by filter 'groovy: (issue == 'rgs-35' || issue == 'rgs-36' || issue == 'rgs-37' || issue == 'rgs-38' || issue == 'rgs-39' || issue == 'rgs-40')'
Meta[properties={examplesTable=, base=RELOH, context=NOTAS_FISCAIS, grupoInstancias=AdmCD, narrative=Narrative[inOrderTo=,asA=,iWantTo=,soThat=], title=Fatura o pedido recebido, issue=nf-01, nf-01=, description=, givenStories=, tag=component:Processos - RELOH, path=stories/notas_fiscais/nota_fiscal_venda.story}] excluded by filter 'groovy: (issue == 'rgs-35' || issue == 'rgs-36' || issue == 'rgs-37' || issue == 'rgs-38' || issue == 'rgs-39' || issue == 'rgs-40')'
Meta[properties={examplesTable=, base=RELOH, context=NOTAS_FISCAIS, grupoInstancias=AdmCD, narrative=Narrative[inOrderTo=,asA=,iWantTo=,soThat=], title=Realiza a consulta da nota fiscal, issue=nf-01, nf-01=, description=, givenStories=, tag=component:Processos - RELOH, path=stories/notas_fiscais/nota_fiscal_venda.story}] excluded by filter 'groovy: (issue == 'rgs-35' || issue == 'rgs-36' || issue == 'rgs-37' || issue == 'rgs-38' || issue == 'rgs-39' || issue == 'rgs-40')'

(BeforeStories)

Meta[properties={narrative=Narrative[inOrderTo=,asA=,iWantTo=,soThat=], description=, path=stories/notas_fiscais/nota_fiscal_venda.story}] excluded by filter 'groovy: (issue == 'rgs-35' || issue == 'rgs-36' || issue == 'rgs-37' || issue == 'rgs-38' || issue == 'rgs-39' || issue == 'rgs-40')'
Meta[properties={examplesTable=, base=RELOH, context=NOTAS_FISCAIS, grupoInstancias=Pedidos, narrative=Narrative[inOrderTo=,asA=,iWantTo=,soThat=], title=Nota fiscal de venda ao final do processo 10	VENDA NOTA FISCAL - UF2010, issue=nf-01, nf-01=, description=, givenStories=, tag=component:Smoke testing - RELOH, path=stories/notas_fiscais/nota_fiscal_venda.story}] excluded by filter 'groovy: (issue == 'rgs-35' || issue == 'rgs-36' || issue == 'rgs-37' || issue == 'rgs-38' || issue == 'rgs-39' || issue == 'rgs-40')'
Meta[properties={examplesTable=, base=RELOH, context=NOTAS_FISCAIS, grupoInstancias=Caixa, narrative=Narrative[inOrderTo=,asA=,iWantTo=,soThat=], title=Efetua o recebimento do pedido, issue=nf-01, nf-01=, description=, givenStories=, tag=component:Regressão - RELOH, path=stories/notas_fiscais/nota_fiscal_venda.story}] excluded by filter 'groovy: (issue == 'rgs-35' || issue == 'rgs-36' || issue == 'rgs-37' || issue == 'rgs-38' || issue == 'rgs-39' || issue == 'rgs-40')'
Meta[properties={examplesTable=, base=RELOH, context=NOTAS_FISCAIS, grupoInstancias=AdmCD, narrative=Narrative[inOrderTo=,asA=,iWantTo=,soThat=], title=Fatura o pedido recebido, issue=nf-01, nf-01=, description=, givenStories=, tag=component:Processos - RELOH, path=stories/notas_fiscais/nota_fiscal_venda.story}] excluded by filter 'groovy: (issue == 'rgs-35' || issue == 'rgs-36' || issue == 'rgs-37' || issue == 'rgs-38' || issue == 'rgs-39' || issue == 'rgs-40')'
Meta[properties={examplesTable=, base=RELOH, context=NOTAS_FISCAIS, grupoInstancias=AdmCD, narrative=Narrative[inOrderTo=,asA=,iWantTo=,soThat=], title=Realiza a consulta da nota fiscal, issue=nf-01, nf-01=, description=, givenStories=, tag=component:Processos - RELOH, path=stories/notas_fiscais/nota_fiscal_venda.story}] excluded by filter 'groovy: (issue == 'rgs-35' || issue == 'rgs-36' || issue == 'rgs-37' || issue == 'rgs-38' || issue == 'rgs-39' || issue == 'rgs-40')'
1 stories excluded by filter: groovy: (issue == 'rgs-35' || issue == 'rgs-36' || issue == 'rgs-37' || issue == 'rgs-38' || issue == 'rgs-39' || issue == 'rgs-40')


(AfterStories)

Generating reports view to '/home/pedro/Documentos/Automação/testes-automatizados/mv-lojas-bdd/target/jbehave' using formats '[stats, console, html, xml, serenityreporter]' and view properties '{decorateNonHtml=true}'
Reports view generated with 4 stories (of which 0 pending) containing 3 scenarios (of which 0 pending)
Failures in reports view: 3 scenarios failed
Processing system properties {}
Using controls EmbedderControls[batch=false,skip=false,generateViewAfterStories=true,ignoreFailureInStories=false,ignoreFailureInView=true,verboseFailures=false,verboseFiltering=false,storyTimeouts=10000,threads=1,failOnStoryTimeout=false]
Meta[properties={narrative=Narrative[inOrderTo=,asA=,iWantTo=,soThat=], description=, path=stories/notas_fiscais/nota_remessa_manifesto_rj_ba.story}] excluded by filter 'groovy: (issue == 'rgs-35' || issue == 'rgs-36' || issue == 'rgs-37' || issue == 'rgs-38' || issue == 'rgs-39' || issue == 'rgs-40')'
Meta[properties={examplesTable=, base=RELOH, context=NOTAS_FISCAIS, grupoInstancias=AdmCD, nf-13=, narrative=Narrative[inOrderTo=,asA=,iWantTo=,soThat=], title=Emite Nota Fiscal Avulsa Tipo 201 - REMESSA MANIFESTO RJ-BA - COM ICMS-S/ EST, issue=nf-13, description=, givenStories=, tag=component:Processos - RELOH, path=stories/notas_fiscais/nota_remessa_manifesto_rj_ba.story}] excluded by filter 'groovy: (issue == 'rgs-35' || issue == 'rgs-36' || issue == 'rgs-37' || issue == 'rgs-38' || issue == 'rgs-39' || issue == 'rgs-40')'

(BeforeStories)

Meta[properties={narrative=Narrative[inOrderTo=,asA=,iWantTo=,soThat=], description=, path=stories/notas_fiscais/nota_remessa_manifesto_rj_ba.story}] excluded by filter 'groovy: (issue == 'rgs-35' || issue == 'rgs-36' || issue == 'rgs-37' || issue == 'rgs-38' || issue == 'rgs-39' || issue == 'rgs-40')'
Meta[properties={examplesTable=, base=RELOH, context=NOTAS_FISCAIS, grupoInstancias=AdmCD, nf-13=, narrative=Narrative[inOrderTo=,asA=,iWantTo=,soThat=], title=Emite Nota Fiscal Avulsa Tipo 201 - REMESSA MANIFESTO RJ-BA - COM ICMS-S/ EST, issue=nf-13, description=, givenStories=, tag=component:Processos - RELOH, path=stories/notas_fiscais/nota_remessa_manifesto_rj_ba.story}] excluded by filter 'groovy: (issue == 'rgs-35' || issue == 'rgs-36' || issue == 'rgs-37' || issue == 'rgs-38' || issue == 'rgs-39' || issue == 'rgs-40')'
1 stories excluded by filter: groovy: (issue == 'rgs-35' || issue == 'rgs-36' || issue == 'rgs-37' || issue == 'rgs-38' || issue == 'rgs-39' || issue == 'rgs-40')


(AfterStories)

Generating reports view to '/home/pedro/Documentos/Automação/testes-automatizados/mv-lojas-bdd/target/jbehave' using formats '[stats, console, html, xml, serenityreporter]' and view properties '{decorateNonHtml=true}'
Reports view generated with 4 stories (of which 0 pending) containing 3 scenarios (of which 0 pending)
Failures in reports view: 3 scenarios failed
Processing system properties {}
Using controls EmbedderControls[batch=false,skip=false,generateViewAfterStories=true,ignoreFailureInStories=false,ignoreFailureInView=true,verboseFailures=false,verboseFiltering=false,storyTimeouts=10000,threads=1,failOnStoryTimeout=false]
Meta[properties={narrative=Narrative[inOrderTo=,asA=,iWantTo=,soThat=], description=, path=stories/notas_fiscais/nota_baixa_estoque_perda_com_bo.story}] excluded by filter 'groovy: (issue == 'rgs-35' || issue == 'rgs-36' || issue == 'rgs-37' || issue == 'rgs-38' || issue == 'rgs-39' || issue == 'rgs-40')'
Meta[properties={examplesTable=, base=RELOH, context=NOTAS_FISCAIS, grupoInstancias=AdmCD, nf-38=, narrative=Narrative[inOrderTo=,asA=,iWantTo=,soThat=], title=Emite Nota Fiscal Avulsa Tipo 220 BAIXA DE ESTOQUE POR PERDA COM BOUF2971, issue=nf-38, description=, givenStories=, tag=component:Processos - RELOH, path=stories/notas_fiscais/nota_baixa_estoque_perda_com_bo.story}] excluded by filter 'groovy: (issue == 'rgs-35' || issue == 'rgs-36' || issue == 'rgs-37' || issue == 'rgs-38' || issue == 'rgs-39' || issue == 'rgs-40')'

(BeforeStories)

Meta[properties={narrative=Narrative[inOrderTo=,asA=,iWantTo=,soThat=], description=, path=stories/notas_fiscais/nota_baixa_estoque_perda_com_bo.story}] excluded by filter 'groovy: (issue == 'rgs-35' || issue == 'rgs-36' || issue == 'rgs-37' || issue == 'rgs-38' || issue == 'rgs-39' || issue == 'rgs-40')'
Meta[properties={examplesTable=, base=RELOH, context=NOTAS_FISCAIS, grupoInstancias=AdmCD, nf-38=, narrative=Narrative[inOrderTo=,asA=,iWantTo=,soThat=], title=Emite Nota Fiscal Avulsa Tipo 220 BAIXA DE ESTOQUE POR PERDA COM BOUF2971, issue=nf-38, description=, givenStories=, tag=component:Processos - RELOH, path=stories/notas_fiscais/nota_baixa_estoque_perda_com_bo.story}] excluded by filter 'groovy: (issue == 'rgs-35' || issue == 'rgs-36' || issue == 'rgs-37' || issue == 'rgs-38' || issue == 'rgs-39' || issue == 'rgs-40')'
1 stories excluded by filter: groovy: (issue == 'rgs-35' || issue == 'rgs-36' || issue == 'rgs-37' || issue == 'rgs-38' || issue == 'rgs-39' || issue == 'rgs-40')


(AfterStories)

Generating reports view to '/home/pedro/Documentos/Automação/testes-automatizados/mv-lojas-bdd/target/jbehave' using formats '[stats, console, html, xml, serenityreporter]' and view properties '{decorateNonHtml=true}'
Reports view generated with 4 stories (of which 0 pending) containing 3 scenarios (of which 0 pending)
Failures in reports view: 3 scenarios failed
Processing system properties {}
Using controls EmbedderControls[batch=false,skip=false,generateViewAfterStories=true,ignoreFailureInStories=false,ignoreFailureInView=true,verboseFailures=false,verboseFiltering=false,storyTimeouts=10000,threads=1,failOnStoryTimeout=false]
Meta[properties={narrative=Narrative[inOrderTo=,asA=,iWantTo=,soThat=], description=, path=stories/cadastros/cadastro_regra_linha_produto.story}] excluded by filter 'groovy: (issue == 'rgs-35' || issue == 'rgs-36' || issue == 'rgs-37' || issue == 'rgs-38' || issue == 'rgs-39' || issue == 'rgs-40')'
Meta[properties={examplesTable=, base=RELOH, context=CADASTROS, grupoInstancias=AdmCD, cad-08=, narrative=Narrative[inOrderTo=,asA=,iWantTo=,soThat=], title=Cadastrar uma regra linha de produto - UC002 - Fluxo Principal, issue=cad-08, description=, skip=, givenStories=, tag=component:Regressao - RELOH, path=stories/cadastros/cadastro_regra_linha_produto.story}] excluded by filter 'groovy: (issue == 'rgs-35' || issue == 'rgs-36' || issue == 'rgs-37' || issue == 'rgs-38' || issue == 'rgs-39' || issue == 'rgs-40')'
Meta[properties={examplesTable=, base=RELOH, context=CADASTROS, grupoInstancias=AdmCD, cad-08=, narrative=Narrative[inOrderTo=,asA=,iWantTo=,soThat=], title=Pesquisar/Editar uma regra linha de produto, issue=cad-08, description=, skip=, givenStories=, tag=component:Regressao - RELOH, path=stories/cadastros/cadastro_regra_linha_produto.story}] excluded by filter 'groovy: (issue == 'rgs-35' || issue == 'rgs-36' || issue == 'rgs-37' || issue == 'rgs-38' || issue == 'rgs-39' || issue == 'rgs-40')'
Meta[properties={examplesTable=, base=RELOH, context=CADASTROS, grupoInstancias=AdmCD, cad-08=, narrative=Narrative[inOrderTo=,asA=,iWantTo=,soThat=], title=Pesquisar/Excluir uma regra linha de produto, issue=cad-08, description=, skip=, givenStories=, tag=component:Regressao - RELOH, path=stories/cadastros/cadastro_regra_linha_produto.story}] excluded by filter 'groovy: (issue == 'rgs-35' || issue == 'rgs-36' || issue == 'rgs-37' || issue == 'rgs-38' || issue == 'rgs-39' || issue == 'rgs-40')'

(BeforeStories)

Meta[properties={narrative=Narrative[inOrderTo=,asA=,iWantTo=,soThat=], description=, path=stories/cadastros/cadastro_regra_linha_produto.story}] excluded by filter 'groovy: (issue == 'rgs-35' || issue == 'rgs-36' || issue == 'rgs-37' || issue == 'rgs-38' || issue == 'rgs-39' || issue == 'rgs-40')'
Meta[properties={examplesTable=, base=RELOH, context=CADASTROS, grupoInstancias=AdmCD, cad-08=, narrative=Narrative[inOrderTo=,asA=,iWantTo=,soThat=], title=Cadastrar uma regra linha de produto - UC002 - Fluxo Principal, issue=cad-08, description=, skip=, givenStories=, tag=component:Regressao - RELOH, path=stories/cadastros/cadastro_regra_linha_produto.story}] excluded by filter 'groovy: (issue == 'rgs-35' || issue == 'rgs-36' || issue == 'rgs-37' || issue == 'rgs-38' || issue == 'rgs-39' || issue == 'rgs-40')'
Meta[properties={examplesTable=, base=RELOH, context=CADASTROS, grupoInstancias=AdmCD, cad-08=, narrative=Narrative[inOrderTo=,asA=,iWantTo=,soThat=], title=Pesquisar/Editar uma regra linha de produto, issue=cad-08, description=, skip=, givenStories=, tag=component:Regressao - RELOH, path=stories/cadastros/cadastro_regra_linha_produto.story}] excluded by filter 'groovy: (issue == 'rgs-35' || issue == 'rgs-36' || issue == 'rgs-37' || issue == 'rgs-38' || issue == 'rgs-39' || issue == 'rgs-40')'
Meta[properties={examplesTable=, base=RELOH, context=CADASTROS, grupoInstancias=AdmCD, cad-08=, narrative=Narrative[inOrderTo=,asA=,iWantTo=,soThat=], title=Pesquisar/Excluir uma regra linha de produto, issue=cad-08, description=, skip=, givenStories=, tag=component:Regressao - RELOH, path=stories/cadastros/cadastro_regra_linha_produto.story}] excluded by filter 'groovy: (issue == 'rgs-35' || issue == 'rgs-36' || issue == 'rgs-37' || issue == 'rgs-38' || issue == 'rgs-39' || issue == 'rgs-40')'
Story name for stories/cadastros/cadastro_regra_linha_produto.story => TestTag{name='Cadastros/Cadastro regra linha produto', type='story'}
Story name for stories/cadastros/cadastro_regra_linha_produto.story => TestTag{name='Cadastros/Cadastro regra linha produto', type='story'}
Story name for stories/cadastros/cadastro_regra_linha_produto.story => TestTag{name='Cadastros/Cadastro regra linha produto', type='story'}
Story name for stories/cadastros/cadastro_regra_linha_produto.story => TestTag{name='Cadastros/Cadastro regra linha produto', type='story'}
Story name for stories/cadastros/cadastro_regra_linha_produto.story => TestTag{name='Cadastros/Cadastro regra linha produto', type='story'}
Story name for stories/cadastros/cadastro_regra_linha_produto.story => TestTag{name='Cadastros/Cadastro regra linha produto', type='story'}
1 stories excluded by filter: groovy: (issue == 'rgs-35' || issue == 'rgs-36' || issue == 'rgs-37' || issue == 'rgs-38' || issue == 'rgs-39' || issue == 'rgs-40')


(AfterStories)

Generating reports view to '/home/pedro/Documentos/Automação/testes-automatizados/mv-lojas-bdd/target/jbehave' using formats '[stats, console, html, xml, serenityreporter]' and view properties '{decorateNonHtml=true}'
Reports view generated with 4 stories (of which 0 pending) containing 3 scenarios (of which 0 pending)
Failures in reports view: 3 scenarios failed
Processing system properties {}
Using controls EmbedderControls[batch=false,skip=false,generateViewAfterStories=true,ignoreFailureInStories=false,ignoreFailureInView=true,verboseFailures=false,verboseFiltering=false,storyTimeouts=10000,threads=1,failOnStoryTimeout=false]
Meta[properties={narrative=Narrative[inOrderTo=,asA=,iWantTo=,soThat=], description=, path=stories/cadastros/cadastro_percentual_estoque_minimo.story}] excluded by filter 'groovy: (issue == 'rgs-35' || issue == 'rgs-36' || issue == 'rgs-37' || issue == 'rgs-38' || issue == 'rgs-39' || issue == 'rgs-40')'
Meta[properties={examplesTable=, base=RELOH, context=CADASTROS, grupoInstancias=AdmCD, narrative=Narrative[inOrderTo=,asA=,iWantTo=,soThat=], cad-02=, title=Cadastrar o estoque mínimo para um CD - UC01 - Fluxo Principal, issue=cad-02, description=, givenStories=, path=stories/cadastros/cadastro_percentual_estoque_minimo.story, tag=component:Regressao - RELOH}] excluded by filter 'groovy: (issue == 'rgs-35' || issue == 'rgs-36' || issue == 'rgs-37' || issue == 'rgs-38' || issue == 'rgs-39' || issue == 'rgs-40')'
Meta[properties={examplesTable=, base=RELOH, context=CADASTROS, grupoInstancias=AdmCD, narrative=Narrative[inOrderTo=,asA=,iWantTo=,soThat=], cad-02=, title=Pesquisar/Editar o estoque mínimo para um CD - UC01 - FA01, issue=cad-02, description=, givenStories=, path=stories/cadastros/cadastro_percentual_estoque_minimo.story, tag=component:Regressao - RELOH}] excluded by filter 'groovy: (issue == 'rgs-35' || issue == 'rgs-36' || issue == 'rgs-37' || issue == 'rgs-38' || issue == 'rgs-39' || issue == 'rgs-40')'
Meta[properties={examplesTable=, base=RELOH, context=CADASTROS, grupoInstancias=AdmCD, narrative=Narrative[inOrderTo=,asA=,iWantTo=,soThat=], cad-02=, title=Pesquisar/Excluir o estoque mínimo para um CD - UC01 - FA03, issue=cad-02, description=, givenStories=, path=stories/cadastros/cadastro_percentual_estoque_minimo.story, tag=component:Regressao - RELOH}] excluded by filter 'groovy: (issue == 'rgs-35' || issue == 'rgs-36' || issue == 'rgs-37' || issue == 'rgs-38' || issue == 'rgs-39' || issue == 'rgs-40')'

(BeforeStories)

Meta[properties={narrative=Narrative[inOrderTo=,asA=,iWantTo=,soThat=], description=, path=stories/cadastros/cadastro_percentual_estoque_minimo.story}] excluded by filter 'groovy: (issue == 'rgs-35' || issue == 'rgs-36' || issue == 'rgs-37' || issue == 'rgs-38' || issue == 'rgs-39' || issue == 'rgs-40')'
Meta[properties={examplesTable=, base=RELOH, context=CADASTROS, grupoInstancias=AdmCD, narrative=Narrative[inOrderTo=,asA=,iWantTo=,soThat=], cad-02=, title=Cadastrar o estoque mínimo para um CD - UC01 - Fluxo Principal, issue=cad-02, description=, givenStories=, path=stories/cadastros/cadastro_percentual_estoque_minimo.story, tag=component:Regressao - RELOH}] excluded by filter 'groovy: (issue == 'rgs-35' || issue == 'rgs-36' || issue == 'rgs-37' || issue == 'rgs-38' || issue == 'rgs-39' || issue == 'rgs-40')'
Meta[properties={examplesTable=, base=RELOH, context=CADASTROS, grupoInstancias=AdmCD, narrative=Narrative[inOrderTo=,asA=,iWantTo=,soThat=], cad-02=, title=Pesquisar/Editar o estoque mínimo para um CD - UC01 - FA01, issue=cad-02, description=, givenStories=, path=stories/cadastros/cadastro_percentual_estoque_minimo.story, tag=component:Regressao - RELOH}] excluded by filter 'groovy: (issue == 'rgs-35' || issue == 'rgs-36' || issue == 'rgs-37' || issue == 'rgs-38' || issue == 'rgs-39' || issue == 'rgs-40')'
Meta[properties={examplesTable=, base=RELOH, context=CADASTROS, grupoInstancias=AdmCD, narrative=Narrative[inOrderTo=,asA=,iWantTo=,soThat=], cad-02=, title=Pesquisar/Excluir o estoque mínimo para um CD - UC01 - FA03, issue=cad-02, description=, givenStories=, path=stories/cadastros/cadastro_percentual_estoque_minimo.story, tag=component:Regressao - RELOH}] excluded by filter 'groovy: (issue == 'rgs-35' || issue == 'rgs-36' || issue == 'rgs-37' || issue == 'rgs-38' || issue == 'rgs-39' || issue == 'rgs-40')'
1 stories excluded by filter: groovy: (issue == 'rgs-35' || issue == 'rgs-36' || issue == 'rgs-37' || issue == 'rgs-38' || issue == 'rgs-39' || issue == 'rgs-40')


(AfterStories)

Generating reports view to '/home/pedro/Documentos/Automação/testes-automatizados/mv-lojas-bdd/target/jbehave' using formats '[stats, console, html, xml, serenityreporter]' and view properties '{decorateNonHtml=true}'
Reports view generated with 4 stories (of which 0 pending) containing 3 scenarios (of which 0 pending)
Failures in reports view: 3 scenarios failed
Processing system properties {}
Using controls EmbedderControls[batch=false,skip=false,generateViewAfterStories=true,ignoreFailureInStories=false,ignoreFailureInView=true,verboseFailures=false,verboseFiltering=false,storyTimeouts=10000,threads=1,failOnStoryTimeout=false]
Meta[properties={narrative=Narrative[inOrderTo=,asA=,iWantTo=,soThat=], description=, path=stories/pedido/calculo_reverso10_mvs.story}] excluded by filter 'groovy: (issue == 'rgs-35' || issue == 'rgs-36' || issue == 'rgs-37' || issue == 'rgs-38' || issue == 'rgs-39' || issue == 'rgs-40')'
Meta[properties={examplesTable=, base=MVSH, context=PROCESSOS_VALIDACAO, grupoInstancias=Pedidos, narrative=Narrative[inOrderTo=,asA=,iWantTo=,soThat=], title=Elaborar um pedido carne com empenho em loja/normal, issue=rgs-85, description=, givenStories=, tag=component:Processos Ambiente Validacao - MVS, path=stories/pedido/calculo_reverso10_mvs.story, rgs-85=}] excluded by filter 'groovy: (issue == 'rgs-35' || issue == 'rgs-36' || issue == 'rgs-37' || issue == 'rgs-38' || issue == 'rgs-39' || issue == 'rgs-40')'
Meta[properties={examplesTable=, base=MVSH, context=PROCESSOS_VALIDACAO, grupoInstancias=Pedidos, narrative=Narrative[inOrderTo=,asA=,iWantTo=,soThat=], title=Cancelar pedido, issue=rgs-85, description=, givenStories=, tag=component:Processos Ambiente Validacao - MVS, path=stories/pedido/calculo_reverso10_mvs.story, rgs-85=}] excluded by filter 'groovy: (issue == 'rgs-35' || issue == 'rgs-36' || issue == 'rgs-37' || issue == 'rgs-38' || issue == 'rgs-39' || issue == 'rgs-40')'

(BeforeStories)

Meta[properties={narrative=Narrative[inOrderTo=,asA=,iWantTo=,soThat=], description=, path=stories/pedido/calculo_reverso10_mvs.story}] excluded by filter 'groovy: (issue == 'rgs-35' || issue == 'rgs-36' || issue == 'rgs-37' || issue == 'rgs-38' || issue == 'rgs-39' || issue == 'rgs-40')'
Meta[properties={examplesTable=, base=MVSH, context=PROCESSOS_VALIDACAO, grupoInstancias=Pedidos, narrative=Narrative[inOrderTo=,asA=,iWantTo=,soThat=], title=Elaborar um pedido carne com empenho em loja/normal, issue=rgs-85, description=, givenStories=, tag=component:Processos Ambiente Validacao - MVS, path=stories/pedido/calculo_reverso10_mvs.story, rgs-85=}] excluded by filter 'groovy: (issue == 'rgs-35' || issue == 'rgs-36' || issue == 'rgs-37' || issue == 'rgs-38' || issue == 'rgs-39' || issue == 'rgs-40')'
Meta[properties={examplesTable=, base=MVSH, context=PROCESSOS_VALIDACAO, grupoInstancias=Pedidos, narrative=Narrative[inOrderTo=,asA=,iWantTo=,soThat=], title=Cancelar pedido, issue=rgs-85, description=, givenStories=, tag=component:Processos Ambiente Validacao - MVS, path=stories/pedido/calculo_reverso10_mvs.story, rgs-85=}] excluded by filter 'groovy: (issue == 'rgs-35' || issue == 'rgs-36' || issue == 'rgs-37' || issue == 'rgs-38' || issue == 'rgs-39' || issue == 'rgs-40')'
1 stories excluded by filter: groovy: (issue == 'rgs-35' || issue == 'rgs-36' || issue == 'rgs-37' || issue == 'rgs-38' || issue == 'rgs-39' || issue == 'rgs-40')


(AfterStories)

Generating reports view to '/home/pedro/Documentos/Automação/testes-automatizados/mv-lojas-bdd/target/jbehave' using formats '[stats, console, html, xml, serenityreporter]' and view properties '{decorateNonHtml=true}'
Reports view generated with 4 stories (of which 0 pending) containing 3 scenarios (of which 0 pending)
Failures in reports view: 3 scenarios failed
Processing system properties {}
Using controls EmbedderControls[batch=false,skip=false,generateViewAfterStories=true,ignoreFailureInStories=false,ignoreFailureInView=true,verboseFailures=false,verboseFiltering=false,storyTimeouts=10000,threads=1,failOnStoryTimeout=false]
Meta[properties={narrative=Narrative[inOrderTo=,asA=,iWantTo=,soThat=], description=, path=stories/notas_fiscais/nota_outras_saidas_rem_comodato.story}] excluded by filter 'groovy: (issue == 'rgs-35' || issue == 'rgs-36' || issue == 'rgs-37' || issue == 'rgs-38' || issue == 'rgs-39' || issue == 'rgs-40')'
Meta[properties={examplesTable=, base=RELOH, context=NOTAS_FISCAIS, grupoInstancias=AdmCD, nf-43=, narrative=Narrative[inOrderTo=,asA=,iWantTo=,soThat=], title=Emite Nota Fiscal Avulsa Tipo 276 OUTRAS SAIDAS REM.DE EQUIP. EM COMODATO, issue=nf-43, description=, givenStories=, tag=component:Processos - RELOH, path=stories/notas_fiscais/nota_outras_saidas_rem_comodato.story}] excluded by filter 'groovy: (issue == 'rgs-35' || issue == 'rgs-36' || issue == 'rgs-37' || issue == 'rgs-38' || issue == 'rgs-39' || issue == 'rgs-40')'

(BeforeStories)

Meta[properties={narrative=Narrative[inOrderTo=,asA=,iWantTo=,soThat=], description=, path=stories/notas_fiscais/nota_outras_saidas_rem_comodato.story}] excluded by filter 'groovy: (issue == 'rgs-35' || issue == 'rgs-36' || issue == 'rgs-37' || issue == 'rgs-38' || issue == 'rgs-39' || issue == 'rgs-40')'
Meta[properties={examplesTable=, base=RELOH, context=NOTAS_FISCAIS, grupoInstancias=AdmCD, nf-43=, narrative=Narrative[inOrderTo=,asA=,iWantTo=,soThat=], title=Emite Nota Fiscal Avulsa Tipo 276 OUTRAS SAIDAS REM.DE EQUIP. EM COMODATO, issue=nf-43, description=, givenStories=, tag=component:Processos - RELOH, path=stories/notas_fiscais/nota_outras_saidas_rem_comodato.story}] excluded by filter 'groovy: (issue == 'rgs-35' || issue == 'rgs-36' || issue == 'rgs-37' || issue == 'rgs-38' || issue == 'rgs-39' || issue == 'rgs-40')'
1 stories excluded by filter: groovy: (issue == 'rgs-35' || issue == 'rgs-36' || issue == 'rgs-37' || issue == 'rgs-38' || issue == 'rgs-39' || issue == 'rgs-40')


(AfterStories)

Generating reports view to '/home/pedro/Documentos/Automação/testes-automatizados/mv-lojas-bdd/target/jbehave' using formats '[stats, console, html, xml, serenityreporter]' and view properties '{decorateNonHtml=true}'
Reports view generated with 4 stories (of which 0 pending) containing 3 scenarios (of which 0 pending)
Failures in reports view: 3 scenarios failed
Processing system properties {}
Using controls EmbedderControls[batch=false,skip=false,generateViewAfterStories=true,ignoreFailureInStories=false,ignoreFailureInView=true,verboseFailures=false,verboseFiltering=false,storyTimeouts=10000,threads=1,failOnStoryTimeout=false]
Meta[properties={narrative=Narrative[inOrderTo=,asA=,iWantTo=,soThat=], description=, path=stories/notas_fiscais/nota_fiscal_complementar_icms.story}] excluded by filter 'groovy: (issue == 'rgs-35' || issue == 'rgs-36' || issue == 'rgs-37' || issue == 'rgs-38' || issue == 'rgs-39' || issue == 'rgs-40')'
Meta[properties={examplesTable=, base=RELOH, context=NOTAS_FISCAIS, grupoInstancias=AdmCD, nf-42=, narrative=Narrative[inOrderTo=,asA=,iWantTo=,soThat=], title=Emite Nota Fiscal Avulsa Tipo 253 NOTA COMPLEMENTAR DE ICMS  UF2300, issue=nf-42, description=, givenStories=, path=stories/notas_fiscais/nota_fiscal_complementar_icms.story, tag=component:Processos - RELOH}] excluded by filter 'groovy: (issue == 'rgs-35' || issue == 'rgs-36' || issue == 'rgs-37' || issue == 'rgs-38' || issue == 'rgs-39' || issue == 'rgs-40')'

(BeforeStories)

Meta[properties={narrative=Narrative[inOrderTo=,asA=,iWantTo=,soThat=], description=, path=stories/notas_fiscais/nota_fiscal_complementar_icms.story}] excluded by filter 'groovy: (issue == 'rgs-35' || issue == 'rgs-36' || issue == 'rgs-37' || issue == 'rgs-38' || issue == 'rgs-39' || issue == 'rgs-40')'
Meta[properties={examplesTable=, base=RELOH, context=NOTAS_FISCAIS, grupoInstancias=AdmCD, nf-42=, narrative=Narrative[inOrderTo=,asA=,iWantTo=,soThat=], title=Emite Nota Fiscal Avulsa Tipo 253 NOTA COMPLEMENTAR DE ICMS  UF2300, issue=nf-42, description=, givenStories=, path=stories/notas_fiscais/nota_fiscal_complementar_icms.story, tag=component:Processos - RELOH}] excluded by filter 'groovy: (issue == 'rgs-35' || issue == 'rgs-36' || issue == 'rgs-37' || issue == 'rgs-38' || issue == 'rgs-39' || issue == 'rgs-40')'
1 stories excluded by filter: groovy: (issue == 'rgs-35' || issue == 'rgs-36' || issue == 'rgs-37' || issue == 'rgs-38' || issue == 'rgs-39' || issue == 'rgs-40')


(AfterStories)

Generating reports view to '/home/pedro/Documentos/Automação/testes-automatizados/mv-lojas-bdd/target/jbehave' using formats '[stats, console, html, xml, serenityreporter]' and view properties '{decorateNonHtml=true}'
Reports view generated with 4 stories (of which 0 pending) containing 3 scenarios (of which 0 pending)
Failures in reports view: 3 scenarios failed
Processing system properties {}
Using controls EmbedderControls[batch=false,skip=false,generateViewAfterStories=true,ignoreFailureInStories=false,ignoreFailureInView=true,verboseFailures=false,verboseFiltering=false,storyTimeouts=10000,threads=1,failOnStoryTimeout=false]

(BeforeStories)


(AfterStories)

Generating reports view to '/home/pedro/Documentos/Automação/testes-automatizados/mv-lojas-bdd/target/jbehave' using formats '[stats, console, html, xml, serenityreporter]' and view properties '{decorateNonHtml=true}'
Reports view generated with 4 stories (of which 0 pending) containing 3 scenarios (of which 0 pending)
Failures in reports view: 3 scenarios failed
Processing system properties {}
Using controls EmbedderControls[batch=false,skip=false,generateViewAfterStories=true,ignoreFailureInStories=false,ignoreFailureInView=true,verboseFailures=false,verboseFiltering=false,storyTimeouts=10000,threads=1,failOnStoryTimeout=false]
Meta[properties={narrative=Narrative[inOrderTo=,asA=,iWantTo=,soThat=], description=, path=stories/pedido/pedido_a_vista.story}] excluded by filter 'groovy: (issue == 'rgs-35' || issue == 'rgs-36' || issue == 'rgs-37' || issue == 'rgs-38' || issue == 'rgs-39' || issue == 'rgs-40')'
Meta[properties={examplesTable=, base=RELOH, context=SMOKE_TESTING, grupoInstancias=Pedidos, smk-06=, narrative=Narrative[inOrderTo=,asA=,iWantTo=,soThat=], title=Elaborar um pedido a vista, issue=smk-06, description=, givenStories=, path=stories/pedido/pedido_a_vista.story, tag=component:Smoke testing - RELOH}] excluded by filter 'groovy: (issue == 'rgs-35' || issue == 'rgs-36' || issue == 'rgs-37' || issue == 'rgs-38' || issue == 'rgs-39' || issue == 'rgs-40')'

(BeforeStories)

Meta[properties={narrative=Narrative[inOrderTo=,asA=,iWantTo=,soThat=], description=, path=stories/pedido/pedido_a_vista.story}] excluded by filter 'groovy: (issue == 'rgs-35' || issue == 'rgs-36' || issue == 'rgs-37' || issue == 'rgs-38' || issue == 'rgs-39' || issue == 'rgs-40')'
Meta[properties={examplesTable=, base=RELOH, context=SMOKE_TESTING, grupoInstancias=Pedidos, smk-06=, narrative=Narrative[inOrderTo=,asA=,iWantTo=,soThat=], title=Elaborar um pedido a vista, issue=smk-06, description=, givenStories=, path=stories/pedido/pedido_a_vista.story, tag=component:Smoke testing - RELOH}] excluded by filter 'groovy: (issue == 'rgs-35' || issue == 'rgs-36' || issue == 'rgs-37' || issue == 'rgs-38' || issue == 'rgs-39' || issue == 'rgs-40')'
1 stories excluded by filter: groovy: (issue == 'rgs-35' || issue == 'rgs-36' || issue == 'rgs-37' || issue == 'rgs-38' || issue == 'rgs-39' || issue == 'rgs-40')


(AfterStories)

Generating reports view to '/home/pedro/Documentos/Automação/testes-automatizados/mv-lojas-bdd/target/jbehave' using formats '[stats, console, html, xml, serenityreporter]' and view properties '{decorateNonHtml=true}'
Reports view generated with 4 stories (of which 0 pending) containing 3 scenarios (of which 0 pending)
Failures in reports view: 3 scenarios failed
Processing system properties {}
Using controls EmbedderControls[batch=false,skip=false,generateViewAfterStories=true,ignoreFailureInStories=false,ignoreFailureInView=true,verboseFailures=false,verboseFiltering=false,storyTimeouts=10000,threads=1,failOnStoryTimeout=false]
Meta[properties={narrative=Narrative[inOrderTo=,asA=,iWantTo=,soThat=], description=, path=stories/pedido/pedido_a_vista_data_retencao.story}] excluded by filter 'groovy: (issue == 'rgs-35' || issue == 'rgs-36' || issue == 'rgs-37' || issue == 'rgs-38' || issue == 'rgs-39' || issue == 'rgs-40')'
Meta[properties={examplesTable=, base=RELOH, context=SMOKE_TESTING, grupoInstancias=Pedidos, narrative=Narrative[inOrderTo=,asA=,iWantTo=,soThat=], smk-05=, title=Elaborar um pedido a vista com data de retenção, issue=smk-05, description=, givenStories=, path=stories/pedido/pedido_a_vista_data_retencao.story, tag=component:Smoke testing - RELOH}] excluded by filter 'groovy: (issue == 'rgs-35' || issue == 'rgs-36' || issue == 'rgs-37' || issue == 'rgs-38' || issue == 'rgs-39' || issue == 'rgs-40')'

(BeforeStories)

Meta[properties={narrative=Narrative[inOrderTo=,asA=,iWantTo=,soThat=], description=, path=stories/pedido/pedido_a_vista_data_retencao.story}] excluded by filter 'groovy: (issue == 'rgs-35' || issue == 'rgs-36' || issue == 'rgs-37' || issue == 'rgs-38' || issue == 'rgs-39' || issue == 'rgs-40')'
Meta[properties={examplesTable=, base=RELOH, context=SMOKE_TESTING, grupoInstancias=Pedidos, narrative=Narrative[inOrderTo=,asA=,iWantTo=,soThat=], smk-05=, title=Elaborar um pedido a vista com data de retenção, issue=smk-05, description=, givenStories=, path=stories/pedido/pedido_a_vista_data_retencao.story, tag=component:Smoke testing - RELOH}] excluded by filter 'groovy: (issue == 'rgs-35' || issue == 'rgs-36' || issue == 'rgs-37' || issue == 'rgs-38' || issue == 'rgs-39' || issue == 'rgs-40')'
1 stories excluded by filter: groovy: (issue == 'rgs-35' || issue == 'rgs-36' || issue == 'rgs-37' || issue == 'rgs-38' || issue == 'rgs-39' || issue == 'rgs-40')


(AfterStories)

Generating reports view to '/home/pedro/Documentos/Automação/testes-automatizados/mv-lojas-bdd/target/jbehave' using formats '[stats, console, html, xml, serenityreporter]' and view properties '{decorateNonHtml=true}'
Reports view generated with 4 stories (of which 0 pending) containing 3 scenarios (of which 0 pending)
Failures in reports view: 3 scenarios failed
Processing system properties {}
Using controls EmbedderControls[batch=false,skip=false,generateViewAfterStories=true,ignoreFailureInStories=false,ignoreFailureInView=true,verboseFailures=false,verboseFiltering=false,storyTimeouts=10000,threads=1,failOnStoryTimeout=false]
Meta[properties={narrative=Narrative[inOrderTo=,asA=,iWantTo=,soThat=], description=, path=stories/pedido/pedido_kit_remove_sem_estoque37.story}] excluded by filter 'groovy: (issue == 'rgs-35' || issue == 'rgs-36' || issue == 'rgs-37' || issue == 'rgs-38' || issue == 'rgs-39' || issue == 'rgs-40')'

(BeforeStories)

Meta[properties={narrative=Narrative[inOrderTo=,asA=,iWantTo=,soThat=], description=, path=stories/pedido/pedido_kit_remove_sem_estoque37.story}] excluded by filter 'groovy: (issue == 'rgs-35' || issue == 'rgs-36' || issue == 'rgs-37' || issue == 'rgs-38' || issue == 'rgs-39' || issue == 'rgs-40')'
Running story stories/pedido/pedido_kit_remove_sem_estoque37.story

(stories/pedido/pedido_kit_remove_sem_estoque37.story)
Story name for stories/pedido/pedido_kit_remove_sem_estoque37.story => TestTag{name='Pedido/Pedido kit remove sem estoque37', type='story'}
Story name for stories/pedido/pedido_kit_remove_sem_estoque37.story => TestTag{name='Pedido/Pedido kit remove sem estoque37', type='story'}
Scenario: Elaborar um pedido com KIT e empenho em DEPOSITO/NORMAL pagamento a vista
Meta:
@base RELOH
@context PEDIDOS
@grupoInstancias Pedidos
@issue rgs-37
@rgs-37 
@tag component:Regressão - RELOH

Meu profile setado!! S2
Using timeout for story pedido_kit_remove_sem_estoque37.story of 10000 secs.
Separator = ;
DECLARE    BEGIN 	 update mv_item_kit set qtde_produto = 1, ind_permite_venda_avulsa = 0, flag_item_principal = 'N', ind_permite_promocao_item = 1, ind_remove_sem_estoque = 'S' where nro_produto = 158489 and nro_kit = 1044; update mv_item_kit set qtde_produto = 1, ind_permite_venda_avulsa = 1, flag_item_principal = 'N', ind_permite_promocao_item = 1, ind_remove_sem_estoque = 'S' where nro_produto = 158487 and nro_kit = 1044;  update mv_estoque_produto set qtde_estoque = 0 where nro_produto = 158487 and nro_loja = 601 and nro_grupo_estoque = 1; update mv_estoque_produto set qtde_estoque = 1000 where nro_produto = 158489 and nro_loja = 601 and nro_grupo_estoque = 1;  update mv_info_estoque set flag_saida_estoque = 1 where nro_produto in (158487, 158489) and nro_loja = 1101;  END; 
Given Eu executo o script de reset pedido_kit_remove_sem_estoque_37.sql
meta: {grupoInstancias=Pedidos, issue=rgs-37, context=PEDIDOS, rgs-37=, tag=component:Regressão - RELOH, base=RELOH}
GrupoInstâncias: Pedidos
Base: RELOH
urlPadrao: http://10.30.232.18:8080/lojas/seguranca?action=login
And Eu acesso a instancia padrao
When Eu faco login na loja 291 com usuario 69930 e senha 1
And Eu pesquiso o cpf 37778670550
And Eu clico no botao 'Elaborar Pedido'
And Eu seleciono o tipo de venda 1 - A VISTA
And Eu clico no botao adicionar produto
And Eu pesquiso e seleciono o produto 158488
And Eu removo o produto 158488
!-- Desmembra o kit e sobra o 158486
And Eu clico no botao Sim do modal
And Eu removo o produto 158486
And Eu clico no botao adicionar produto
!-- And Eu pesquiso o produto 158488
!-- And Eu clico no botao Ok do modal
!-- And Eu clico no botao Selecionar Produto
And Eu pesquiso e seleciono o produto 158488
And Eu removo o produto 158486
!-- Sobra o produto (158488)
And Eu clico no botao adicionar produto
And Eu pesquiso e seleciono o produto 158488
And Eu clico no icone detalhes do produto 158488
And Eu seleciono o local de empenho DEPOSITO
And Eu seleciono a opcao de entrega AGENDADA
And Eu clico no botao Agendada
And Eu seleciono uma data disponivel
And Eu clico no botao Reservar
And Eu clico no botao Ok do modal
And Eu clico na aba Planilha (FAILED)
(net.serenitybdd.core.exceptions.SerenityManagedException: The following error occurred: Element <a id="tab-planilha" href="#aba-planilha"> is not clickable at point (510.5,272) because another element <div class="row "> obscures it
Build info: version: '3.12.0', revision: '7c6e0b3', time: '2018-05-08T14:04:26.12Z'
System info: host: 'WS-SBDEV-851', ip: '127.0.1.1', os.name: 'Linux', os.arch: 'amd64', os.version: '4.8.0-53-generic', java.version: '1.8.0_162'
Driver info: org.openqa.selenium.remote.RemoteWebDriver
Capabilities {acceptInsecureCerts: true, browserName: firefox, browserVersion: 59.0.2, javascriptEnabled: true, moz:accessibilityChecks: false, moz:headless: false, moz:processID: 28868, moz:profile: /tmp/rust_mozprofile.IvWIZv..., moz:useNonSpecCompliantPointerOrigin: false, moz:webdriverClick: true, pageLoadStrategy: normal, platform: LINUX, platformName: LINUX, platformVersion: 4.8.0-53-generic, rotatable: false, timeouts: {implicit: 0, pageLoad: 300000, script: 30000}}
Session ID: 6bec37ab-1f98-44e0-be43-7ffe434bab1f)
And Eu clico no botao Adicionar Forma Pagamento (NOT PERFORMED)
And Eu seleciono o 1 º tipo de pagamento V (NOT PERFORMED)
And Eu seleciono a 1 ª forma de pagamento Dinheiro (NOT PERFORMED)
Then Eu clico no botao Salvar (NOT PERFORMED)
And Eu clico no botao Ok do modal (NOT PERFORMED)
And Eu clico no botao Fechamento Total (NOT PERFORMED)
And Eu valido o status do pedido 30 - Ag. Receb. ou em Analise p/Troca Minha Casa Melhor (NOT PERFORMED)
!-- And Eu salvo o pedido do teste @rgs-37 no relatorio

net.serenitybdd.core.exceptions.SerenityManagedException: The following error occurred: Element <a id="tab-planilha" href="#aba-planilha"> is not clickable at point (510.5,272) because another element <div class="row "> obscures it
Build info: version: '3.12.0', revision: '7c6e0b3', time: '2018-05-08T14:04:26.12Z'
System info: host: 'WS-SBDEV-851', ip: '127.0.1.1', os.name: 'Linux', os.arch: 'amd64', os.version: '4.8.0-53-generic', java.version: '1.8.0_162'
Driver info: org.openqa.selenium.remote.RemoteWebDriver
Capabilities {acceptInsecureCerts: true, browserName: firefox, browserVersion: 59.0.2, javascriptEnabled: true, moz:accessibilityChecks: false, moz:headless: false, moz:processID: 28868, moz:profile: /tmp/rust_mozprofile.IvWIZv..., moz:useNonSpecCompliantPointerOrigin: false, moz:webdriverClick: true, pageLoadStrategy: normal, platform: LINUX, platformName: LINUX, platformVersion: 4.8.0-53-generic, rotatable: false, timeouts: {implicit: 0, pageLoad: 300000, script: 30000}}
Session ID: 6bec37ab-1f98-44e0-be43-7ffe434bab1f
	at net.serenitybdd.core.exceptions.SerenityManagedException.detachedCopyOf(SerenityManagedException.java:21)
	at net.thucydides.core.steps.StepInterceptor.reportMethodError(StepInterceptor.java:349)
	at net.thucydides.core.steps.NormalMethodRunner.invokeMethodAndNotifyFailures(NormalMethodRunner.java:22)
	at net.thucydides.core.steps.StepInterceptor.runNormalMethod(StepInterceptor.java:337)
	at net.thucydides.core.steps.StepInterceptor.testStepResult(StepInterceptor.java:126)
	at net.thucydides.core.steps.StepInterceptor.intercept(StepInterceptor.java:62)
	at br.com.mv.pages.PedidoPage$$EnhancerByCGLIB$$fcb5426c.clicarNaAba(<generated>)
	at br.com.mv.steps.PedidoSteps.euClicoNaAba(PedidoSteps.java:193)
	(reflection-invoke)
	at org.jbehave.core.steps.StepCreator$ParametrisedStep.perform(StepCreator.java:733)
	at org.jbehave.core.embedder.PerformableTree$FineSoFar.run(PerformableTree.java:346)
...


(AfterStories)

Generating reports view to '/home/pedro/Documentos/Automação/testes-automatizados/mv-lojas-bdd/target/jbehave' using formats '[stats, console, html, xml, serenityreporter]' and view properties '{decorateNonHtml=true}'
Reports view generated with 5 stories (of which 0 pending) containing 4 scenarios (of which 0 pending)
Failures in reports view: 4 scenarios failed
]]></system-out>
    <system-err><![CDATA[[main] INFO net.serenitybdd.core.Serenity - Test Suite Started: Atendimento cliente recibo troca pedido ag faturamento
[main] INFO net.serenitybdd.core.Serenity - 
 _____ _____ ____ _____   ____ _____  _    ____ _____ _____ ____  
|_   _| ____/ ___|_   _| / ___|_   _|/ \  |  _ \_   _| ____|  _ \ 
  | | |  _| \___ \ | |   \___ \ | | / _ \ | |_) || | |  _| | | | |
  | | | |___ ___) || |    ___) || |/ ___ \|  _ < | | | |___| |_| |
  |_| |_____|____/ |_|   |____/ |_/_/   \_\_| \_\|_| |_____|____/ 
                                                                  

TEST STARTED: Elaborar um pedido a vista com empenho em loja/normal
-------------------------------------------------------------------(stories/processos/atendimento_cliente_recibo_troca_pedido_ag_faturamento.story;Elaborar um pedido a vista com empenho em loja/normal)
[main] INFO net.serenitybdd.core.Serenity - &amp#27;[33mTEST SKIPPED&amp#27;[0m
[main] INFO net.serenitybdd.core.Serenity - &amp#27;[33mTEST SKIPPED&amp#27;[0m
[main] INFO net.serenitybdd.core.Serenity - &amp#27;[33mTEST SKIPPED&amp#27;[0m
[main] INFO net.serenitybdd.core.Serenity - 
 _____ _____ ____ _____   ____ _____  _    ____ _____ _____ ____  
|_   _| ____/ ___|_   _| / ___|_   _|/ \  |  _ \_   _| ____|  _ \ 
  | | |  _| \___ \ | |   \___ \ | | / _ \ | |_) || | |  _| | | | |
  | | | |___ ___) || |    ___) || |/ ___ \|  _ < | | | |___| |_| |
  |_| |_____|____/ |_|   |____/ |_/_/   \_\_| \_\|_| |_____|____/ 
                                                                  

TEST STARTED: Efetua o recebimento do pedido
-------------------------------------------------------------------(stories/processos/atendimento_cliente_recibo_troca_pedido_ag_faturamento.story;Efetua o recebimento do pedido)
[main] INFO net.serenitybdd.core.Serenity - &amp#27;[33mTEST SKIPPED&amp#27;[0m
[main] INFO net.serenitybdd.core.Serenity - &amp#27;[33mTEST SKIPPED&amp#27;[0m
[main] INFO net.serenitybdd.core.Serenity - &amp#27;[33mTEST SKIPPED&amp#27;[0m
[main] INFO net.serenitybdd.core.Serenity - 
 _____ _____ ____ _____   ____ _____  _    ____ _____ _____ ____  
|_   _| ____/ ___|_   _| / ___|_   _|/ \  |  _ \_   _| ____|  _ \ 
  | | |  _| \___ \ | |   \___ \ | | / _ \ | |_) || | |  _| | | | |
  | | | |___ ___) || |    ___) || |/ ___ \|  _ < | | | |___| |_| |
  |_| |_____|____/ |_|   |____/ |_/_/   \_\_| \_\|_| |_____|____/ 
                                                                  

TEST STARTED: Elaborar um atendimento para o pedido realizado
-------------------------------------------------------------------(stories/processos/atendimento_cliente_recibo_troca_pedido_ag_faturamento.story;Elaborar um atendimento para o pedido realizado)
[main] INFO net.serenitybdd.core.Serenity - &amp#27;[33mTEST SKIPPED&amp#27;[0m
[main] INFO net.serenitybdd.core.Serenity - &amp#27;[33mTEST SKIPPED&amp#27;[0m
[main] INFO net.serenitybdd.core.Serenity - &amp#27;[33mTEST SKIPPED&amp#27;[0m
[main] INFO net.serenitybdd.core.Serenity - 
 _____ _____ ____ _____   ____ _____  _    ____ _____ _____ ____  
|_   _| ____/ ___|_   _| / ___|_   _|/ \  |  _ \_   _| ____|  _ \ 
  | | |  _| \___ \ | |   \___ \ | | / _ \ | |_) || | |  _| | | | |
  | | | |___ ___) || |    ___) || |/ ___ \|  _ < | | | |___| |_| |
  |_| |_____|____/ |_|   |____/ |_/_/   \_\_| \_\|_| |_____|____/ 
                                                                  

TEST STARTED: Elaborar um pedido utilizando o recibo de troca
-------------------------------------------------------------------(stories/processos/atendimento_cliente_recibo_troca_pedido_ag_faturamento.story;Elaborar um pedido utilizando o recibo de troca)
[main] INFO net.serenitybdd.core.Serenity - &amp#27;[33mTEST SKIPPED&amp#27;[0m
[main] INFO net.serenitybdd.core.Serenity - &amp#27;[33mTEST SKIPPED&amp#27;[0m
[main] INFO net.serenitybdd.core.Serenity - &amp#27;[33mTEST SKIPPED&amp#27;[0m
[main] INFO net.serenitybdd.core.Serenity - 
 _____ _____ ____ _____   ____ _____  _    ____ _____ _____ ____  
|_   _| ____/ ___|_   _| / ___|_   _|/ \  |  _ \_   _| ____|  _ \ 
  | | |  _| \___ \ | |   \___ \ | | / _ \ | |_) || | |  _| | | | |
  | | | |___ ___) || |    ___) || |/ ___ \|  _ < | | | |___| |_| |
  |_| |_____|____/ |_|   |____/ |_/_/   \_\_| \_\|_| |_____|____/ 
                                                                  

TEST STARTED: Efetua o recebimento do pedido feito com recibo de troca
-------------------------------------------------------------------(stories/processos/atendimento_cliente_recibo_troca_pedido_ag_faturamento.story;Efetua o recebimento do pedido feito com recibo de troca)
[main] INFO net.serenitybdd.core.Serenity - &amp#27;[33mTEST SKIPPED&amp#27;[0m
[main] INFO net.serenitybdd.core.Serenity - &amp#27;[33mTEST SKIPPED&amp#27;[0m
[main] INFO net.serenitybdd.core.Serenity - &amp#27;[33mTEST SKIPPED&amp#27;[0m
[pool-512-thread-1] INFO net.thucydides.core.reports.json.JSONTestOutcomeReporter - Generating JSON report for Elaborar um pedido a vista com empenho em loja/normal to file /home/pedro/Documentos/Automação/testes-automatizados/mv-lojas-bdd/target/site/serenity/e9c5e460a7275b29c3b611ccc2dcc365635e8124342b9c73ad5cd696955ca97b.json (using temp file /home/pedro/Documentos/Automação/testes-automatizados/mv-lojas-bdd/target/site/serenity/e9c5e460a7275b29c3b611ccc2dcc365635e8124342b9c73ad5cd696955ca97b.jsonb43d8f2b-63fe-45b4-93b2-a18d3d46d4cc)
[pool-512-thread-2] INFO net.thucydides.core.reports.json.JSONTestOutcomeReporter - Generating JSON report for Efetua o recebimento do pedido to file /home/pedro/Documentos/Automação/testes-automatizados/mv-lojas-bdd/target/site/serenity/b6b1a4387a901d1e34c3c25540a2f9f71e49a74cae315db959fdde5a2862b436.json (using temp file /home/pedro/Documentos/Automação/testes-automatizados/mv-lojas-bdd/target/site/serenity/b6b1a4387a901d1e34c3c25540a2f9f71e49a74cae315db959fdde5a2862b436.json15dddcac-97cf-45e1-9e36-d35739ce240c)
[pool-512-thread-3] INFO net.thucydides.core.reports.json.JSONTestOutcomeReporter - Generating JSON report for Elaborar um atendimento para o pedido realizado to file /home/pedro/Documentos/Automação/testes-automatizados/mv-lojas-bdd/target/site/serenity/3d7d4a82d10859e1d437bd804afffde602c14517e50bce8e2a6b7dc13158cf0b.json (using temp file /home/pedro/Documentos/Automação/testes-automatizados/mv-lojas-bdd/target/site/serenity/3d7d4a82d10859e1d437bd804afffde602c14517e50bce8e2a6b7dc13158cf0b.json53072014-c1b6-4f8d-b0a2-db7faab0e577)
[pool-512-thread-1] INFO net.thucydides.core.reports.json.JSONTestOutcomeReporter - Generating JSON report for Efetua o recebimento do pedido feito com recibo de troca to file /home/pedro/Documentos/Automação/testes-automatizados/mv-lojas-bdd/target/site/serenity/aa2e43920169f2be3ac7a0946685ba24f61cca190289552df818423d85af3420.json (using temp file /home/pedro/Documentos/Automação/testes-automatizados/mv-lojas-bdd/target/site/serenity/aa2e43920169f2be3ac7a0946685ba24f61cca190289552df818423d85af3420.jsonc96d80ad-9a94-4fdb-9815-c587a4b389b9)
[pool-512-thread-4] INFO net.thucydides.core.reports.json.JSONTestOutcomeReporter - Generating JSON report for Elaborar um pedido utilizando o recibo de troca to file /home/pedro/Documentos/Automação/testes-automatizados/mv-lojas-bdd/target/site/serenity/6fbc2ed85d1634842126ea4cb0dac03f9dddb4584a6a21867c7d3e68b14a202f.json (using temp file /home/pedro/Documentos/Automação/testes-automatizados/mv-lojas-bdd/target/site/serenity/6fbc2ed85d1634842126ea4cb0dac03f9dddb4584a6a21867c7d3e68b14a202f.json5664eef9-8516-4f6d-8ac1-ae8ba12571af)
[main] INFO net.serenitybdd.core.Serenity - Test Suite Started: Cadastro regra linha produto
[main] INFO net.serenitybdd.core.Serenity - 
 _____ _____ ____ _____   ____ _____  _    ____ _____ _____ ____  
|_   _| ____/ ___|_   _| / ___|_   _|/ \  |  _ \_   _| ____|  _ \ 
  | | |  _| \___ \ | |   \___ \ | | / _ \ | |_) || | |  _| | | | |
  | | | |___ ___) || |    ___) || |/ ___ \|  _ < | | | |___| |_| |
  |_| |_____|____/ |_|   |____/ |_/_/   \_\_| \_\|_| |_____|____/ 
                                                                  

TEST STARTED: Cadastrar uma regra linha de produto - UC002 - Fluxo Principal
-------------------------------------------------------------------(stories/cadastros/cadastro_regra_linha_produto.story;Cadastrar uma regra linha de produto - UC002 - Fluxo Principal)
[main] INFO net.serenitybdd.core.Serenity - &amp#27;[33mTEST SKIPPED&amp#27;[0m
[main] INFO net.serenitybdd.core.Serenity - &amp#27;[33mTEST SKIPPED&amp#27;[0m
[main] INFO net.serenitybdd.core.Serenity - &amp#27;[33mTEST SKIPPED&amp#27;[0m
[main] INFO net.serenitybdd.core.Serenity - 
 _____ _____ ____ _____   ____ _____  _    ____ _____ _____ ____  
|_   _| ____/ ___|_   _| / ___|_   _|/ \  |  _ \_   _| ____|  _ \ 
  | | |  _| \___ \ | |   \___ \ | | / _ \ | |_) || | |  _| | | | |
  | | | |___ ___) || |    ___) || |/ ___ \|  _ < | | | |___| |_| |
  |_| |_____|____/ |_|   |____/ |_/_/   \_\_| \_\|_| |_____|____/ 
                                                                  

TEST STARTED: Pesquisar/Editar uma regra linha de produto
-------------------------------------------------------------------(stories/cadastros/cadastro_regra_linha_produto.story;Pesquisar/Editar uma regra linha de produto)
[main] INFO net.serenitybdd.core.Serenity - &amp#27;[33mTEST SKIPPED&amp#27;[0m
[main] INFO net.serenitybdd.core.Serenity - &amp#27;[33mTEST SKIPPED&amp#27;[0m
[main] INFO net.serenitybdd.core.Serenity - &amp#27;[33mTEST SKIPPED&amp#27;[0m
[main] INFO net.serenitybdd.core.Serenity - 
 _____ _____ ____ _____   ____ _____  _    ____ _____ _____ ____  
|_   _| ____/ ___|_   _| / ___|_   _|/ \  |  _ \_   _| ____|  _ \ 
  | | |  _| \___ \ | |   \___ \ | | / _ \ | |_) || | |  _| | | | |
  | | | |___ ___) || |    ___) || |/ ___ \|  _ < | | | |___| |_| |
  |_| |_____|____/ |_|   |____/ |_/_/   \_\_| \_\|_| |_____|____/ 
                                                                  

TEST STARTED: Pesquisar/Excluir uma regra linha de produto
-------------------------------------------------------------------(stories/cadastros/cadastro_regra_linha_produto.story;Pesquisar/Excluir uma regra linha de produto)
[main] INFO net.serenitybdd.core.Serenity - &amp#27;[33mTEST SKIPPED&amp#27;[0m
[main] INFO net.serenitybdd.core.Serenity - &amp#27;[33mTEST SKIPPED&amp#27;[0m
[main] INFO net.serenitybdd.core.Serenity - &amp#27;[33mTEST SKIPPED&amp#27;[0m
[pool-526-thread-2] INFO net.thucydides.core.reports.json.JSONTestOutcomeReporter - Generating JSON report for Pesquisar/Editar uma regra linha de produto to file /home/pedro/Documentos/Automação/testes-automatizados/mv-lojas-bdd/target/site/serenity/bd1a7fc28261957f098a33d62acb6c1951306cfee4a78375ed89d152a9eec503.json (using temp file /home/pedro/Documentos/Automação/testes-automatizados/mv-lojas-bdd/target/site/serenity/bd1a7fc28261957f098a33d62acb6c1951306cfee4a78375ed89d152a9eec503.json159048ba-b1ec-482c-83c2-bfb8abcbce70)
[pool-526-thread-1] INFO net.thucydides.core.reports.json.JSONTestOutcomeReporter - Generating JSON report for Cadastrar uma regra linha de produto - UC002 - Fluxo Principal to file /home/pedro/Documentos/Automação/testes-automatizados/mv-lojas-bdd/target/site/serenity/65365512e29f231e1cb54a12a712f6ed57f29ebfdf8d789b0e3943502b455832.json (using temp file /home/pedro/Documentos/Automação/testes-automatizados/mv-lojas-bdd/target/site/serenity/65365512e29f231e1cb54a12a712f6ed57f29ebfdf8d789b0e3943502b455832.json0132507f-ba8b-40f1-ac18-acf4f0c84099)
[pool-526-thread-3] INFO net.thucydides.core.reports.json.JSONTestOutcomeReporter - Generating JSON report for Pesquisar/Excluir uma regra linha de produto to file /home/pedro/Documentos/Automação/testes-automatizados/mv-lojas-bdd/target/site/serenity/7d5c4a66a08e7ab490ac39858e7d37bede61ee61e03f361a7da66aca820e567c.json (using temp file /home/pedro/Documentos/Automação/testes-automatizados/mv-lojas-bdd/target/site/serenity/7d5c4a66a08e7ab490ac39858e7d37bede61ee61e03f361a7da66aca820e567c.json1b8ca457-fb79-4000-8685-725266167a7f)
[pool-551-thread-1] INFO net.serenitybdd.jbehave.embedders.monitors.ReportingEmbedderMonitor - 1616305564story running with path stories/pedido/pedido_kit_remove_sem_estoque37.story
[pool-551-thread-1] ERROR net.serenitybdd.jbehave.embedders.monitors.ReportingEmbedderMonitor - can not find any story by path stories/pedido/pedido_kit_remove_sem_estoque37.story
[pool-551-thread-1] INFO net.serenitybdd.core.Serenity - Test Suite Started: Pedido kit remove sem estoque37
[pool-551-thread-1] INFO net.serenitybdd.core.Serenity - 
 _____ _____ ____ _____   ____ _____  _    ____ _____ _____ ____  
|_   _| ____/ ___|_   _| / ___|_   _|/ \  |  _ \_   _| ____|  _ \ 
  | | |  _| \___ \ | |   \___ \ | | / _ \ | |_) || | |  _| | | | |
  | | | |___ ___) || |    ___) || |/ ___ \|  _ < | | | |___| |_| |
  |_| |_____|____/ |_|   |____/ |_/_/   \_\_| \_\|_| |_____|____/ 
                                                                  

TEST STARTED: Elaborar um pedido com KIT e empenho em DEPOSITO/NORMAL pagamento a vista
-------------------------------------------------------------------(stories/pedido/pedido_kit_remove_sem_estoque37.story;Elaborar um pedido com KIT e empenho em DEPOSITO/NORMAL pagamento a vista)
ago 24, 2018 2:34:06 PM org.openqa.selenium.remote.DesiredCapabilities firefox
INFORMAÇÕES: Using `new FirefoxOptions()` is preferred to `DesiredCapabilities.firefox()`
ago 24, 2018 2:34:06 PM org.openqa.selenium.remote.DesiredCapabilities firefox
INFORMAÇÕES: Using `new FirefoxOptions()` is preferred to `DesiredCapabilities.firefox()`
1535132046507	geckodriver	INFO	geckodriver 0.20.1
1535132046530	geckodriver	INFO	Listening on 127.0.0.1:32204
1535132046599	mozrunner::runner	INFO	Running command: "/usr/bin/firefox" "-marionette" "-profile" "/tmp/rust_mozprofile.IvWIZv7ayBwe"
1535132047690	addons.manager	DEBUG	Application has been upgraded
1535132047996	addons.manager	DEBUG	Loaded provider scope for resource://gre/modules/addons/XPIProvider.jsm: ["XPIProvider", "XPIInternal"]
1535132048000	addons.manager	DEBUG	Loaded provider scope for resource://gre/modules/LightweightThemeManager.jsm: ["LightweightThemeManager"]
1535132048138	addons.manager	DEBUG	Loaded provider scope for resource://gre/modules/addons/GMPProvider.jsm
1535132048140	addons.manager	DEBUG	Loaded provider scope for resource://gre/modules/addons/PluginProvider.jsm
1535132048140	addons.manager	DEBUG	Starting provider: XPIProvider
1535132048142	addons.xpi	DEBUG	startup
1535132048142	addons.xpi	INFO	SystemAddonInstallLocation directory is missing
1535132048142	addons.xpi	INFO	Removing all system add-on upgrades.
1535132048142	addons.xpi	DEBUG	checkForChanges
1535132048142	addons.xpi	DEBUG	Loaded add-on state: ${}
1535132048144	addons.xpi	INFO	Mapping activity-stream@mozilla.org to /usr/lib/firefox/browser/features/activity-stream@mozilla.org.xpi
1535132048144	addons.xpi	INFO	Mapping aushelper@mozilla.org to /usr/lib/firefox/browser/features/aushelper@mozilla.org.xpi
1535132048144	addons.xpi	INFO	Mapping firefox@getpocket.com to /usr/lib/firefox/browser/features/firefox@getpocket.com.xpi
1535132048144	addons.xpi	INFO	Mapping followonsearch@mozilla.com to /usr/lib/firefox/browser/features/followonsearch@mozilla.com.xpi
1535132048144	addons.xpi	INFO	Mapping formautofill@mozilla.org to /usr/lib/firefox/browser/features/formautofill@mozilla.org.xpi
1535132048144	addons.xpi	INFO	Mapping onboarding@mozilla.org to /usr/lib/firefox/browser/features/onboarding@mozilla.org.xpi
1535132048144	addons.xpi	INFO	Mapping screenshots@mozilla.org to /usr/lib/firefox/browser/features/screenshots@mozilla.org.xpi
1535132048144	addons.xpi	INFO	Mapping shield-recipe-client@mozilla.org to /usr/lib/firefox/browser/features/shield-recipe-client@mozilla.org.xpi
1535132048144	addons.xpi	INFO	Mapping webcompat@mozilla.org to /usr/lib/firefox/browser/features/webcompat@mozilla.org.xpi
1535132048144	addons.xpi	DEBUG	New add-on activity-stream@mozilla.org in app-system-defaults
1535132048146	addons.xpi	DEBUG	New add-on aushelper@mozilla.org in app-system-defaults
1535132048146	addons.xpi	DEBUG	New add-on firefox@getpocket.com in app-system-defaults
1535132048148	addons.xpi	DEBUG	New add-on followonsearch@mozilla.com in app-system-defaults
1535132048148	addons.xpi	DEBUG	New add-on formautofill@mozilla.org in app-system-defaults
1535132048148	addons.xpi	DEBUG	New add-on onboarding@mozilla.org in app-system-defaults
1535132048148	addons.xpi	DEBUG	New add-on screenshots@mozilla.org in app-system-defaults
1535132048150	addons.xpi	DEBUG	New add-on shield-recipe-client@mozilla.org in app-system-defaults
1535132048150	addons.xpi	DEBUG	New add-on webcompat@mozilla.org in app-system-defaults
1535132048150	addons.xpi	INFO	Mapping langpack-en-ZA@firefox.mozilla.org to /usr/lib/firefox/browser/extensions/langpack-en-ZA@firefox.mozilla.org.xpi
1535132048150	addons.xpi	INFO	Mapping langpack-en-GB@firefox.mozilla.org to /usr/lib/firefox/browser/extensions/langpack-en-GB@firefox.mozilla.org.xpi
1535132048150	addons.xpi	INFO	Mapping {972ce4c6-7e08-4474-a285-3208198ce6fd} to /usr/lib/firefox/browser/extensions/{972ce4c6-7e08-4474-a285-3208198ce6fd}.xpi
1535132048150	addons.xpi	DEBUG	New add-on langpack-en-ZA@firefox.mozilla.org in app-global
1535132048150	addons.xpi	DEBUG	New add-on langpack-en-GB@firefox.mozilla.org in app-global
1535132048152	addons.xpi	DEBUG	New add-on {972ce4c6-7e08-4474-a285-3208198ce6fd} in app-global
1535132048152	addons.xpi	DEBUG	getInstallState changed: true, state: {}
1535132048152	addons.xpi	INFO	SystemAddonInstallLocation directory is missing
1535132048158	addons.xpi-utils	DEBUG	Opening XPI database /tmp/rust_mozprofile.IvWIZv7ayBwe/extensions.json
1535132048162	addons.xpi-utils	DEBUG	New add-on activity-stream@mozilla.org installed in app-system-defaults
*** Blocklist::_loadBlocklistFromFile: blocklist is disabled
1535132048230	addons.xpi-utils	DEBUG	New add-on aushelper@mozilla.org installed in app-system-defaults
1535132048236	addons.xpi-utils	DEBUG	New add-on firefox@getpocket.com installed in app-system-defaults
1535132048240	addons.xpi-utils	DEBUG	New add-on followonsearch@mozilla.com installed in app-system-defaults
1535132048244	addons.xpi-utils	DEBUG	New add-on formautofill@mozilla.org installed in app-system-defaults
1535132048356	addons.xpi-utils	DEBUG	New add-on onboarding@mozilla.org installed in app-system-defaults
1535132048358	addons.xpi-utils	DEBUG	New add-on screenshots@mozilla.org installed in app-system-defaults
1535132048364	addons.xpi-utils	DEBUG	New add-on shield-recipe-client@mozilla.org installed in app-system-defaults
1535132048440	addons.xpi-utils	DEBUG	New add-on webcompat@mozilla.org installed in app-system-defaults
1535132048444	addons.xpi-utils	DEBUG	New add-on langpack-en-ZA@firefox.mozilla.org installed in app-global
1535132048566	addons.xpi-utils	DEBUG	New add-on langpack-en-GB@firefox.mozilla.org installed in app-global
1535132048580	addons.xpi-utils	DEBUG	New add-on {972ce4c6-7e08-4474-a285-3208198ce6fd} installed in app-global
1535132048584	addons.manager	DEBUG	Registering startup change 'installed' for activity-stream@mozilla.org
1535132048590	addons.xpi	DEBUG	Loading bootstrap scope from /usr/lib/firefox/browser/features/activity-stream@mozilla.org.xpi
1535132048590	addons.xpi	DEBUG	Calling bootstrap method install on activity-stream@mozilla.org version 2018.02.17.0026-173e2795
1535132048592	addons.xpi-utils	DEBUG	Make addon app-system-defaults:activity-stream@mozilla.org visible
1535132048592	addons.xpi	DEBUG	Updating XPIState for {"id":"activity-stream@mozilla.org","syncGUID":"{b50f79d8-0f8e-42bb-aad8-4b9ca954ec6b}","location":"app-system-defaults","version":"2018.02.17.0026-173e2795","type":"extension","internalName":null,"updateURL":null,"updateKey":null,"optionsURL":null,"optionsType":null,"aboutURL":null,"defaultLocale":{"name":"Activity Stream","description":"A rich visual history feed and a reimagined home page make it easier than ever to find exactly what you're looking for in Firefox.","creator":null,"homepageURL":null},"visible":true,"active":false,"userDisabled":false,"appDisabled":false,"installDate":1522183948000,"updateDate":1522183948000,"applyBackgroundUpdates":1,"bootstrap":true,"path":"/usr/lib/firefox/browser/features/activity-stream@mozilla.org.xpi","skinnable":false,"size":2766941,"sourceURI":null,"releaseNotesURI":null,"softDisabled":false,"foreignInstall":false,"hasBinaryComponents":false,"strictCompatibility":false,"locales":[],"targetApplications":[{"id":"{ec8030f7-c20a-464f-9b0e-13a3a9e97384}","minVersion":"59.0.2","maxVersion":"59.*"}],"targetPlatforms":[],"multiprocessCompatible":true,"seen":true,"dependencies":[],"hasEmbeddedWebExtension":false,"mpcOptedOut":false,"userPermissions":null,"icons":{},"iconURL":null,"icon64URL":null,"blocklistState":0,"blocklistURL":null,"startupData":null}
1535132048594	addons.manager	DEBUG	Registering startup change 'installed' for aushelper@mozilla.org
1535132048596	addons.xpi	DEBUG	Loading bootstrap scope from /usr/lib/firefox/browser/features/aushelper@mozilla.org.xpi
1535132048598	addons.xpi	DEBUG	Calling bootstrap method install on aushelper@mozilla.org version 2.0
1535132048598	addons.xpi-utils	DEBUG	Make addon app-system-defaults:aushelper@mozilla.org visible
1535132048598	addons.xpi	DEBUG	Updating XPIState for {"id":"aushelper@mozilla.org","syncGUID":"{05a01366-5903-43f9-8b00-f1e9d9db264a}","location":"app-system-defaults","version":"2.0","type":"extension","internalName":null,"updateURL":null,"updateKey":null,"optionsURL":null,"optionsType":null,"aboutURL":null,"defaultLocale":{"name":"Application Update Service Helper","description":"Sets value(s) in the update url based on custom checks.","creator":null,"homepageURL":null},"visible":true,"active":false,"userDisabled":false,"appDisabled":false,"installDate":1522183948000,"updateDate":1522183948000,"applyBackgroundUpdates":1,"bootstrap":true,"path":"/usr/lib/firefox/browser/features/aushelper@mozilla.org.xpi","skinnable":false,"size":8488,"sourceURI":null,"releaseNotesURI":null,"softDisabled":false,"foreignInstall":false,"hasBinaryComponents":false,"strictCompatibility":false,"locales":[],"targetApplications":[{"id":"{ec8030f7-c20a-464f-9b0e-13a3a9e97384}","minVersion":"59.0.2","maxVersion":"59.*"}],"targetPlatforms":[],"multiprocessCompatible":true,"seen":true,"dependencies":[],"hasEmbeddedWebExtension":false,"mpcOptedOut":false,"userPermissions":null,"icons":{},"iconURL":null,"icon64URL":null,"blocklistState":0,"blocklistURL":null,"startupData":null}
1535132048598	addons.manager	DEBUG	Registering startup change 'installed' for firefox@getpocket.com
1535132048600	addons.xpi	DEBUG	Loading bootstrap scope from /usr/lib/firefox/browser/features/firefox@getpocket.com.xpi
1535132048604	addons.xpi	DEBUG	Calling bootstrap method install on firefox@getpocket.com version 1.0.5
1535132048604	addons.xpi-utils	DEBUG	Make addon app-system-defaults:firefox@getpocket.com visible
[...]
1535132048642	addons.xpi	DEBUG	Updating XPIState for {"id":"langpack-en-ZA@firefox.mozilla.org","syncGUID":"{142f4de5-5904-4601-bea1-193d09cecdf9}","location":"app-global","version":"59.0.2","type":"webextension-langpack","internalName":null,"updateURL":null,"updateKey":null,"optionsURL":null,"optionsType":null,"optionsBrowserStyle":true,"aboutURL":null,"defaultLocale":{"name":"English (South Africa) Language Pack","description":"Language pack for Firefox for en-ZA","creator":"Translate.org.za (contributors: Translate.org.za, Dwayne Bailey)","developers":null,"translators":null,"contributors":null},"visible":true,"active":true,"userDisabled":false,"appDisabled":false,"installDate":1522184308000,"updateDate":1522184308000,"applyBackgroundUpdates":1,"bootstrap":true,"path":"/usr/lib/firefox/browser/extensions/langpack-en-ZA@firefox.mozilla.org.xpi","skinnable":false,"size":1206572,"sourceURI":null,"releaseNotesURI":null,"softDisabled":false,"foreignInstall":true,"hasBinaryComponents":false,"strictCompatibility":true,"locales":[],"targetApplications":[{"id":"toolkit@mozilla.org","minVersion":"59.0.2","maxVersion":"59.*"}],"targetPlatforms":[],"multiprocessCompatible":true,"seen":true,"dependencies":[],"hasEmbeddedWebExtension":false,"userPermissions":null,"icons":{},"iconURL":null,"icon64URL":null,"blocklistState":0,"blocklistURL":null,"startupData":{"chromeEntries":[["locale","necko","en-ZA","chrome/en-ZA/locale/en-ZA/necko/"],["locale","pdf.js","en-ZA","browser/chrome/en-ZA/locale/pdfviewer/"],["locale","global","en-ZA","chrome/en-ZA/locale/en-ZA/global/"],["locale","onboarding","en-ZA","browser/features/onboarding@mozilla.org/en-ZA/locale/en-ZA/"],["locale","devtools","en-ZA","browser/chrome/en-ZA/locale/en-ZA/devtools/client/"],["locale","pipnss","en-ZA","chrome/en-ZA/locale/en-ZA/pipnss/"],["locale","devtools-shim","en-ZA","browser/chrome/en-ZA/locale/en-ZA/devtools/shim/"],["locale","alerts","en-ZA","chrome/en-ZA/locale/en-ZA/alerts/"],["locale","branding","en-ZA","browser/chrome/en-ZA/locale/branding/"],["locale","autoconfig","en-ZA","chrome/en-ZA/locale/en-ZA/autoconfig/"],["locale","devtools-shared","en-ZA","browser/chrome/en-ZA/locale/en-ZA/devtools/shared/"],["locale","global-platform","en-ZA","chrome/en-ZA/locale/en-ZA/global-platform/unix/"],["locale","browser-region","en-ZA","browser/chrome/en-ZA/locale/browser-region/"],["locale","mozapps","en-ZA","chrome/en-ZA/locale/en-ZA/mozapps/"],["locale","pluginproblem","en-ZA","chrome/en-ZA/locale/en-ZA/pluginproblem/"],["locale","formautofill","en-ZA","browser/features/formautofill@mozilla.org/en-ZA/locale/en-ZA/"],["locale","weave","en-ZA","chrome/en-ZA/locale/en-ZA/services/"],["locale","pocket","en-ZA","browser/features/firefox@getpocket.com/en-ZA/locale/en-ZA/"],["locale","places","en-ZA","chrome/en-ZA/locale/en-ZA/places/"],["locale","passwordmgr","en-ZA","chrome/en-ZA/locale/en-ZA/passwordmgr/"],["locale","pippki","en-ZA","chrome/en-ZA/locale/en-ZA/pippki/"],["locale","browser","en-ZA","browser/chrome/en-ZA/locale/browser/"]]}}
1535132048642	addons.xpi	DEBUG	Updating XPIState for {"id":"langpack-en-GB@firefox.mozilla.org","syncGUID":"{4871c137-11bf-4c49-ad61-b7df6e42287c}","location":"app-global","version":"59.0.2","type":"webextension-langpack","internalName":null,"updateURL":null,"updateKey":null,"optionsURL":null,"optionsType":null,"optionsBrowserStyle":true,"aboutURL":null,"defaultLocale":{"name":"English (GB) Language Pack","description":"Language pack for Firefox for en-GB","creator":"Mark Tyndall (contributors: David Bartlett, Constantine Murenin, Ian Neal)","developers":null,"translators":null,"contributors":null},"visible":true,"active":true,"userDisabled":false,"appDisabled":false,"installDate":1522184308000,"updateDate":1522184308000,"applyBackgroundUpdates":1,"bootstrap":true,"path":"/usr/lib/firefox/browser/extensions/langpack-en-GB@firefox.mozilla.org.xpi","skinnable":false,"size":1229648,"sourceURI":null,"releaseNotesURI":null,"softDisabled":false,"foreignInstall":true,"hasBinaryComponents":false,"strictCompatibility":true,"locales":[],"targetApplications":[{"id":"toolkit@mozilla.org","minVersion":"59.0.2","maxVersion":"59.*"}],"targetPlatforms":[],"multiprocessCompatible":true,"seen":true,"dependencies":[],"hasEmbeddedWebExtension":false,"userPermissions":null,"icons":{},"iconURL":null,"icon64URL":null,"blocklistState":0,"blocklistURL":null,"startupData":{"chromeEntries":[["locale","necko","en-GB","chrome/en-GB/locale/en-GB/necko/"],["locale","pdf.js","en-GB","browser/chrome/en-GB/locale/pdfviewer/"],["locale","global","en-GB","chrome/en-GB/locale/en-GB/global/"],["locale","onboarding","en-GB","browser/features/onboarding@mozilla.org/en-GB/locale/en-GB/"],["locale","devtools","en-GB","browser/chrome/en-GB/locale/en-GB/devtools/client/"],["locale","pipnss","en-GB","chrome/en-GB/locale/en-GB/pipnss/"],["locale","devtools-shim","en-GB","browser/chrome/en-GB/locale/en-GB/devtools/shim/"],["locale","alerts","en-GB","chrome/en-GB/locale/en-GB/alerts/"],["locale","branding","en-GB","browser/chrome/en-GB/locale/branding/"],["locale","autoconfig","en-GB","chrome/en-GB/locale/en-GB/autoconfig/"],["locale","devtools-shared","en-GB","browser/chrome/en-GB/locale/en-GB/devtools/shared/"],["locale","global-platform","en-GB","chrome/en-GB/locale/en-GB/global-platform/unix/"],["locale","browser-region","en-GB","browser/chrome/en-GB/locale/browser-region/"],["locale","mozapps","en-GB","chrome/en-GB/locale/en-GB/mozapps/"],["locale","pluginproblem","en-GB","chrome/en-GB/locale/en-GB/pluginproblem/"],["locale","formautofill","en-GB","browser/features/formautofill@mozilla.org/en-GB/locale/en-GB/"],["locale","weave","en-GB","chrome/en-GB/locale/en-GB/services/"],["locale","pocket","en-GB","browser/features/firefox@getpocket.com/en-GB/locale/en-GB/"],["locale","places","en-GB","chrome/en-GB/locale/en-GB/places/"],["locale","passwordmgr","en-GB","chrome/en-GB/locale/en-GB/passwordmgr/"],["locale","pippki","en-GB","chrome/en-GB/locale/en-GB/pippki/"],["locale","browser","en-GB","browser/chrome/en-GB/locale/browser/"]]}}
1535132048642	addons.xpi	DEBUG	Updating XPIState for {"id":"{972ce4c6-7e08-4474-a285-3208198ce6fd}","syncGUID":"{51637327-5503-4e58-9245-287e71c75862}","location":"app-global","version":"59.0.2","type":"theme","internalName":"classic/1.0","updateURL":null,"updateKey":null,"optionsURL":null,"optionsType":null,"optionsBrowserStyle":null,"aboutURL":null,"defaultLocale":{"name":"Default","description":"The default theme.","creator":"Mozilla","homepageURL":null,"contributors":["Mozilla Contributors"]},"visible":true,"active":true,"userDisabled":false,"appDisabled":false,"installDate":1522183948000,"updateDate":1522183948000,"applyBackgroundUpdates":1,"path":"/usr/lib/firefox/browser/extensions/{972ce4c6-7e08-4474-a285-3208198ce6fd}.xpi","skinnable":true,"size":1907,"sourceURI":null,"releaseNotesURI":null,"softDisabled":false,"foreignInstall":false,"hasBinaryComponents":false,"strictCompatibility":true,"locales":[],"targetApplications":[{"id":"{ec8030f7-c20a-464f-9b0e-13a3a9e97384}","minVersion":"59.0.2","maxVersion":"59.0.2"}],"targetPlatforms":[],"seen":true,"dependencies":[],"hasEmbeddedWebExtension":false,"userPermissions":null,"icons":{},"iconURL":"chrome://browser/content/default-theme-icon.svg","icon64URL":null,"blocklistState":0,"blocklistURL":null,"startupData":null}
1535132048642	addons.xpi	DEBUG	Updating database with changes to installed add-ons
1535132048642	addons.xpi-utils	DEBUG	Updating add-on states
1535132048650	addons.xpi	DEBUG	Registering manifest for /usr/lib/firefox/browser/features/activity-stream@mozilla.org.xpi
1535132048652	addons.xpi	DEBUG	Calling bootstrap method startup on activity-stream@mozilla.org version 2018.02.17.0026-173e2795
1535132048652	addons.xpi	DEBUG	Registering manifest for /usr/lib/firefox/browser/features/aushelper@mozilla.org.xpi
1535132048654	addons.xpi	DEBUG	Calling bootstrap method startup on aushelper@mozilla.org version 2.0
1535132048654	addons.xpi	DEBUG	Registering manifest for /usr/lib/firefox/browser/features/firefox@getpocket.com.xpi
1535132048654	addons.xpi	DEBUG	Calling bootstrap method startup on firefox@getpocket.com version 1.0.5
1535132048666	addons.xpi	DEBUG	Registering manifest for /usr/lib/firefox/browser/features/followonsearch@mozilla.com.xpi
1535132048666	addons.xpi	DEBUG	Calling bootstrap method startup on followonsearch@mozilla.com version 0.9.6
1535132048668	addons.xpi	DEBUG	Registering manifest for /usr/lib/firefox/browser/features/formautofill@mozilla.org.xpi
1535132048668	addons.xpi	DEBUG	Calling bootstrap method startup on formautofill@mozilla.org version 1.0
1535132048670	addons.xpi	DEBUG	Calling bootstrap method startup on langpack-en-GB@firefox.mozilla.org version 59.0.2
1535132048670	addons.xpi	DEBUG	Calling bootstrap method startup on langpack-en-ZA@firefox.mozilla.org version 59.0.2
1535132048672	addons.xpi	DEBUG	Registering manifest for /usr/lib/firefox/browser/features/onboarding@mozilla.org.xpi
1535132048672	addons.xpi	DEBUG	Calling bootstrap method startup on onboarding@mozilla.org version 1.0
1535132048674	addons.xpi	DEBUG	Registering manifest for /usr/lib/firefox/browser/features/screenshots@mozilla.org.xpi
1535132048674	addons.xpi	DEBUG	Calling bootstrap method startup on screenshots@mozilla.org version 25.0.0
1535132048676	addons.xpi	DEBUG	Registering manifest for /usr/lib/firefox/browser/features/shield-recipe-client@mozilla.org.xpi
1535132048676	addons.xpi	DEBUG	Calling bootstrap method startup on shield-recipe-client@mozilla.org version 80
1535132048688	addons.xpi	DEBUG	Registering manifest for /usr/lib/firefox/browser/features/webcompat@mozilla.org.xpi
1535132048688	addons.xpi	DEBUG	Calling bootstrap method startup on webcompat@mozilla.org version 1.1
1535132048692	addons.manager	DEBUG	Registering shutdown blocker for XPIProvider
1535132048692	addons.manager	DEBUG	Provider finished startup: XPIProvider
1535132048692	addons.manager	DEBUG	Starting provider: LightweightThemeManager
1535132048692	addons.manager	DEBUG	Registering shutdown blocker for LightweightThemeManager
1535132048694	addons.manager	DEBUG	Provider finished startup: LightweightThemeManager
1535132048694	addons.manager	DEBUG	Starting provider: GMPProvider
1535132048694	addons.manager	DEBUG	Registering shutdown blocker for GMPProvider
1535132048696	addons.manager	DEBUG	Provider finished startup: GMPProvider
1535132048696	addons.manager	DEBUG	Starting provider: PluginProvider
1535132048696	addons.manager	DEBUG	Registering shutdown blocker for PluginProvider
1535132048696	addons.manager	DEBUG	Provider finished startup: PluginProvider
1535132048696	addons.manager	DEBUG	Completed startup sequence
1535132049620	Marionette	INFO	Enabled via --marionette
1535132050480	addons.manager	DEBUG	Starting provider: PreviousExperimentProvider
1535132050480	addons.manager	DEBUG	Registering shutdown blocker for PreviousExperimentProvider
1535132050480	addons.manager	DEBUG	Provider finished startup: PreviousExperimentProvider
1535132050686	addons.xpi-utils	DEBUG	XPI Database saved, setting schema version preference to 24
1535132052536	addons.xpi	INFO	Mapping activity-stream@mozilla.org to /usr/lib/firefox/browser/features/activity-stream@mozilla.org.xpi
1535132052536	addons.xpi	INFO	Mapping aushelper@mozilla.org to /usr/lib/firefox/browser/features/aushelper@mozilla.org.xpi
1535132052536	addons.xpi	INFO	Mapping firefox@getpocket.com to /usr/lib/firefox/browser/features/firefox@getpocket.com.xpi
1535132052536	addons.xpi	INFO	Mapping followonsearch@mozilla.com to /usr/lib/firefox/browser/features/followonsearch@mozilla.com.xpi
1535132052536	addons.xpi	INFO	Mapping formautofill@mozilla.org to /usr/lib/firefox/browser/features/formautofill@mozilla.org.xpi
1535132052538	addons.xpi	INFO	Mapping onboarding@mozilla.org to /usr/lib/firefox/browser/features/onboarding@mozilla.org.xpi
1535132052538	addons.xpi	INFO	Mapping screenshots@mozilla.org to /usr/lib/firefox/browser/features/screenshots@mozilla.org.xpi
1535132052538	addons.xpi	INFO	Mapping shield-recipe-client@mozilla.org to /usr/lib/firefox/browser/features/shield-recipe-client@mozilla.org.xpi
1535132052538	addons.xpi	INFO	Mapping webcompat@mozilla.org to /usr/lib/firefox/browser/features/webcompat@mozilla.org.xpi
1535132052538	addons.xpi	DEBUG	Existing add-on activity-stream@mozilla.org in app-system-defaults
1535132052538	addons.xpi	DEBUG	Existing add-on aushelper@mozilla.org in app-system-defaults
1535132052538	addons.xpi	DEBUG	Existing add-on firefox@getpocket.com in app-system-defaults
1535132052538	addons.xpi	DEBUG	Existing add-on followonsearch@mozilla.com in app-system-defaults
1535132052540	addons.xpi	DEBUG	Existing add-on formautofill@mozilla.org in app-system-defaults
1535132052540	addons.xpi	DEBUG	Existing add-on onboarding@mozilla.org in app-system-defaults
1535132052540	addons.xpi	DEBUG	Existing add-on screenshots@mozilla.org in app-system-defaults
1535132052540	addons.xpi	DEBUG	Existing add-on shield-recipe-client@mozilla.org in app-system-defaults
1535132052540	addons.xpi	DEBUG	Existing add-on webcompat@mozilla.org in app-system-defaults
1535132052540	addons.xpi	INFO	Mapping langpack-en-ZA@firefox.mozilla.org to /usr/lib/firefox/browser/extensions/langpack-en-ZA@firefox.mozilla.org.xpi
1535132052540	addons.xpi	INFO	Mapping langpack-en-GB@firefox.mozilla.org to /usr/lib/firefox/browser/extensions/langpack-en-GB@firefox.mozilla.org.xpi
1535132052540	addons.xpi	INFO	Mapping {972ce4c6-7e08-4474-a285-3208198ce6fd} to /usr/lib/firefox/browser/extensions/{972ce4c6-7e08-4474-a285-3208198ce6fd}.xpi
1535132052542	addons.xpi	DEBUG	Existing add-on langpack-en-ZA@firefox.mozilla.org in app-global
1535132052542	addons.xpi	DEBUG	Existing add-on langpack-en-GB@firefox.mozilla.org in app-global
1535132052542	addons.xpi	DEBUG	Existing add-on {972ce4c6-7e08-4474-a285-3208198ce6fd} in app-global
1535132052542	addons.xpi	DEBUG	getInstallState changed: false, state: {}
1535132053194	Marionette	INFO	Listening on port 40103
1535132053232	Marionette	WARN	TLS certificate errors will be ignored for this session
ago 24, 2018 2:34:14 PM org.openqa.selenium.remote.ProtocolHandshake createSession
INFORMAÇÕES: Detected dialect: W3C

(firefox:28868): GLib-GObject-WARNING **: /build/glib2.0-prJhLS/glib2.0-2.48.2/./gobject/gsignal.c:3486: signal name 'load_complete' is invalid for instance '0x7fcc4695a470' of type 'MaiAtkType13b'

(firefox:28868): GLib-GObject-WARNING **: /build/glib2.0-prJhLS/glib2.0-2.48.2/./gobject/gsignal.c:3486: signal name 'load_complete' is invalid for instance '0x7fcc4d1f80b0' of type 'MaiAtkType13b'

(firefox:28868): GLib-GObject-WARNING **: /build/glib2.0-prJhLS/glib2.0-2.48.2/./gobject/gsignal.c:3486: signal name 'load_complete' is invalid for instance '0x7fcc4cfd2dd0' of type 'MaiAtkType13b'

(firefox:28868): GLib-GObject-WARNING **: /build/glib2.0-prJhLS/glib2.0-2.48.2/./gobject/gsignal.c:3486: signal name 'load_complete' is invalid for instance '0x7fcc3c0febf0' of type 'MaiAtkType13b'

(firefox:28868): GLib-GObject-WARNING **: /build/glib2.0-prJhLS/glib2.0-2.48.2/./gobject/gsignal.c:3486: signal name 'load_complete' is invalid for instance '0x7fcc46871880' of type 'MaiAtkType13b'

(firefox:28868): GLib-GObject-WARNING **: /build/glib2.0-prJhLS/glib2.0-2.48.2/./gobject/gsignal.c:3486: signal name 'load_complete' is invalid for instance '0x7fcc4664d290' of type 'MaiAtkType13b'

(firefox:28868): GLib-GObject-WARNING **: /build/glib2.0-prJhLS/glib2.0-2.48.2/./gobject/gsignal.c:3486: signal name 'load_complete' is invalid for instance '0x7fcc50c88600' of type 'MaiAtkType13b'
1535132220388	addons.xpi	DEBUG	Calling bootstrap method shutdown on webcompat@mozilla.org version 1.1
1535132220388	addons.xpi	DEBUG	Calling bootstrap method shutdown on shield-recipe-client@mozilla.org version 80
1535132220390	addons.xpi	DEBUG	Calling bootstrap method shutdown on screenshots@mozilla.org version 25.0.0
1535132220396	addons.xpi	DEBUG	Calling bootstrap method shutdown on onboarding@mozilla.org version 1.0
1535132220396	addons.xpi	DEBUG	Calling bootstrap method shutdown on langpack-en-ZA@firefox.mozilla.org version 59.0.2
1535132220400	addons.xpi	DEBUG	Calling bootstrap method shutdown on langpack-en-GB@firefox.mozilla.org version 59.0.2
1535132220402	addons.xpi	DEBUG	Calling bootstrap method shutdown on formautofill@mozilla.org version 1.0
1535132220402	addons.xpi	DEBUG	Calling bootstrap method shutdown on followonsearch@mozilla.com version 0.9.6
1535132220404	addons.xpi	DEBUG	Calling bootstrap method shutdown on firefox@getpocket.com version 1.0.5
1535132220404	addons.xpi	DEBUG	Calling bootstrap method shutdown on aushelper@mozilla.org version 2.0
1535132220404	addons.xpi	DEBUG	Calling bootstrap method shutdown on activity-stream@mozilla.org version 2018.02.17.0026-173e2795
1535132220536	addons.manager	DEBUG	shutdown
1535132220536	addons.manager	DEBUG	Calling shutdown blocker for XPIProvider
1535132220538	addons.xpi	DEBUG	shutdown
1535132220538	addons.xpi-utils	DEBUG	shutdown
1535132220538	addons.manager	DEBUG	Calling shutdown blocker for LightweightThemeManager
1535132220538	addons.manager	DEBUG	Calling shutdown blocker for GMPProvider
1535132220538	addons.manager	DEBUG	Calling shutdown blocker for PluginProvider
1535132220538	addons.manager	DEBUG	Calling shutdown blocker for PreviousExperimentProvider
1535132220544	addons.manager	DEBUG	Async provider shutdown done
[pool-551-thread-1] ERROR net.serenitybdd.core.Serenity - &amp#27;[91m
           __  _____ _____ ____ _____   _____ _    ___ _     _____ ____  
  _       / / |_   _| ____/ ___|_   _| |  ___/ \  |_ _| |   | ____|  _ \ 
 (_)_____| |    | | |  _| \___ \ | |   | |_ / _ \  | || |   |  _| | | | |
  _|_____| |    | | | |___ ___) || |   |  _/ ___ \ | || |___| |___| |_| |
 (_)     | |    |_| |_____|____/ |_|   |_|/_/   \_\___|_____|_____|____/ 
          \_\                                                            

TEST FAILED WITH ERROR: Elaborar um pedido com KIT e empenho em DEPOSITO/NORMAL pagamento a vista
---------------------------------------------------------------------&amp#27;[0m
[pool-551-thread-1] ERROR net.serenitybdd.core.Serenity - &amp#27;[91mTEST FAILED AT STEP Clicar na aba: Planilha&amp#27;[0m
[pool-551-thread-1] ERROR net.serenitybdd.core.Serenity - The following error occurred: Element <a id="tab-planilha" href="#aba-planilha"> is not clickable at point (510.5,272) because another element <div class="row "> obscures it
[pool-552-thread-1] INFO net.thucydides.core.reports.json.JSONTestOutcomeReporter - Generating JSON report for Elaborar um pedido com KIT e empenho em DEPOSITO/NORMAL pagamento a vista to file /home/pedro/Documentos/Automação/testes-automatizados/mv-lojas-bdd/target/site/serenity/86a0aca8b95a18398719442ce7b5a5d88ada6f5b704ece78a4476c28620b1b96.json (using temp file /home/pedro/Documentos/Automação/testes-automatizados/mv-lojas-bdd/target/site/serenity/86a0aca8b95a18398719442ce7b5a5d88ada6f5b704ece78a4476c28620b1b96.json8b226e92-c689-443d-8e21-3cad052c7930)
]]></system-err>
  </testcase>
</testsuite>